<?xml version="1.0" encoding="utf-8"?>
<!DOCTYPE coverage SYSTEM "http://cobertura.sourceforge.net/xml/coverage-04.dtd">
<coverage line-rate="0.686486486486486" branch-rate="0.711111111111111" lines-covered="127" lines-valid="185" branches-covered="32" branches-valid="45" complexity="65" version="0" timestamp="1686753497">
  <sources>
    <source>C:\Users\gbhat\</source>
  </sources>
  <packages>
    <package name="Calculator.API" line-rate="0.43" branch-rate="0.645161290322581" complexity="33">
      <classes>
        <class name="Calculator.API.Controllers.CalculatorController" filename="C:\Users\gbhat\source\repos\Calculator\Calculator.API\Controllers\CalculatorController.cs" line-rate="0.96" branch-rate="0.75" complexity="5">
          <methods>
            <method name="Post" signature="(...)" line-rate="0.941176470588235" branch-rate="0.75" complexity="4">
              <lines>
                <line number="25" hits="38" branch="false" />
                <line number="28" hits="38" branch="true" condition-coverage="100% (2/2)" />
                <line number="29" hits="11" branch="false" />
                <line number="30" hits="11" branch="false" />
                <line number="35" hits="27" branch="false" />
                <line number="36" hits="27" branch="false" />
                <line number="38" hits="27" branch="false" />
                <line number="39" hits="27" branch="true" condition-coverage="50% (1/2)" />
                <line number="40" hits="0" branch="false" />
                <line number="43" hits="27" branch="false" />
                <line number="46" hits="25" branch="false" />
                <line number="49" hits="25" branch="false" />
                <line number="51" hits="2" branch="false" />
                <line number="52" hits="2" branch="false" />
                <line number="53" hits="2" branch="false" />
                <line number="54" hits="2" branch="false" />
                <line number="57" hits="38" branch="false" />
              </lines>
            </method>
            <method name=".ctor" signature="(...)" line-rate="1" branch-rate="1" complexity="1">
              <lines>
                <line number="14" hits="38" branch="false" />
                <line number="15" hits="38" branch="false" />
                <line number="16" hits="38" branch="false" />
                <line number="17" hits="38" branch="false" />
                <line number="18" hits="38" branch="false" />
                <line number="19" hits="38" branch="false" />
                <line number="20" hits="38" branch="false" />
                <line number="21" hits="38" branch="false" />
              </lines>
            </method>
          </methods>
          <lines>
            <line number="14" hits="38" branch="false" />
            <line number="15" hits="38" branch="false" />
            <line number="16" hits="38" branch="false" />
            <line number="17" hits="38" branch="false" />
            <line number="18" hits="38" branch="false" />
            <line number="19" hits="38" branch="false" />
            <line number="20" hits="38" branch="false" />
            <line number="21" hits="38" branch="false" />
            <line number="25" hits="38" branch="false" />
            <line number="28" hits="38" branch="true" condition-coverage="100% (2/2)" />
            <line number="29" hits="11" branch="false" />
            <line number="30" hits="11" branch="false" />
            <line number="35" hits="27" branch="false" />
            <line number="36" hits="27" branch="false" />
            <line number="38" hits="27" branch="false" />
            <line number="39" hits="27" branch="true" condition-coverage="50% (1/2)" />
            <line number="40" hits="0" branch="false" />
            <line number="43" hits="27" branch="false" />
            <line number="46" hits="25" branch="false" />
            <line number="49" hits="25" branch="false" />
            <line number="51" hits="2" branch="false" />
            <line number="52" hits="2" branch="false" />
            <line number="53" hits="2" branch="false" />
            <line number="54" hits="2" branch="false" />
            <line number="57" hits="38" branch="false" />
          </lines>
        </class>
        <class name="Calculator.API.Models.CacheService" filename="C:\Users\gbhat\source\repos\Calculator\Calculator.API\Models\CacheService.cs" line-rate="0" branch-rate="0" complexity="9">
          <methods>
            <method name="Get" signature="(...)" line-rate="0" branch-rate="0" complexity="2">
              <lines>
                <line number="24" hits="0" branch="false" />
                <line number="25" hits="0" branch="true" condition-coverage="0% (0/2)" />
                <line number="26" hits="0" branch="false" />
                <line number="29" hits="0" branch="false" />
                <line number="30" hits="0" branch="false" />
                <line number="31" hits="0" branch="false" />
                <line number="33" hits="0" branch="false" />
                <line number="34" hits="0" branch="false" />
                <line number="35" hits="0" branch="false" />
                <line number="36" hits="0" branch="false" />
                <line number="38" hits="0" branch="false" />
              </lines>
            </method>
            <method name="Set" signature="(...)" line-rate="0" branch-rate="0" complexity="4">
              <lines>
                <line number="41" hits="0" branch="false" />
                <line number="42" hits="0" branch="true" condition-coverage="0% (0/2)" />
                <line number="43" hits="0" branch="false" />
                <line number="44" hits="0" branch="true" condition-coverage="0% (0/2)" />
                <line number="45" hits="0" branch="false" />
                <line number="48" hits="0" branch="false" />
                <line number="49" hits="0" branch="false" />
                <line number="50" hits="0" branch="false" />
                <line number="52" hits="0" branch="false" />
                <line number="53" hits="0" branch="false" />
                <line number="54" hits="0" branch="false" />
                <line number="55" hits="0" branch="false" />
                <line number="58" hits="0" branch="false" />
              </lines>
            </method>
            <method name="Delete" signature="(...)" line-rate="0" branch-rate="0" complexity="2">
              <lines>
                <line number="61" hits="0" branch="false" />
                <line number="62" hits="0" branch="true" condition-coverage="0% (0/2)" />
                <line number="63" hits="0" branch="false" />
                <line number="66" hits="0" branch="false" />
                <line number="67" hits="0" branch="false" />
                <line number="68" hits="0" branch="false" />
                <line number="70" hits="0" branch="false" />
                <line number="71" hits="0" branch="false" />
                <line number="72" hits="0" branch="false" />
                <line number="73" hits="0" branch="false" />
                <line number="76" hits="0" branch="false" />
              </lines>
            </method>
            <method name=".ctor" signature="(...)" line-rate="0" branch-rate="1" complexity="1">
              <lines>
                <line number="14" hits="0" branch="false" />
                <line number="17" hits="0" branch="false" />
                <line number="18" hits="0" branch="false" />
                <line number="19" hits="0" branch="false" />
                <line number="20" hits="0" branch="false" />
              </lines>
            </method>
          </methods>
          <lines>
            <line number="14" hits="0" branch="false" />
            <line number="17" hits="0" branch="false" />
            <line number="18" hits="0" branch="false" />
            <line number="19" hits="0" branch="false" />
            <line number="20" hits="0" branch="false" />
            <line number="24" hits="0" branch="false" />
            <line number="25" hits="0" branch="true" condition-coverage="0% (0/2)" />
            <line number="26" hits="0" branch="false" />
            <line number="29" hits="0" branch="false" />
            <line number="30" hits="0" branch="false" />
            <line number="31" hits="0" branch="false" />
            <line number="33" hits="0" branch="false" />
            <line number="34" hits="0" branch="false" />
            <line number="35" hits="0" branch="false" />
            <line number="36" hits="0" branch="false" />
            <line number="38" hits="0" branch="false" />
            <line number="41" hits="0" branch="false" />
            <line number="42" hits="0" branch="true" condition-coverage="0% (0/2)" />
            <line number="43" hits="0" branch="false" />
            <line number="44" hits="0" branch="true" condition-coverage="0% (0/2)" />
            <line number="45" hits="0" branch="false" />
            <line number="48" hits="0" branch="false" />
            <line number="49" hits="0" branch="false" />
            <line number="50" hits="0" branch="false" />
            <line number="52" hits="0" branch="false" />
            <line number="53" hits="0" branch="false" />
            <line number="54" hits="0" branch="false" />
            <line number="55" hits="0" branch="false" />
            <line number="58" hits="0" branch="false" />
            <line number="61" hits="0" branch="false" />
            <line number="62" hits="0" branch="true" condition-coverage="0% (0/2)" />
            <line number="63" hits="0" branch="false" />
            <line number="66" hits="0" branch="false" />
            <line number="67" hits="0" branch="false" />
            <line number="68" hits="0" branch="false" />
            <line number="70" hits="0" branch="false" />
            <line number="71" hits="0" branch="false" />
            <line number="72" hits="0" branch="false" />
            <line number="73" hits="0" branch="false" />
            <line number="76" hits="0" branch="false" />
          </lines>
        </class>
        <class name="Calculator.API.Models.CalculatorEngine" filename="C:\Users\gbhat\source\repos\Calculator\Calculator.API\Models\CalculatorEngine.cs" line-rate="1" branch-rate="1" complexity="17">
          <methods>
            <method name="get_Add" signature="()" line-rate="1" branch-rate="1" complexity="2">
              <lines>
                <line number="11" hits="18" branch="true" condition-coverage="100% (2/2)" />
              </lines>
            </method>
            <method name="get_Subtract" signature="()" line-rate="1" branch-rate="1" complexity="2">
              <lines>
                <line number="12" hits="14" branch="true" condition-coverage="100% (2/2)" />
              </lines>
            </method>
            <method name="get_Multiply" signature="()" line-rate="1" branch-rate="1" complexity="2">
              <lines>
                <line number="13" hits="14" branch="true" condition-coverage="100% (2/2)" />
              </lines>
            </method>
            <method name="get_Divide" signature="()" line-rate="1" branch-rate="1" complexity="2">
              <lines>
                <line number="14" hits="8" branch="true" condition-coverage="100% (2/2)" />
              </lines>
            </method>
            <method name="Calculate" signature="(...)" line-rate="1" branch-rate="1" complexity="9">
              <lines>
                <line number="17" hits="27" branch="false" />
                <line number="20" hits="27" branch="false" />
                <line number="21" hits="27" branch="false" />
                <line number="22" hits="27" branch="false" />
                <line number="24" hits="27" branch="true" condition-coverage="100% (9/9)" />
                <line number="27" hits="9" branch="false" />
                <line number="28" hits="7" branch="false" />
                <line number="30" hits="7" branch="false" />
                <line number="31" hits="7" branch="false" />
                <line number="33" hits="7" branch="false" />
                <line number="34" hits="7" branch="false" />
                <line number="36" hits="4" branch="false" />
                <line number="37" hits="4" branch="false" />
                <line number="40" hits="25" branch="false" />
                <line number="41" hits="25" branch="false" />
              </lines>
            </method>
          </methods>
          <lines>
            <line number="11" hits="18" branch="true" condition-coverage="100% (2/2)" />
            <line number="12" hits="14" branch="true" condition-coverage="100% (2/2)" />
            <line number="13" hits="14" branch="true" condition-coverage="100% (2/2)" />
            <line number="14" hits="8" branch="true" condition-coverage="100% (2/2)" />
            <line number="17" hits="27" branch="false" />
            <line number="20" hits="27" branch="false" />
            <line number="21" hits="27" branch="false" />
            <line number="22" hits="27" branch="false" />
            <line number="24" hits="27" branch="true" condition-coverage="100% (9/9)" />
            <line number="27" hits="9" branch="false" />
            <line number="28" hits="7" branch="false" />
            <line number="30" hits="7" branch="false" />
            <line number="31" hits="7" branch="false" />
            <line number="33" hits="7" branch="false" />
            <line number="34" hits="7" branch="false" />
            <line number="36" hits="4" branch="false" />
            <line number="37" hits="4" branch="false" />
            <line number="40" hits="25" branch="false" />
            <line number="41" hits="25" branch="false" />
          </lines>
        </class>
        <class name="Program" filename="C:\Users\gbhat\source\repos\Calculator\Calculator.API\Program.cs" line-rate="0" branch-rate="0" complexity="2">
          <methods>
            <method name="&lt;Main&gt;$" signature="(...)" line-rate="0" branch-rate="0" complexity="2">
              <lines>
                <line number="3" hits="0" branch="false" />
                <line number="7" hits="0" branch="false" />
                <line number="9" hits="0" branch="false" />
                <line number="10" hits="0" branch="false" />
                <line number="13" hits="0" branch="false" />
                <line number="14" hits="0" branch="false" />
                <line number="16" hits="0" branch="false" />
                <line number="19" hits="0" branch="true" condition-coverage="0% (0/2)" />
                <line number="20" hits="0" branch="false" />
                <line number="21" hits="0" branch="false" />
                <line number="22" hits="0" branch="false" />
                <line number="23" hits="0" branch="false" />
                <line number="25" hits="0" branch="false" />
                <line number="27" hits="0" branch="false" />
                <line number="29" hits="0" branch="false" />
                <line number="31" hits="0" branch="false" />
              </lines>
            </method>
          </methods>
          <lines>
            <line number="3" hits="0" branch="false" />
            <line number="7" hits="0" branch="false" />
            <line number="9" hits="0" branch="false" />
            <line number="10" hits="0" branch="false" />
            <line number="13" hits="0" branch="false" />
            <line number="14" hits="0" branch="false" />
            <line number="16" hits="0" branch="false" />
            <line number="19" hits="0" branch="true" condition-coverage="0% (0/2)" />
            <line number="20" hits="0" branch="false" />
            <line number="21" hits="0" branch="false" />
            <line number="22" hits="0" branch="false" />
            <line number="23" hits="0" branch="false" />
            <line number="25" hits="0" branch="false" />
            <line number="27" hits="0" branch="false" />
            <line number="29" hits="0" branch="false" />
            <line number="31" hits="0" branch="false" />
          </lines>
        </class>
      </classes>
    </package>
    <package name="Calculator.API.Tests" line-rate="0.985915492957746" branch-rate="1" complexity="12">
      <classes>
        <class name="AutoGeneratedProgram" filename="C:\Users\gbhat\.nuget\packages\microsoft.net.test.sdk\17.1.0\build\netcoreapp2.1\Microsoft.NET.Test.Sdk.Program.cs" line-rate="0" branch-rate="1" complexity="1">
          <methods>
            <method name="Main" signature="(...)" line-rate="0" branch-rate="1" complexity="1">
              <lines>
                <line number="4" hits="0" branch="false" />
              </lines>
            </method>
          </methods>
          <lines>
            <line number="4" hits="0" branch="false" />
          </lines>
        </class>
        <class name="Calculator.API.Tests.CalculatorControllerTests" filename="C:\Users\gbhat\source\repos\Calculator\Calculator.API.Tests\CalculatorControllerTests.cs" line-rate="1" branch-rate="1" complexity="11">
          <methods>
            <method name="Setup" signature="()" line-rate="1" branch-rate="1" complexity="1">
              <lines>
                <line number="19" hits="38" branch="false" />
                <line number="20" hits="38" branch="false" />
                <line number="21" hits="38" branch="false" />
                <line number="22" hits="38" branch="false" />
                <line number="24" hits="38" branch="false" />
                <line number="25" hits="38" branch="false" />
              </lines>
            </method>
            <method name="AddCalculationTests" signature="(...)" line-rate="1" branch-rate="1" complexity="1">
              <lines>
                <line number="36" hits="7" branch="false" />
                <line number="37" hits="7" branch="false" />
                <line number="38" hits="7" branch="false" />
                <line number="40" hits="7" branch="false" />
                <line number="42" hits="7" branch="false" />
                <line number="43" hits="7" branch="false" />
                <line number="44" hits="7" branch="false" />
                <line number="45" hits="7" branch="false" />
              </lines>
            </method>
            <method name="SubtractCalculationTests" signature="(...)" line-rate="1" branch-rate="1" complexity="1">
              <lines>
                <line number="56" hits="7" branch="false" />
                <line number="57" hits="7" branch="false" />
                <line number="59" hits="7" branch="false" />
                <line number="61" hits="7" branch="false" />
                <line number="63" hits="7" branch="false" />
                <line number="64" hits="7" branch="false" />
                <line number="65" hits="7" branch="false" />
                <line number="66" hits="7" branch="false" />
              </lines>
            </method>
            <method name="MultiplyCalculationTests" signature="(...)" line-rate="1" branch-rate="1" complexity="1">
              <lines>
                <line number="77" hits="7" branch="false" />
                <line number="78" hits="7" branch="false" />
                <line number="80" hits="7" branch="false" />
                <line number="82" hits="7" branch="false" />
                <line number="84" hits="7" branch="false" />
                <line number="85" hits="7" branch="false" />
                <line number="86" hits="7" branch="false" />
                <line number="87" hits="7" branch="false" />
              </lines>
            </method>
            <method name="DivideCalculationTests" signature="(...)" line-rate="1" branch-rate="1" complexity="1">
              <lines>
                <line number="97" hits="4" branch="false" />
                <line number="98" hits="4" branch="false" />
                <line number="100" hits="4" branch="false" />
                <line number="102" hits="4" branch="false" />
                <line number="104" hits="4" branch="false" />
                <line number="105" hits="4" branch="false" />
                <line number="106" hits="4" branch="false" />
                <line number="107" hits="4" branch="false" />
              </lines>
            </method>
            <method name="DivideByZeroTests" signature="(...)" line-rate="1" branch-rate="1" complexity="1">
              <lines>
                <line number="114" hits="3" branch="false" />
                <line number="115" hits="3" branch="false" />
                <line number="117" hits="3" branch="false" />
                <line number="118" hits="3" branch="false" />
                <line number="120" hits="3" branch="false" />
                <line number="122" hits="3" branch="false" />
                <line number="123" hits="3" branch="false" />
              </lines>
            </method>
            <method name="WhenOverflowDataTypeTests" signature="(...)" line-rate="1" branch-rate="1" complexity="1">
              <lines>
                <line number="128" hits="2" branch="false" />
                <line number="129" hits="2" branch="false" />
                <line number="131" hits="2" branch="false" />
                <line number="133" hits="2" branch="false" />
                <line number="134" hits="2" branch="false" />
              </lines>
            </method>
            <method name="InvalidRequestTests" signature="(...)" line-rate="1" branch-rate="1" complexity="1">
              <lines>
                <line number="152" hits="8" branch="false" />
                <line number="153" hits="8" branch="false" />
                <line number="154" hits="8" branch="false" />
                <line number="156" hits="8" branch="false" />
                <line number="158" hits="8" branch="false" />
                <line number="159" hits="8" branch="false" />
              </lines>
            </method>
            <method name="SimulateValidation" signature="(...)" line-rate="1" branch-rate="1" complexity="2">
              <lines>
                <line number="162" hits="11" branch="false" />
                <line number="164" hits="11" branch="false" />
                <line number="165" hits="11" branch="false" />
                <line number="166" hits="11" branch="false" />
                <line number="167" hits="65" branch="true" condition-coverage="100% (2/2)" />
                <line number="168" hits="16" branch="false" />
                <line number="169" hits="16" branch="false" />
                <line number="170" hits="16" branch="false" />
                <line number="171" hits="11" branch="false" />
              </lines>
            </method>
            <method name=".cctor" signature="()" line-rate="1" branch-rate="1" complexity="1">
              <lines>
                <line number="136" hits="1" branch="false" />
                <line number="137" hits="1" branch="false" />
                <line number="138" hits="1" branch="false" />
                <line number="139" hits="1" branch="false" />
                <line number="140" hits="1" branch="false" />
              </lines>
            </method>
          </methods>
          <lines>
            <line number="19" hits="38" branch="false" />
            <line number="20" hits="38" branch="false" />
            <line number="21" hits="38" branch="false" />
            <line number="22" hits="38" branch="false" />
            <line number="24" hits="38" branch="false" />
            <line number="25" hits="38" branch="false" />
            <line number="36" hits="7" branch="false" />
            <line number="37" hits="7" branch="false" />
            <line number="38" hits="7" branch="false" />
            <line number="40" hits="7" branch="false" />
            <line number="42" hits="7" branch="false" />
            <line number="43" hits="7" branch="false" />
            <line number="44" hits="7" branch="false" />
            <line number="45" hits="7" branch="false" />
            <line number="56" hits="7" branch="false" />
            <line number="57" hits="7" branch="false" />
            <line number="59" hits="7" branch="false" />
            <line number="61" hits="7" branch="false" />
            <line number="63" hits="7" branch="false" />
            <line number="64" hits="7" branch="false" />
            <line number="65" hits="7" branch="false" />
            <line number="66" hits="7" branch="false" />
            <line number="77" hits="7" branch="false" />
            <line number="78" hits="7" branch="false" />
            <line number="80" hits="7" branch="false" />
            <line number="82" hits="7" branch="false" />
            <line number="84" hits="7" branch="false" />
            <line number="85" hits="7" branch="false" />
            <line number="86" hits="7" branch="false" />
            <line number="87" hits="7" branch="false" />
            <line number="97" hits="4" branch="false" />
            <line number="98" hits="4" branch="false" />
            <line number="100" hits="4" branch="false" />
            <line number="102" hits="4" branch="false" />
            <line number="104" hits="4" branch="false" />
            <line number="105" hits="4" branch="false" />
            <line number="106" hits="4" branch="false" />
            <line number="107" hits="4" branch="false" />
            <line number="114" hits="3" branch="false" />
            <line number="115" hits="3" branch="false" />
            <line number="117" hits="3" branch="false" />
            <line number="118" hits="3" branch="false" />
            <line number="120" hits="3" branch="false" />
            <line number="122" hits="3" branch="false" />
            <line number="123" hits="3" branch="false" />
            <line number="128" hits="2" branch="false" />
            <line number="129" hits="2" branch="false" />
            <line number="131" hits="2" branch="false" />
            <line number="133" hits="2" branch="false" />
            <line number="134" hits="2" branch="false" />
            <line number="136" hits="1" branch="false" />
            <line number="137" hits="1" branch="false" />
            <line number="138" hits="1" branch="false" />
            <line number="139" hits="1" branch="false" />
            <line number="140" hits="1" branch="false" />
            <line number="152" hits="8" branch="false" />
            <line number="153" hits="8" branch="false" />
            <line number="154" hits="8" branch="false" />
            <line number="156" hits="8" branch="false" />
            <line number="158" hits="8" branch="false" />
            <line number="159" hits="8" branch="false" />
            <line number="162" hits="11" branch="false" />
            <line number="164" hits="11" branch="false" />
            <line number="165" hits="11" branch="false" />
            <line number="166" hits="11" branch="false" />
            <line number="167" hits="65" branch="true" condition-coverage="100% (2/2)" />
            <line number="168" hits="16" branch="false" />
            <line number="169" hits="16" branch="false" />
            <line number="170" hits="16" branch="false" />
            <line number="171" hits="11" branch="false" />
          </lines>
        </class>
      </classes>
    </package>
    <package name="Calculator.Models" line-rate="1" branch-rate="0.833333333333333" complexity="20">
      <classes>
        <class name="Calculator.Models.CalculatorRequest" filename="C:\Users\gbhat\source\repos\Calculator\Calculator.Models\CalculatorRequest.cs" line-rate="1" branch-rate="0.833333333333333" complexity="16">
          <methods>
            <method name="get_Num1" signature="()" line-rate="1" branch-rate="1" complexity="1">
              <lines>
                <line number="8" hits="103" branch="false" />
              </lines>
            </method>
            <method name="get_Num2" signature="()" line-rate="1" branch-rate="1" complexity="1">
              <lines>
                <line number="10" hits="106" branch="false" />
              </lines>
            </method>
            <method name="get_Operator" signature="()" line-rate="1" branch-rate="1" complexity="1">
              <lines>
                <line number="12" hits="140" branch="false" />
              </lines>
            </method>
            <method name="get_OperatorList" signature="()" line-rate="1" branch-rate="1" complexity="1">
              <lines>
                <line number="23" hits="4" branch="false" />
              </lines>
            </method>
            <method name="Validate" signature="()" line-rate="1" branch-rate="0.833333333333333" complexity="12">
              <lines>
                <line number="15" hits="4" branch="false" />
                <line number="16" hits="4" branch="true" condition-coverage="88% (7/8)" />
                <line number="17" hits="3" branch="false" />
                <line number="19" hits="4" branch="true" condition-coverage="75% (3/4)" />
                <line number="20" hits="1" branch="false" />
                <line number="21" hits="4" branch="false" />
              </lines>
            </method>
          </methods>
          <lines>
            <line number="8" hits="103" branch="false" />
            <line number="10" hits="106" branch="false" />
            <line number="12" hits="140" branch="false" />
            <line number="15" hits="4" branch="false" />
            <line number="16" hits="4" branch="true" condition-coverage="88% (7/8)" />
            <line number="17" hits="3" branch="false" />
            <line number="19" hits="4" branch="true" condition-coverage="75% (3/4)" />
            <line number="20" hits="1" branch="false" />
            <line number="21" hits="4" branch="false" />
            <line number="23" hits="4" branch="false" />
          </lines>
        </class>
        <class name="Calculator.Models.CalculatorResponse" filename="C:\Users\gbhat\source\repos\Calculator\Calculator.Models\CalculatorRequest.cs" line-rate="1" branch-rate="1" complexity="4">
          <methods>
            <method name="get_Num1" signature="()" line-rate="1" branch-rate="1" complexity="1">
              <lines>
                <line number="30" hits="25" branch="false" />
              </lines>
            </method>
            <method name="get_Num2" signature="()" line-rate="1" branch-rate="1" complexity="1">
              <lines>
                <line number="31" hits="25" branch="false" />
              </lines>
            </method>
            <method name="get_Operator" signature="()" line-rate="1" branch-rate="1" complexity="1">
              <lines>
                <line number="32" hits="25" branch="false" />
              </lines>
            </method>
            <method name="get_Result" signature="()" line-rate="1" branch-rate="1" complexity="1">
              <lines>
                <line number="33" hits="50" branch="false" />
              </lines>
            </method>
          </methods>
          <lines>
            <line number="30" hits="25" branch="false" />
            <line number="31" hits="25" branch="false" />
            <line number="32" hits="25" branch="false" />
            <line number="33" hits="50" branch="false" />
          </lines>
        </class>
      </classes>
    </package>
  </packages>
</coverage>