TpTrace Verbose: 0 : 43348, 1, 2023/06/14, 14:38:16.082, 25796023611136, vstest.console.dll, Version: 17.5.0-release-20221220-01 Current process architecture: X64
TpTrace Verbose: 0 : 43348, 1, 2023/06/14, 14:38:16.084, 25796023629224, vstest.console.dll, Runtime location: C:\Program Files\dotnet\shared\Microsoft.NETCore.App\7.0.5
TpTrace Verbose: 0 : 43348, 1, 2023/06/14, 14:38:16.086, 25796023652599, vstest.console.dll, ArtifactProcessingPostProcessModeProcessorExecutor.Initialize: ArtifactProcessingMode.Collect
TpTrace Verbose: 0 : 43348, 1, 2023/06/14, 14:38:16.086, 25796023653924, vstest.console.dll, TestSessionCorrelationIdProcessorModeProcessorExecutor.Initialize: TestSessionCorrelationId '15364_f6a66a5c-9363-4719-b9c5-31436dd8e1e2'
TpTrace Information: 0 : 43348, 1, 2023/06/14, 14:38:16.093, 25796023725531, vstest.console.dll, FilePatternParser: The given file C:\Users\gbhat\source\repos\Calculator\Calculator.API.Tests\bin\Debug\net6.0\fine-code-coverage\build-output\Calculator.API.Tests.dll is a full path.
TpTrace Verbose: 0 : 43348, 1, 2023/06/14, 14:38:16.098, 25796023769300, vstest.console.dll, TestPluginCache.DiscoverTestExtensions: finding test extensions in assemblies ends with: RuntimeProvider.dll TPluginInfo: Microsoft.VisualStudio.TestPlatform.Common.ExtensionFramework.Utilities.TestRuntimePluginInformation TExtension: Microsoft.VisualStudio.TestPlatform.ObjectModel.Host.ITestRuntimeProvider
TpTrace Verbose: 0 : 43348, 1, 2023/06/14, 14:38:16.098, 25796023772443, vstest.console.dll, TestPluginCache.GetExtensionPaths: Filtered extension paths: 
TpTrace Verbose: 0 : 43348, 1, 2023/06/14, 14:38:16.098, 25796023773076, vstest.console.dll, TestPluginCache.GetExtensionPaths: Added default extension paths: C:\Program Files\dotnet\sdk\7.0.202\Extensions\Microsoft.Diagnostics.NETCore.Client.dll
C:\Program Files\dotnet\sdk\7.0.202\Extensions\Microsoft.TestPlatform.Extensions.BlameDataCollector.dll
C:\Program Files\dotnet\sdk\7.0.202\Extensions\Microsoft.TestPlatform.Extensions.EventLogCollector.dll
C:\Program Files\dotnet\sdk\7.0.202\Extensions\Microsoft.TestPlatform.TestHostRuntimeProvider.dll
C:\Program Files\dotnet\sdk\7.0.202\Extensions\Microsoft.VisualStudio.TestPlatform.Extensions.Html.TestLogger.dll
C:\Program Files\dotnet\sdk\7.0.202\Extensions\Microsoft.VisualStudio.TestPlatform.Extensions.Trx.TestLogger.dll
TpTrace Verbose: 0 : 43348, 1, 2023/06/14, 14:38:16.098, 25796023773250, vstest.console.dll, TestPluginCache.GetExtensionPaths: Added unfilterableExtensionPaths: 
TpTrace Information: 0 : 43348, 1, 2023/06/14, 14:38:16.099, 25796023777822, vstest.console.dll, AssemblyResolver.ctor: Creating AssemblyResolver with searchDirectories C:\Program Files\dotnet\sdk\7.0.202\Extensions,C:\Program Files\dotnet\sdk\7.0.202
TpTrace Verbose: 0 : 43348, 1, 2023/06/14, 14:38:16.099, 25796023786467, vstest.console.dll, TestPluginCache.DiscoverTestExtensions: Discovering the extensions using extension path.
TpTrace Verbose: 0 : 43348, 1, 2023/06/14, 14:38:16.100, 25796023787585, vstest.console.dll, TestPluginCache.GetExtensionPaths: Filtered extension paths: 
TpTrace Verbose: 0 : 43348, 1, 2023/06/14, 14:38:16.100, 25796023787822, vstest.console.dll, TestPluginCache.GetExtensionPaths: Added default extension paths: C:\Program Files\dotnet\sdk\7.0.202\Extensions\Microsoft.Diagnostics.NETCore.Client.dll
C:\Program Files\dotnet\sdk\7.0.202\Extensions\Microsoft.TestPlatform.Extensions.BlameDataCollector.dll
C:\Program Files\dotnet\sdk\7.0.202\Extensions\Microsoft.TestPlatform.Extensions.EventLogCollector.dll
C:\Program Files\dotnet\sdk\7.0.202\Extensions\Microsoft.TestPlatform.TestHostRuntimeProvider.dll
C:\Program Files\dotnet\sdk\7.0.202\Extensions\Microsoft.VisualStudio.TestPlatform.Extensions.Html.TestLogger.dll
C:\Program Files\dotnet\sdk\7.0.202\Extensions\Microsoft.VisualStudio.TestPlatform.Extensions.Trx.TestLogger.dll
TpTrace Verbose: 0 : 43348, 1, 2023/06/14, 14:38:16.100, 25796023787965, vstest.console.dll, TestPluginCache.GetExtensionPaths: Added unfilterableExtensionPaths: 
TpTrace Verbose: 0 : 43348, 1, 2023/06/14, 14:38:16.100, 25796023788514, vstest.console.dll, TestPluginCache.DiscoverTestExtensions: Discovering the extensions using allExtensionPaths: C:\Program Files\dotnet\sdk\7.0.202\Extensions\Microsoft.Diagnostics.NETCore.Client.dll
C:\Program Files\dotnet\sdk\7.0.202\Extensions\Microsoft.TestPlatform.Extensions.BlameDataCollector.dll
C:\Program Files\dotnet\sdk\7.0.202\Extensions\Microsoft.TestPlatform.Extensions.EventLogCollector.dll
C:\Program Files\dotnet\sdk\7.0.202\Extensions\Microsoft.TestPlatform.TestHostRuntimeProvider.dll
C:\Program Files\dotnet\sdk\7.0.202\Extensions\Microsoft.VisualStudio.TestPlatform.Extensions.Html.TestLogger.dll
C:\Program Files\dotnet\sdk\7.0.202\Extensions\Microsoft.VisualStudio.TestPlatform.Extensions.Trx.TestLogger.dll
TpTrace Information: 0 : 43348, 1, 2023/06/14, 14:38:16.100, 25796023789768, vstest.console.dll, AssemblyResolver.AddSearchDirectories: Adding more searchDirectories C:\Program Files\dotnet\sdk\7.0.202\Extensions,C:\Program Files\dotnet\sdk\7.0.202
TpTrace Information: 0 : 43348, 1, 2023/06/14, 14:38:16.100, 25796023790180, vstest.console.dll, AssemblyResolver.AddSearchDirectories: Adding more searchDirectories C:\Program Files\dotnet\sdk\7.0.202\Extensions,C:\Program Files\dotnet\sdk\7.0.202
TpTrace Information: 0 : 43348, 1, 2023/06/14, 14:38:16.100, 25796023790346, vstest.console.dll, AssemblyResolver.AddSearchDirectories: Adding more searchDirectories C:\Program Files\dotnet\sdk\7.0.202\Extensions,C:\Program Files\dotnet\sdk\7.0.202
TpTrace Information: 0 : 43348, 1, 2023/06/14, 14:38:16.100, 25796023790482, vstest.console.dll, AssemblyResolver.AddSearchDirectories: Adding more searchDirectories C:\Program Files\dotnet\sdk\7.0.202\Extensions,C:\Program Files\dotnet\sdk\7.0.202
TpTrace Information: 0 : 43348, 1, 2023/06/14, 14:38:16.100, 25796023790635, vstest.console.dll, AssemblyResolver.AddSearchDirectories: Adding more searchDirectories C:\Program Files\dotnet\sdk\7.0.202\Extensions,C:\Program Files\dotnet\sdk\7.0.202
TpTrace Information: 0 : 43348, 1, 2023/06/14, 14:38:16.100, 25796023790769, vstest.console.dll, AssemblyResolver.AddSearchDirectories: Adding more searchDirectories C:\Program Files\dotnet\sdk\7.0.202\Extensions,C:\Program Files\dotnet\sdk\7.0.202
TpTrace Information: 0 : 43348, 1, 2023/06/14, 14:38:16.100, 25796023793719, vstest.console.dll, AssemblyResolver.OnResolve: Microsoft.Diagnostics.NETCore.Client: Resolving assembly.
TpTrace Information: 0 : 43348, 1, 2023/06/14, 14:38:16.100, 25796023794292, vstest.console.dll, AssemblyResolver.OnResolve: Microsoft.Diagnostics.NETCore.Client: Searching in: 'C:\Program Files\dotnet\sdk\7.0.202\Extensions'.
TpTrace Information: 0 : 43348, 1, 2023/06/14, 14:38:16.105, 25796023839314, vstest.console.dll, AssemblyResolver.OnResolve: Microsoft.Diagnostics.NETCore.Client: Loading assembly 'C:\Program Files\dotnet\sdk\7.0.202\Extensions\Microsoft.Diagnostics.NETCore.Client.dll'.
TpTrace Information: 0 : 43348, 1, 2023/06/14, 14:38:16.105, 25796023843455, vstest.console.dll, AssemblyResolver.OnResolve: Resolved assembly: Microsoft.Diagnostics.NETCore.Client, from path: C:\Program Files\dotnet\sdk\7.0.202\Extensions\Microsoft.Diagnostics.NETCore.Client.dll
TpTrace Verbose: 0 : 43348, 1, 2023/06/14, 14:38:16.106, 25796023851239, vstest.console.dll, MetadataReaderExtensionsHelper: Discovering extensions inside assembly 'Microsoft.Diagnostics.NETCore.Client, Version=0.2.6.42401, Culture=neutral, PublicKeyToken=31bf3856ad364e35' file path 'C:\Program Files\dotnet\sdk\7.0.202\Extensions\Microsoft.Diagnostics.NETCore.Client.dll'
TpTrace Information: 0 : 43348, 1, 2023/06/14, 14:38:16.108, 25796023874478, vstest.console.dll, AssemblyResolver.OnResolve: Microsoft.Bcl.AsyncInterfaces: Resolving assembly.
TpTrace Information: 0 : 43348, 1, 2023/06/14, 14:38:16.108, 25796023875072, vstest.console.dll, AssemblyResolver.OnResolve: Microsoft.Bcl.AsyncInterfaces: Searching in: 'C:\Program Files\dotnet\sdk\7.0.202\Extensions'.
TpTrace Information: 0 : 43348, 1, 2023/06/14, 14:38:16.108, 25796023875655, vstest.console.dll, AssemblyResolver.OnResolve: Microsoft.Bcl.AsyncInterfaces: Assembly path does not exist: 'C:\Program Files\dotnet\sdk\7.0.202\Extensions\Microsoft.Bcl.AsyncInterfaces.dll', returning.
TpTrace Information: 0 : 43348, 1, 2023/06/14, 14:38:16.108, 25796023876449, vstest.console.dll, AssemblyResolver.OnResolve: Microsoft.Bcl.AsyncInterfaces: Assembly path does not exist: 'C:\Program Files\dotnet\sdk\7.0.202\Extensions\Microsoft.Bcl.AsyncInterfaces.exe', returning.
TpTrace Information: 0 : 43348, 1, 2023/06/14, 14:38:16.108, 25796023876634, vstest.console.dll, AssemblyResolver.OnResolve: Microsoft.Bcl.AsyncInterfaces: Searching in: 'C:\Program Files\dotnet\sdk\7.0.202'.
TpTrace Information: 0 : 43348, 1, 2023/06/14, 14:38:16.108, 25796023876980, vstest.console.dll, AssemblyResolver.OnResolve: Microsoft.Bcl.AsyncInterfaces: Assembly path does not exist: 'C:\Program Files\dotnet\sdk\7.0.202\Microsoft.Bcl.AsyncInterfaces.dll', returning.
TpTrace Information: 0 : 43348, 1, 2023/06/14, 14:38:16.108, 25796023877258, vstest.console.dll, AssemblyResolver.OnResolve: Microsoft.Bcl.AsyncInterfaces: Assembly path does not exist: 'C:\Program Files\dotnet\sdk\7.0.202\Microsoft.Bcl.AsyncInterfaces.exe', returning.
TpTrace Information: 0 : 43348, 1, 2023/06/14, 14:38:16.109, 25796023877416, vstest.console.dll, AssemblyResolver.OnResolve: Microsoft.Bcl.AsyncInterfaces: Failed to load assembly.
TpTrace Verbose: 0 : 43348, 1, 2023/06/14, 14:38:16.109, 25796023877686, vstest.console.dll, CurrentDomainAssemblyResolve: Resolving assembly 'Microsoft.Bcl.AsyncInterfaces'.
TpTrace Information: 0 : 43348, 1, 2023/06/14, 14:38:16.109, 25796023878101, vstest.console.dll, AssemblyResolver.OnResolve: Microsoft.Bcl.AsyncInterfaces: Resolving assembly.
TpTrace Information: 0 : 43348, 1, 2023/06/14, 14:38:16.109, 25796023878363, vstest.console.dll, AssemblyResolver.OnResolve: Microsoft.Bcl.AsyncInterfaces: Resolved from cache.
TpTrace Verbose: 0 : 43348, 1, 2023/06/14, 14:38:16.109, 25796023878562, vstest.console.dll, CurrentDomainAssemblyResolve: Resolving assembly 'Microsoft.Bcl.AsyncInterfaces'.
TpTrace Verbose: 0 : 43348, 1, 2023/06/14, 14:38:16.109, 25796023878801, vstest.console.dll, CurrentDomainAssemblyResolve: Failed to resolve assembly 'Microsoft.Bcl.AsyncInterfaces'.
TpTrace Verbose: 0 : 43348, 1, 2023/06/14, 14:38:16.109, 25796023884535, vstest.console.dll, CurrentDomainAssemblyResolve: Failed to resolve assembly 'Microsoft.Bcl.AsyncInterfaces'.
TpTrace Warning: 0 : 43348, 1, 2023/06/14, 14:38:16.115, 25796023942187, vstest.console.dll, TestPluginDiscoverer: Failed to get types from assembly 'Microsoft.Diagnostics.NETCore.Client, Version=0.2.6.42401, Culture=neutral, PublicKeyToken=31bf3856ad364e35'. Error: System.Reflection.ReflectionTypeLoadException: Unable to load one or more of the requested types.
Could not load file or assembly 'Microsoft.Bcl.AsyncInterfaces, Version=1.0.0.0, Culture=neutral, PublicKeyToken=cc7b13ffcd2ddd51'. The system cannot find the file specified.
   at System.Reflection.RuntimeModule.GetTypes(RuntimeModule module)
   at System.Reflection.Assembly.GetTypes()
   at Microsoft.VisualStudio.TestPlatform.Common.ExtensionFramework.TestPluginDiscoverer.GetTestExtensionsFromAssembly[TPluginInfo,TExtension](Assembly assembly, Dictionary`2 pluginInfos, String filePath)
System.IO.FileNotFoundException: Could not load file or assembly 'Microsoft.Bcl.AsyncInterfaces, Version=1.0.0.0, Culture=neutral, PublicKeyToken=cc7b13ffcd2ddd51'. The system cannot find the file specified.
File name: 'Microsoft.Bcl.AsyncInterfaces, Version=1.0.0.0, Culture=neutral, PublicKeyToken=cc7b13ffcd2ddd51'
 ---> System.IO.FileNotFoundException: Could not load file or assembly 'Microsoft.Bcl.AsyncInterfaces, Culture=neutral, PublicKeyToken=null'. The system cannot find the file specified.
File name: 'Microsoft.Bcl.AsyncInterfaces, Culture=neutral, PublicKeyToken=null'
   at System.Reflection.RuntimeAssembly.InternalLoad(AssemblyName assemblyName, StackCrawlMark& stackMark, AssemblyLoadContext assemblyLoadContext, RuntimeAssembly requestingAssembly, Boolean throwOnFileNotFound)
   at System.Reflection.Assembly.Load(AssemblyName assemblyRef)
   at Microsoft.VisualStudio.TestPlatform.Common.ExtensionFramework.TestPluginCache.CurrentDomainAssemblyResolve(Object sender, AssemblyResolveEventArgs args)
   at System.Runtime.Loader.AssemblyLoadContext.GetFirstResolvedAssemblyFromResolvingEvent(AssemblyName assemblyName)
   at System.Runtime.Loader.AssemblyLoadContext.ResolveUsingEvent(AssemblyName assemblyName)
   at System.Runtime.Loader.AssemblyLoadContext.ResolveUsingResolvingEvent(IntPtr gchManagedAssemblyLoadContext, AssemblyName assemblyName)
TpTrace Warning: 0 : 43348, 1, 2023/06/14, 14:38:16.115, 25796023945281, vstest.console.dll, LoaderExceptions: System.IO.FileNotFoundException: Could not load file or assembly 'Microsoft.Bcl.AsyncInterfaces, Version=1.0.0.0, Culture=neutral, PublicKeyToken=cc7b13ffcd2ddd51'. The system cannot find the file specified.
File name: 'Microsoft.Bcl.AsyncInterfaces, Version=1.0.0.0, Culture=neutral, PublicKeyToken=cc7b13ffcd2ddd51'
 ---> System.IO.FileNotFoundException: Could not load file or assembly 'Microsoft.Bcl.AsyncInterfaces, Culture=neutral, PublicKeyToken=null'. The system cannot find the file specified.
File name: 'Microsoft.Bcl.AsyncInterfaces, Culture=neutral, PublicKeyToken=null'
   at System.Reflection.RuntimeAssembly.InternalLoad(AssemblyName assemblyName, StackCrawlMark& stackMark, AssemblyLoadContext assemblyLoadContext, RuntimeAssembly requestingAssembly, Boolean throwOnFileNotFound)
   at System.Reflection.Assembly.Load(AssemblyName assemblyRef)
   at Microsoft.VisualStudio.TestPlatform.Common.ExtensionFramework.TestPluginCache.CurrentDomainAssemblyResolve(Object sender, AssemblyResolveEventArgs args)
   at System.Runtime.Loader.AssemblyLoadContext.GetFirstResolvedAssemblyFromResolvingEvent(AssemblyName assemblyName)
   at System.Runtime.Loader.AssemblyLoadContext.ResolveUsingEvent(AssemblyName assemblyName)
   at System.Runtime.Loader.AssemblyLoadContext.ResolveUsingResolvingEvent(IntPtr gchManagedAssemblyLoadContext, AssemblyName assemblyName)
TpTrace Information: 0 : 43348, 1, 2023/06/14, 14:38:16.115, 25796023946688, vstest.console.dll, AssemblyResolver.OnResolve: Microsoft.TestPlatform.Extensions.BlameDataCollector: Resolving assembly.
TpTrace Information: 0 : 43348, 1, 2023/06/14, 14:38:16.115, 25796023946977, vstest.console.dll, AssemblyResolver.OnResolve: Microsoft.TestPlatform.Extensions.BlameDataCollector: Searching in: 'C:\Program Files\dotnet\sdk\7.0.202\Extensions'.
TpTrace Information: 0 : 43348, 1, 2023/06/14, 14:38:16.116, 25796023949363, vstest.console.dll, AssemblyResolver.OnResolve: Microsoft.TestPlatform.Extensions.BlameDataCollector: Loading assembly 'C:\Program Files\dotnet\sdk\7.0.202\Extensions\Microsoft.TestPlatform.Extensions.BlameDataCollector.dll'.
TpTrace Information: 0 : 43348, 1, 2023/06/14, 14:38:16.116, 25796023952191, vstest.console.dll, AssemblyResolver.OnResolve: Resolved assembly: Microsoft.TestPlatform.Extensions.BlameDataCollector, from path: C:\Program Files\dotnet\sdk\7.0.202\Extensions\Microsoft.TestPlatform.Extensions.BlameDataCollector.dll
TpTrace Verbose: 0 : 43348, 1, 2023/06/14, 14:38:16.116, 25796023952760, vstest.console.dll, MetadataReaderExtensionsHelper: Discovering extensions inside assembly 'Microsoft.TestPlatform.Extensions.BlameDataCollector, Version=15.0.0.0, Culture=neutral, PublicKeyToken=b03f5f7f11d50a3a' file path 'C:\Program Files\dotnet\sdk\7.0.202\Extensions\Microsoft.TestPlatform.Extensions.BlameDataCollector.dll'
TpTrace Information: 0 : 43348, 1, 2023/06/14, 14:38:16.117, 25796023962172, vstest.console.dll, AssemblyResolver.OnResolve: Microsoft.TestPlatform.Extensions.EventLogCollector: Resolving assembly.
TpTrace Information: 0 : 43348, 1, 2023/06/14, 14:38:16.117, 25796023962656, vstest.console.dll, AssemblyResolver.OnResolve: Microsoft.TestPlatform.Extensions.EventLogCollector: Searching in: 'C:\Program Files\dotnet\sdk\7.0.202\Extensions'.
TpTrace Information: 0 : 43348, 1, 2023/06/14, 14:38:16.117, 25796023964109, vstest.console.dll, AssemblyResolver.OnResolve: Microsoft.TestPlatform.Extensions.EventLogCollector: Loading assembly 'C:\Program Files\dotnet\sdk\7.0.202\Extensions\Microsoft.TestPlatform.Extensions.EventLogCollector.dll'.
TpTrace Information: 0 : 43348, 1, 2023/06/14, 14:38:16.117, 25796023966632, vstest.console.dll, AssemblyResolver.OnResolve: Resolved assembly: Microsoft.TestPlatform.Extensions.EventLogCollector, from path: C:\Program Files\dotnet\sdk\7.0.202\Extensions\Microsoft.TestPlatform.Extensions.EventLogCollector.dll
TpTrace Verbose: 0 : 43348, 1, 2023/06/14, 14:38:16.117, 25796023967065, vstest.console.dll, MetadataReaderExtensionsHelper: Discovering extensions inside assembly 'Microsoft.TestPlatform.Extensions.EventLogCollector, Version=15.0.0.0, Culture=neutral, PublicKeyToken=b03f5f7f11d50a3a' file path 'C:\Program Files\dotnet\sdk\7.0.202\Extensions\Microsoft.TestPlatform.Extensions.EventLogCollector.dll'
TpTrace Information: 0 : 43348, 1, 2023/06/14, 14:38:16.119, 25796023977678, vstest.console.dll, AssemblyResolver.OnResolve: Microsoft.TestPlatform.TestHostRuntimeProvider: Resolving assembly.
TpTrace Information: 0 : 43348, 1, 2023/06/14, 14:38:16.119, 25796023978101, vstest.console.dll, AssemblyResolver.OnResolve: Microsoft.TestPlatform.TestHostRuntimeProvider: Searching in: 'C:\Program Files\dotnet\sdk\7.0.202\Extensions'.
TpTrace Information: 0 : 43348, 1, 2023/06/14, 14:38:16.119, 25796023979322, vstest.console.dll, AssemblyResolver.OnResolve: Microsoft.TestPlatform.TestHostRuntimeProvider: Loading assembly 'C:\Program Files\dotnet\sdk\7.0.202\Extensions\Microsoft.TestPlatform.TestHostRuntimeProvider.dll'.
TpTrace Information: 0 : 43348, 1, 2023/06/14, 14:38:16.119, 25796023981237, vstest.console.dll, AssemblyResolver.OnResolve: Resolved assembly: Microsoft.TestPlatform.TestHostRuntimeProvider, from path: C:\Program Files\dotnet\sdk\7.0.202\Extensions\Microsoft.TestPlatform.TestHostRuntimeProvider.dll
TpTrace Verbose: 0 : 43348, 1, 2023/06/14, 14:38:16.119, 25796023981623, vstest.console.dll, MetadataReaderExtensionsHelper: Discovering extensions inside assembly 'Microsoft.TestPlatform.TestHostRuntimeProvider, Version=15.0.0.0, Culture=neutral, PublicKeyToken=b03f5f7f11d50a3a' file path 'C:\Program Files\dotnet\sdk\7.0.202\Extensions\Microsoft.TestPlatform.TestHostRuntimeProvider.dll'
TpTrace Information: 0 : 43348, 1, 2023/06/14, 14:38:16.120, 25796023991053, vstest.console.dll, GetTestExtensionFromType: Register extension with identifier data 'HostProvider://DefaultTestHost' and type 'Microsoft.VisualStudio.TestPlatform.CrossPlatEngine.Hosting.DefaultTestHostManager, Microsoft.TestPlatform.TestHostRuntimeProvider, Version=15.0.0.0, Culture=neutral, PublicKeyToken=b03f5f7f11d50a3a' inside file 'C:\Program Files\dotnet\sdk\7.0.202\Extensions\Microsoft.TestPlatform.TestHostRuntimeProvider.dll'
TpTrace Information: 0 : 43348, 1, 2023/06/14, 14:38:16.120, 25796023992593, vstest.console.dll, GetTestExtensionFromType: Register extension with identifier data 'HostProvider://DotnetTestHost' and type 'Microsoft.VisualStudio.TestPlatform.CrossPlatEngine.Hosting.DotnetTestHostManager, Microsoft.TestPlatform.TestHostRuntimeProvider, Version=15.0.0.0, Culture=neutral, PublicKeyToken=b03f5f7f11d50a3a' inside file 'C:\Program Files\dotnet\sdk\7.0.202\Extensions\Microsoft.TestPlatform.TestHostRuntimeProvider.dll'
TpTrace Information: 0 : 43348, 1, 2023/06/14, 14:38:16.120, 25796023993071, vstest.console.dll, AssemblyResolver.OnResolve: Microsoft.VisualStudio.TestPlatform.Extensions.Html.TestLogger: Resolving assembly.
TpTrace Information: 0 : 43348, 1, 2023/06/14, 14:38:16.120, 25796023993265, vstest.console.dll, AssemblyResolver.OnResolve: Microsoft.VisualStudio.TestPlatform.Extensions.Html.TestLogger: Searching in: 'C:\Program Files\dotnet\sdk\7.0.202\Extensions'.
TpTrace Information: 0 : 43348, 1, 2023/06/14, 14:38:16.120, 25796023994756, vstest.console.dll, AssemblyResolver.OnResolve: Microsoft.VisualStudio.TestPlatform.Extensions.Html.TestLogger: Loading assembly 'C:\Program Files\dotnet\sdk\7.0.202\Extensions\Microsoft.VisualStudio.TestPlatform.Extensions.Html.TestLogger.dll'.
TpTrace Information: 0 : 43348, 1, 2023/06/14, 14:38:16.120, 25796023996972, vstest.console.dll, AssemblyResolver.OnResolve: Resolved assembly: Microsoft.VisualStudio.TestPlatform.Extensions.Html.TestLogger, from path: C:\Program Files\dotnet\sdk\7.0.202\Extensions\Microsoft.VisualStudio.TestPlatform.Extensions.Html.TestLogger.dll
TpTrace Verbose: 0 : 43348, 1, 2023/06/14, 14:38:16.121, 25796023997411, vstest.console.dll, MetadataReaderExtensionsHelper: Discovering extensions inside assembly 'Microsoft.VisualStudio.TestPlatform.Extensions.Html.TestLogger, Version=15.0.0.0, Culture=neutral, PublicKeyToken=b03f5f7f11d50a3a' file path 'C:\Program Files\dotnet\sdk\7.0.202\Extensions\Microsoft.VisualStudio.TestPlatform.Extensions.Html.TestLogger.dll'
TpTrace Information: 0 : 43348, 1, 2023/06/14, 14:38:16.121, 25796024001250, vstest.console.dll, AssemblyResolver.OnResolve: Microsoft.VisualStudio.TestPlatform.Extensions.Trx.TestLogger: Resolving assembly.
TpTrace Information: 0 : 43348, 1, 2023/06/14, 14:38:16.121, 25796024001701, vstest.console.dll, AssemblyResolver.OnResolve: Microsoft.VisualStudio.TestPlatform.Extensions.Trx.TestLogger: Searching in: 'C:\Program Files\dotnet\sdk\7.0.202\Extensions'.
TpTrace Information: 0 : 43348, 1, 2023/06/14, 14:38:16.121, 25796024002985, vstest.console.dll, AssemblyResolver.OnResolve: Microsoft.VisualStudio.TestPlatform.Extensions.Trx.TestLogger: Loading assembly 'C:\Program Files\dotnet\sdk\7.0.202\Extensions\Microsoft.VisualStudio.TestPlatform.Extensions.Trx.TestLogger.dll'.
TpTrace Information: 0 : 43348, 1, 2023/06/14, 14:38:16.121, 25796024005183, vstest.console.dll, AssemblyResolver.OnResolve: Resolved assembly: Microsoft.VisualStudio.TestPlatform.Extensions.Trx.TestLogger, from path: C:\Program Files\dotnet\sdk\7.0.202\Extensions\Microsoft.VisualStudio.TestPlatform.Extensions.Trx.TestLogger.dll
TpTrace Verbose: 0 : 43348, 1, 2023/06/14, 14:38:16.121, 25796024005586, vstest.console.dll, MetadataReaderExtensionsHelper: Discovering extensions inside assembly 'Microsoft.VisualStudio.TestPlatform.Extensions.Trx.TestLogger, Version=15.0.0.0, Culture=neutral, PublicKeyToken=b03f5f7f11d50a3a' file path 'C:\Program Files\dotnet\sdk\7.0.202\Extensions\Microsoft.VisualStudio.TestPlatform.Extensions.Trx.TestLogger.dll'
TpTrace Verbose: 0 : 43348, 1, 2023/06/14, 14:38:16.122, 25796024011537, vstest.console.dll, TestPluginCache: Discovered the extensions using extension path ''.
TpTrace Verbose: 0 : 43348, 1, 2023/06/14, 14:38:16.122, 25796024011922, vstest.console.dll, TestPluginCache: Discoverers are ''.
TpTrace Verbose: 0 : 43348, 1, 2023/06/14, 14:38:16.122, 25796024012049, vstest.console.dll, TestPluginCache: Executors are ''.
TpTrace Verbose: 0 : 43348, 1, 2023/06/14, 14:38:16.122, 25796024012164, vstest.console.dll, TestPluginCache: Executors2 are ''.
TpTrace Verbose: 0 : 43348, 1, 2023/06/14, 14:38:16.122, 25796024012277, vstest.console.dll, TestPluginCache: Setting providers are ''.
TpTrace Verbose: 0 : 43348, 1, 2023/06/14, 14:38:16.122, 25796024012392, vstest.console.dll, TestPluginCache: Loggers are ''.
TpTrace Verbose: 0 : 43348, 1, 2023/06/14, 14:38:16.122, 25796024013291, vstest.console.dll, TestPluginCache: TestHosts are 'HostProvider://DefaultTestHost,HostProvider://DotnetTestHost'.
TpTrace Verbose: 0 : 43348, 1, 2023/06/14, 14:38:16.122, 25796024013472, vstest.console.dll, TestPluginCache: DataCollectors are ''.
TpTrace Information: 0 : 43348, 1, 2023/06/14, 14:38:16.129, 25796024078141, vstest.console.dll, RunTestsArgumentProcessor:Execute: Test run is starting.
TpTrace Verbose: 0 : 43348, 1, 2023/06/14, 14:38:16.129, 25796024078971, vstest.console.dll, RunTestsArgumentProcessor:Execute: Queuing Test run.
TpTrace Information: 0 : 43348, 1, 2023/06/14, 14:38:16.129, 25796024080702, vstest.console.dll, TestRequestManager.RunTests: run tests started.
TpTrace Information: 0 : 43348, 1, 2023/06/14, 14:38:16.130, 25796024097158, vstest.console.dll, AssemblyMetadataProvider.GetFrameworkName: Determined framework:'.NETCoreApp,Version=v6.0' for source: 'C:\Users\gbhat\source\repos\Calculator\Calculator.API.Tests\bin\Debug\net6.0\fine-code-coverage\build-output\Calculator.API.Tests.dll'
TpTrace Information: 0 : 43348, 1, 2023/06/14, 14:38:16.131, 25796024099604, vstest.console.dll, Determined framework for all sources: .NETCoreApp,Version=v6.0
TpTrace Verbose: 0 : 43348, 1, 2023/06/14, 14:38:16.131, 25796024103900, vstest.console.dll, TestRequestManager.UpdateRunSettingsIfRequired: Default architecture: X64 IsDefaultTargetArchitecture: True, Current process architecture: X64 OperatingSystem: Windows.
TpTrace Information: 0 : 43348, 1, 2023/06/14, 14:38:16.133, 25796024120385, vstest.console.dll, AssemblyMetadataProvider.GetArchitecture: Determined architecture:AnyCPU info for assembly: C:\Users\gbhat\source\repos\Calculator\Calculator.API.Tests\bin\Debug\net6.0\fine-code-coverage\build-output\Calculator.API.Tests.dll
TpTrace Information: 0 : 43348, 1, 2023/06/14, 14:38:16.133, 25796024120972, vstest.console.dll, Determined platform for source 'C:\Users\gbhat\source\repos\Calculator\Calculator.API.Tests\bin\Debug\net6.0\fine-code-coverage\build-output\Calculator.API.Tests.dll' was AnyCPU and it will use the default plaform X64.
TpTrace Information: 0 : 43348, 1, 2023/06/14, 14:38:16.133, 25796024121190, vstest.console.dll, None of the sources provided any runnable platform, using the default platform: X64
TpTrace Information: 0 : 43348, 1, 2023/06/14, 14:38:16.133, 25796024121909, vstest.console.dll, Platform was updated to 'X64'.
TpTrace Information: 0 : 43348, 1, 2023/06/14, 14:38:16.135, 25796024146492, vstest.console.dll, InferRunSettingsHelper.IsTestSettingsEnabled: Unable to navigate to RunSettings/MSTest. Current node: RunSettings
TpTrace Information: 0 : 43348, 1, 2023/06/14, 14:38:16.136, 25796024151652, vstest.console.dll, AssemblyResolver.OnResolve: Microsoft.VisualStudio.TestPlatform.Fakes: Resolving assembly.
TpTrace Information: 0 : 43348, 1, 2023/06/14, 14:38:16.136, 25796024152325, vstest.console.dll, AssemblyResolver.OnResolve: Microsoft.VisualStudio.TestPlatform.Fakes: Searching in: 'C:\Program Files\dotnet\sdk\7.0.202\Extensions'.
TpTrace Information: 0 : 43348, 1, 2023/06/14, 14:38:16.136, 25796024153444, vstest.console.dll, AssemblyResolver.OnResolve: Microsoft.VisualStudio.TestPlatform.Fakes: Assembly path does not exist: 'C:\Program Files\dotnet\sdk\7.0.202\Extensions\Microsoft.VisualStudio.TestPlatform.Fakes.dll', returning.
TpTrace Information: 0 : 43348, 1, 2023/06/14, 14:38:16.136, 25796024153987, vstest.console.dll, AssemblyResolver.OnResolve: Microsoft.VisualStudio.TestPlatform.Fakes: Assembly path does not exist: 'C:\Program Files\dotnet\sdk\7.0.202\Extensions\Microsoft.VisualStudio.TestPlatform.Fakes.exe', returning.
TpTrace Information: 0 : 43348, 1, 2023/06/14, 14:38:16.136, 25796024154178, vstest.console.dll, AssemblyResolver.OnResolve: Microsoft.VisualStudio.TestPlatform.Fakes: Searching in: 'C:\Program Files\dotnet\sdk\7.0.202'.
TpTrace Information: 0 : 43348, 1, 2023/06/14, 14:38:16.136, 25796024154555, vstest.console.dll, AssemblyResolver.OnResolve: Microsoft.VisualStudio.TestPlatform.Fakes: Assembly path does not exist: 'C:\Program Files\dotnet\sdk\7.0.202\Microsoft.VisualStudio.TestPlatform.Fakes.dll', returning.
TpTrace Information: 0 : 43348, 1, 2023/06/14, 14:38:16.136, 25796024154973, vstest.console.dll, AssemblyResolver.OnResolve: Microsoft.VisualStudio.TestPlatform.Fakes: Assembly path does not exist: 'C:\Program Files\dotnet\sdk\7.0.202\Microsoft.VisualStudio.TestPlatform.Fakes.exe', returning.
TpTrace Information: 0 : 43348, 1, 2023/06/14, 14:38:16.136, 25796024155128, vstest.console.dll, AssemblyResolver.OnResolve: Microsoft.VisualStudio.TestPlatform.Fakes: Failed to load assembly.
TpTrace Information: 0 : 43348, 1, 2023/06/14, 14:38:16.136, 25796024157028, vstest.console.dll, Failed to load assembly Microsoft.VisualStudio.TestPlatform.Fakes, Version=17.0.0.0, Culture=neutral. Reason:System.IO.FileNotFoundException: Could not load file or assembly 'Microsoft.VisualStudio.TestPlatform.Fakes, Version=17.0.0.0, Culture=neutral, PublicKeyToken=null'. The system cannot find the file specified.
File name: 'Microsoft.VisualStudio.TestPlatform.Fakes, Version=17.0.0.0, Culture=neutral, PublicKeyToken=null'
   at System.Reflection.RuntimeAssembly.InternalLoad(AssemblyName assemblyName, StackCrawlMark& stackMark, AssemblyLoadContext assemblyLoadContext, RuntimeAssembly requestingAssembly, Boolean throwOnFileNotFound)
   at System.Reflection.Assembly.Load(AssemblyName assemblyRef)
   at Microsoft.VisualStudio.TestPlatform.Common.Utilities.FakesUtilities.LoadTestPlatformAssembly()
TpTrace Verbose: 0 : 43348, 1, 2023/06/14, 14:38:16.139, 25796024186301, vstest.console.dll, TestPluginCache.DiscoverTestExtensions: finding test extensions in assemblies ends with: TestLogger.dll TPluginInfo: Microsoft.VisualStudio.TestPlatform.Common.ExtensionFramework.Utilities.TestLoggerPluginInformation TExtension: Microsoft.VisualStudio.TestPlatform.ObjectModel.Client.ITestLogger
TpTrace Verbose: 0 : 43348, 1, 2023/06/14, 14:38:16.139, 25796024187311, vstest.console.dll, TestPluginCache.GetExtensionPaths: Filtered extension paths: 
TpTrace Verbose: 0 : 43348, 1, 2023/06/14, 14:38:16.140, 25796024187533, vstest.console.dll, TestPluginCache.GetExtensionPaths: Added default extension paths: C:\Program Files\dotnet\sdk\7.0.202\Extensions\Microsoft.Diagnostics.NETCore.Client.dll
C:\Program Files\dotnet\sdk\7.0.202\Extensions\Microsoft.TestPlatform.Extensions.BlameDataCollector.dll
C:\Program Files\dotnet\sdk\7.0.202\Extensions\Microsoft.TestPlatform.Extensions.EventLogCollector.dll
C:\Program Files\dotnet\sdk\7.0.202\Extensions\Microsoft.TestPlatform.TestHostRuntimeProvider.dll
C:\Program Files\dotnet\sdk\7.0.202\Extensions\Microsoft.VisualStudio.TestPlatform.Extensions.Html.TestLogger.dll
C:\Program Files\dotnet\sdk\7.0.202\Extensions\Microsoft.VisualStudio.TestPlatform.Extensions.Trx.TestLogger.dll
TpTrace Verbose: 0 : 43348, 1, 2023/06/14, 14:38:16.140, 25796024187707, vstest.console.dll, TestPluginCache.GetExtensionPaths: Added unfilterableExtensionPaths: 
TpTrace Information: 0 : 43348, 1, 2023/06/14, 14:38:16.140, 25796024188740, vstest.console.dll, AssemblyResolver.AddSearchDirectories: Adding more searchDirectories C:\Program Files\dotnet\sdk\7.0.202\Extensions,C:\Program Files\dotnet\sdk\7.0.202
TpTrace Verbose: 0 : 43348, 1, 2023/06/14, 14:38:16.140, 25796024189041, vstest.console.dll, TestPluginCache.DiscoverTestExtensions: Discovering the extensions using extension path.
TpTrace Verbose: 0 : 43348, 1, 2023/06/14, 14:38:16.140, 25796024189251, vstest.console.dll, TestPluginCache.GetExtensionPaths: Filtered extension paths: 
TpTrace Verbose: 0 : 43348, 1, 2023/06/14, 14:38:16.140, 25796024189417, vstest.console.dll, TestPluginCache.GetExtensionPaths: Added default extension paths: C:\Program Files\dotnet\sdk\7.0.202\Extensions\Microsoft.Diagnostics.NETCore.Client.dll
C:\Program Files\dotnet\sdk\7.0.202\Extensions\Microsoft.TestPlatform.Extensions.BlameDataCollector.dll
C:\Program Files\dotnet\sdk\7.0.202\Extensions\Microsoft.TestPlatform.Extensions.EventLogCollector.dll
C:\Program Files\dotnet\sdk\7.0.202\Extensions\Microsoft.TestPlatform.TestHostRuntimeProvider.dll
C:\Program Files\dotnet\sdk\7.0.202\Extensions\Microsoft.VisualStudio.TestPlatform.Extensions.Html.TestLogger.dll
C:\Program Files\dotnet\sdk\7.0.202\Extensions\Microsoft.VisualStudio.TestPlatform.Extensions.Trx.TestLogger.dll
TpTrace Verbose: 0 : 43348, 1, 2023/06/14, 14:38:16.140, 25796024189598, vstest.console.dll, TestPluginCache.GetExtensionPaths: Added unfilterableExtensionPaths: 
TpTrace Verbose: 0 : 43348, 1, 2023/06/14, 14:38:16.140, 25796024189925, vstest.console.dll, TestPluginCache.DiscoverTestExtensions: Discovering the extensions using allExtensionPaths: C:\Program Files\dotnet\sdk\7.0.202\Extensions\Microsoft.Diagnostics.NETCore.Client.dll
C:\Program Files\dotnet\sdk\7.0.202\Extensions\Microsoft.TestPlatform.Extensions.BlameDataCollector.dll
C:\Program Files\dotnet\sdk\7.0.202\Extensions\Microsoft.TestPlatform.Extensions.EventLogCollector.dll
C:\Program Files\dotnet\sdk\7.0.202\Extensions\Microsoft.TestPlatform.TestHostRuntimeProvider.dll
C:\Program Files\dotnet\sdk\7.0.202\Extensions\Microsoft.VisualStudio.TestPlatform.Extensions.Html.TestLogger.dll
C:\Program Files\dotnet\sdk\7.0.202\Extensions\Microsoft.VisualStudio.TestPlatform.Extensions.Trx.TestLogger.dll
TpTrace Information: 0 : 43348, 1, 2023/06/14, 14:38:16.140, 25796024190663, vstest.console.dll, AssemblyResolver.AddSearchDirectories: Adding more searchDirectories C:\Program Files\dotnet\sdk\7.0.202\Extensions,C:\Program Files\dotnet\sdk\7.0.202
TpTrace Information: 0 : 43348, 1, 2023/06/14, 14:38:16.140, 25796024190913, vstest.console.dll, AssemblyResolver.AddSearchDirectories: Adding more searchDirectories C:\Program Files\dotnet\sdk\7.0.202\Extensions,C:\Program Files\dotnet\sdk\7.0.202
TpTrace Information: 0 : 43348, 1, 2023/06/14, 14:38:16.140, 25796024191096, vstest.console.dll, AssemblyResolver.AddSearchDirectories: Adding more searchDirectories C:\Program Files\dotnet\sdk\7.0.202\Extensions,C:\Program Files\dotnet\sdk\7.0.202
TpTrace Information: 0 : 43348, 1, 2023/06/14, 14:38:16.140, 25796024191246, vstest.console.dll, AssemblyResolver.AddSearchDirectories: Adding more searchDirectories C:\Program Files\dotnet\sdk\7.0.202\Extensions,C:\Program Files\dotnet\sdk\7.0.202
TpTrace Information: 0 : 43348, 1, 2023/06/14, 14:38:16.140, 25796024191412, vstest.console.dll, AssemblyResolver.AddSearchDirectories: Adding more searchDirectories C:\Program Files\dotnet\sdk\7.0.202\Extensions,C:\Program Files\dotnet\sdk\7.0.202
TpTrace Information: 0 : 43348, 1, 2023/06/14, 14:38:16.140, 25796024191560, vstest.console.dll, AssemblyResolver.AddSearchDirectories: Adding more searchDirectories C:\Program Files\dotnet\sdk\7.0.202\Extensions,C:\Program Files\dotnet\sdk\7.0.202
TpTrace Verbose: 0 : 43348, 1, 2023/06/14, 14:38:16.140, 25796024192462, vstest.console.dll, MetadataReaderExtensionsHelper: Discovering extensions inside assembly 'Microsoft.Diagnostics.NETCore.Client, Version=0.2.6.42401, Culture=neutral, PublicKeyToken=31bf3856ad364e35' file path 'C:\Program Files\dotnet\sdk\7.0.202\Extensions\Microsoft.Diagnostics.NETCore.Client.dll'
TpTrace Information: 0 : 43348, 1, 2023/06/14, 14:38:16.140, 25796024197130, vstest.console.dll, AssemblyResolver.OnResolve: Microsoft.Bcl.AsyncInterfaces: Resolving assembly.
TpTrace Information: 0 : 43348, 1, 2023/06/14, 14:38:16.141, 25796024197638, vstest.console.dll, AssemblyResolver.OnResolve: Microsoft.Bcl.AsyncInterfaces: Resolved from cache.
TpTrace Verbose: 0 : 43348, 1, 2023/06/14, 14:38:16.141, 25796024197805, vstest.console.dll, CurrentDomainAssemblyResolve: Resolving assembly 'Microsoft.Bcl.AsyncInterfaces'.
TpTrace Information: 0 : 43348, 1, 2023/06/14, 14:38:16.141, 25796024198078, vstest.console.dll, AssemblyResolver.OnResolve: Microsoft.Bcl.AsyncInterfaces: Resolving assembly.
TpTrace Information: 0 : 43348, 1, 2023/06/14, 14:38:16.141, 25796024198224, vstest.console.dll, AssemblyResolver.OnResolve: Microsoft.Bcl.AsyncInterfaces: Resolved from cache.
TpTrace Verbose: 0 : 43348, 1, 2023/06/14, 14:38:16.141, 25796024198359, vstest.console.dll, CurrentDomainAssemblyResolve: Resolving assembly 'Microsoft.Bcl.AsyncInterfaces'.
TpTrace Verbose: 0 : 43348, 1, 2023/06/14, 14:38:16.141, 25796024198494, vstest.console.dll, CurrentDomainAssemblyResolve: Failed to resolve assembly 'Microsoft.Bcl.AsyncInterfaces'.
TpTrace Verbose: 0 : 43348, 1, 2023/06/14, 14:38:16.141, 25796024199553, vstest.console.dll, CurrentDomainAssemblyResolve: Failed to resolve assembly 'Microsoft.Bcl.AsyncInterfaces'.
TpTrace Warning: 0 : 43348, 1, 2023/06/14, 14:38:16.141, 25796024201819, vstest.console.dll, TestPluginDiscoverer: Failed to get types from assembly 'Microsoft.Diagnostics.NETCore.Client, Version=0.2.6.42401, Culture=neutral, PublicKeyToken=31bf3856ad364e35'. Error: System.Reflection.ReflectionTypeLoadException: Unable to load one or more of the requested types.
Could not load file or assembly 'Microsoft.Bcl.AsyncInterfaces, Version=1.0.0.0, Culture=neutral, PublicKeyToken=cc7b13ffcd2ddd51'. The system cannot find the file specified.
   at System.Reflection.RuntimeModule.GetTypes(RuntimeModule module)
   at System.Reflection.Assembly.GetTypes()
   at Microsoft.VisualStudio.TestPlatform.Common.ExtensionFramework.TestPluginDiscoverer.GetTestExtensionsFromAssembly[TPluginInfo,TExtension](Assembly assembly, Dictionary`2 pluginInfos, String filePath)
System.IO.FileNotFoundException: Could not load file or assembly 'Microsoft.Bcl.AsyncInterfaces, Version=1.0.0.0, Culture=neutral, PublicKeyToken=cc7b13ffcd2ddd51'. The system cannot find the file specified.
File name: 'Microsoft.Bcl.AsyncInterfaces, Version=1.0.0.0, Culture=neutral, PublicKeyToken=cc7b13ffcd2ddd51'
 ---> System.IO.FileNotFoundException: Could not load file or assembly 'Microsoft.Bcl.AsyncInterfaces, Culture=neutral, PublicKeyToken=null'. The system cannot find the file specified.
File name: 'Microsoft.Bcl.AsyncInterfaces, Culture=neutral, PublicKeyToken=null'
   at System.Reflection.RuntimeAssembly.InternalLoad(AssemblyName assemblyName, StackCrawlMark& stackMark, AssemblyLoadContext assemblyLoadContext, RuntimeAssembly requestingAssembly, Boolean throwOnFileNotFound)
   at System.Reflection.Assembly.Load(AssemblyName assemblyRef)
   at Microsoft.VisualStudio.TestPlatform.Common.ExtensionFramework.TestPluginCache.CurrentDomainAssemblyResolve(Object sender, AssemblyResolveEventArgs args)
   at System.Runtime.Loader.AssemblyLoadContext.GetFirstResolvedAssemblyFromResolvingEvent(AssemblyName assemblyName)
   at System.Runtime.Loader.AssemblyLoadContext.ResolveUsingEvent(AssemblyName assemblyName)
   at System.Runtime.Loader.AssemblyLoadContext.ResolveUsingResolvingEvent(IntPtr gchManagedAssemblyLoadContext, AssemblyName assemblyName)
TpTrace Warning: 0 : 43348, 1, 2023/06/14, 14:38:16.141, 25796024203272, vstest.console.dll, LoaderExceptions: System.IO.FileNotFoundException: Could not load file or assembly 'Microsoft.Bcl.AsyncInterfaces, Version=1.0.0.0, Culture=neutral, PublicKeyToken=cc7b13ffcd2ddd51'. The system cannot find the file specified.
File name: 'Microsoft.Bcl.AsyncInterfaces, Version=1.0.0.0, Culture=neutral, PublicKeyToken=cc7b13ffcd2ddd51'
 ---> System.IO.FileNotFoundException: Could not load file or assembly 'Microsoft.Bcl.AsyncInterfaces, Culture=neutral, PublicKeyToken=null'. The system cannot find the file specified.
File name: 'Microsoft.Bcl.AsyncInterfaces, Culture=neutral, PublicKeyToken=null'
   at System.Reflection.RuntimeAssembly.InternalLoad(AssemblyName assemblyName, StackCrawlMark& stackMark, AssemblyLoadContext assemblyLoadContext, RuntimeAssembly requestingAssembly, Boolean throwOnFileNotFound)
   at System.Reflection.Assembly.Load(AssemblyName assemblyRef)
   at Microsoft.VisualStudio.TestPlatform.Common.ExtensionFramework.TestPluginCache.CurrentDomainAssemblyResolve(Object sender, AssemblyResolveEventArgs args)
   at System.Runtime.Loader.AssemblyLoadContext.GetFirstResolvedAssemblyFromResolvingEvent(AssemblyName assemblyName)
   at System.Runtime.Loader.AssemblyLoadContext.ResolveUsingEvent(AssemblyName assemblyName)
   at System.Runtime.Loader.AssemblyLoadContext.ResolveUsingResolvingEvent(IntPtr gchManagedAssemblyLoadContext, AssemblyName assemblyName)
TpTrace Verbose: 0 : 43348, 1, 2023/06/14, 14:38:16.141, 25796024203828, vstest.console.dll, MetadataReaderExtensionsHelper: Discovering extensions inside assembly 'Microsoft.TestPlatform.Extensions.BlameDataCollector, Version=15.0.0.0, Culture=neutral, PublicKeyToken=b03f5f7f11d50a3a' file path 'C:\Program Files\dotnet\sdk\7.0.202\Extensions\Microsoft.TestPlatform.Extensions.BlameDataCollector.dll'
TpTrace Information: 0 : 43348, 1, 2023/06/14, 14:38:16.141, 25796024206928, vstest.console.dll, GetTestExtensionFromType: Register extension with identifier data 'logger://Microsoft/TestPlatform/Extensions/Blame/v1' and type 'Microsoft.TestPlatform.Extensions.BlameDataCollector.BlameLogger, Microsoft.TestPlatform.Extensions.BlameDataCollector, Version=15.0.0.0, Culture=neutral, PublicKeyToken=b03f5f7f11d50a3a' inside file 'C:\Program Files\dotnet\sdk\7.0.202\Extensions\Microsoft.TestPlatform.Extensions.BlameDataCollector.dll'
TpTrace Verbose: 0 : 43348, 1, 2023/06/14, 14:38:16.142, 25796024207471, vstest.console.dll, MetadataReaderExtensionsHelper: Discovering extensions inside assembly 'Microsoft.TestPlatform.Extensions.EventLogCollector, Version=15.0.0.0, Culture=neutral, PublicKeyToken=b03f5f7f11d50a3a' file path 'C:\Program Files\dotnet\sdk\7.0.202\Extensions\Microsoft.TestPlatform.Extensions.EventLogCollector.dll'
TpTrace Verbose: 0 : 43348, 1, 2023/06/14, 14:38:16.142, 25796024209298, vstest.console.dll, MetadataReaderExtensionsHelper: Discovering extensions inside assembly 'Microsoft.TestPlatform.TestHostRuntimeProvider, Version=15.0.0.0, Culture=neutral, PublicKeyToken=b03f5f7f11d50a3a' file path 'C:\Program Files\dotnet\sdk\7.0.202\Extensions\Microsoft.TestPlatform.TestHostRuntimeProvider.dll'
TpTrace Verbose: 0 : 43348, 1, 2023/06/14, 14:38:16.142, 25796024211144, vstest.console.dll, MetadataReaderExtensionsHelper: Discovering extensions inside assembly 'Microsoft.VisualStudio.TestPlatform.Extensions.Html.TestLogger, Version=15.0.0.0, Culture=neutral, PublicKeyToken=b03f5f7f11d50a3a' file path 'C:\Program Files\dotnet\sdk\7.0.202\Extensions\Microsoft.VisualStudio.TestPlatform.Extensions.Html.TestLogger.dll'
TpTrace Information: 0 : 43348, 1, 2023/06/14, 14:38:16.142, 25796024214378, vstest.console.dll, GetTestExtensionFromType: Register extension with identifier data 'logger://Microsoft/TestPlatform/HtmlLogger/v1' and type 'Microsoft.VisualStudio.TestPlatform.Extensions.HtmlLogger.HtmlLogger, Microsoft.VisualStudio.TestPlatform.Extensions.Html.TestLogger, Version=15.0.0.0, Culture=neutral, PublicKeyToken=b03f5f7f11d50a3a' inside file 'C:\Program Files\dotnet\sdk\7.0.202\Extensions\Microsoft.VisualStudio.TestPlatform.Extensions.Html.TestLogger.dll'
TpTrace Verbose: 0 : 43348, 1, 2023/06/14, 14:38:16.142, 25796024214840, vstest.console.dll, MetadataReaderExtensionsHelper: Discovering extensions inside assembly 'Microsoft.VisualStudio.TestPlatform.Extensions.Trx.TestLogger, Version=15.0.0.0, Culture=neutral, PublicKeyToken=b03f5f7f11d50a3a' file path 'C:\Program Files\dotnet\sdk\7.0.202\Extensions\Microsoft.VisualStudio.TestPlatform.Extensions.Trx.TestLogger.dll'
TpTrace Information: 0 : 43348, 1, 2023/06/14, 14:38:16.142, 25796024216831, vstest.console.dll, GetTestExtensionFromType: Register extension with identifier data 'logger://Microsoft/TestPlatform/TrxLogger/v1' and type 'Microsoft.VisualStudio.TestPlatform.Extensions.TrxLogger.TrxLogger, Microsoft.VisualStudio.TestPlatform.Extensions.Trx.TestLogger, Version=15.0.0.0, Culture=neutral, PublicKeyToken=b03f5f7f11d50a3a' inside file 'C:\Program Files\dotnet\sdk\7.0.202\Extensions\Microsoft.VisualStudio.TestPlatform.Extensions.Trx.TestLogger.dll'
TpTrace Verbose: 0 : 43348, 1, 2023/06/14, 14:38:16.142, 25796024217363, vstest.console.dll, TestPluginCache: Discovered the extensions using extension path ''.
TpTrace Verbose: 0 : 43348, 1, 2023/06/14, 14:38:16.143, 25796024217534, vstest.console.dll, TestPluginCache: Discoverers are ''.
TpTrace Verbose: 0 : 43348, 1, 2023/06/14, 14:38:16.143, 25796024217665, vstest.console.dll, TestPluginCache: Executors are ''.
TpTrace Verbose: 0 : 43348, 1, 2023/06/14, 14:38:16.143, 25796024217793, vstest.console.dll, TestPluginCache: Executors2 are ''.
TpTrace Verbose: 0 : 43348, 1, 2023/06/14, 14:38:16.143, 25796024217920, vstest.console.dll, TestPluginCache: Setting providers are ''.
TpTrace Verbose: 0 : 43348, 1, 2023/06/14, 14:38:16.143, 25796024218461, vstest.console.dll, TestPluginCache: Loggers are 'logger://Microsoft/TestPlatform/Extensions/Blame/v1,logger://Microsoft/TestPlatform/HtmlLogger/v1,logger://Microsoft/TestPlatform/TrxLogger/v1'.
TpTrace Verbose: 0 : 43348, 1, 2023/06/14, 14:38:16.143, 25796024218705, vstest.console.dll, TestPluginCache: TestHosts are 'HostProvider://DefaultTestHost,HostProvider://DotnetTestHost'.
TpTrace Verbose: 0 : 43348, 1, 2023/06/14, 14:38:16.143, 25796024218871, vstest.console.dll, TestPluginCache: DataCollectors are ''.
TpTrace Information: 0 : 43348, 1, 2023/06/14, 14:38:16.143, 25796024226614, vstest.console.dll, TestPluginManager.CreateTestExtension: Attempting to load test extension: Microsoft.TestPlatform.Extensions.BlameDataCollector.BlameLogger
TpTrace Verbose: 0 : 43348, 1, 2023/06/14, 14:38:16.149, 25796024281695, vstest.console.dll, TestEngine: Initializing Parallel Execution as MaxCpuCount is set to: 1
TpTrace Information: 0 : 43348, 1, 2023/06/14, 14:38:16.150, 25796024293292, vstest.console.dll, TestPluginManager.CreateTestExtension: Attempting to load test extension: Microsoft.VisualStudio.TestPlatform.CrossPlatEngine.Hosting.DefaultTestHostManager
TpTrace Information: 0 : 43348, 1, 2023/06/14, 14:38:16.151, 25796024298524, vstest.console.dll, TestPluginManager.CreateTestExtension: Attempting to load test extension: Microsoft.VisualStudio.TestPlatform.CrossPlatEngine.Hosting.DotnetTestHostManager
TpTrace Information: 0 : 43348, 1, 2023/06/14, 14:38:16.151, 25796024302902, vstest.console.dll, InferRunSettingsHelper.IsTestSettingsEnabled: Unable to navigate to RunSettings/MSTest. Current node: RunSettings
TpTrace Verbose: 0 : 43348, 1, 2023/06/14, 14:38:16.154, 25796024329836, vstest.console.dll, TestEngine.GetExecutionManager: Chosen execution manager 'Microsoft.VisualStudio.TestPlatform.CrossPlatEngine.Client.Parallel.ParallelProxyExecutionManager, Microsoft.TestPlatform.CrossPlatEngine, Version=15.0.0.0, Culture=neutral, PublicKeyToken=b03f5f7f11d50a3a' ParallelLevel '1'.
TpTrace Verbose: 0 : 43348, 1, 2023/06/14, 14:38:16.154, 25796024331029, vstest.console.dll, TestRunRequest.ExecuteAsync: Creating test run request.
TpTrace Verbose: 0 : 43348, 1, 2023/06/14, 14:38:16.154, 25796024332599, vstest.console.dll, TestRunRequest.ExecuteAsync: Starting.
TpTrace Information: 0 : 43348, 1, 2023/06/14, 14:38:16.154, 25796024334614, vstest.console.dll, TestRunRequest.ExecuteAsync: Starting run with settings:TestRunCriteria:
   KeepAlive=False,FrequencyOfRunStatsChangeEvent=10,RunStatsChangeEventTimeout=00:00:01.5000000,TestCaseFilter=,TestExecutorLauncher=
   Settingsxml=<RunSettings>
  <RunConfiguration>
    <ResultsDirectory>C:\Users\gbhat\source\repos\Calculator\Calculator.API.Tests\bin\Debug\net6.0\fine-code-coverage\coverage-tool-output</ResultsDirectory>
    <TargetPlatform>X64</TargetPlatform>
    <TargetFrameworkVersion>.NETCoreApp,Version=v6.0</TargetFrameworkVersion>
    <DesignMode>False</DesignMode>
    <CollectSourceInformation>False</CollectSourceInformation>
  </RunConfiguration>
  <LoggerRunSettings>
    <Loggers>
      <Logger friendlyName="blame" enabled="True" />
      <Logger friendlyName="Console" uri="logger://microsoft/TestPlatform/ConsoleLogger/v1" assemblyQualifiedName="Microsoft.VisualStudio.TestPlatform.CommandLine.Internal.ConsoleLogger, vstest.console, Version=15.0.0.0, Culture=neutral, PublicKeyToken=b03f5f7f11d50a3a" codeBase="C:\Program Files\dotnet\sdk\7.0.202\vstest.console.dll" enabled="True" />
    </Loggers>
  </LoggerRunSettings>
  <DataCollectionRunSettings>
    <DataCollectors>
      <DataCollector friendlyName="blame" enabled="True">
        <Configuration>
          <ResultsDirectory>C:\Users\gbhat\source\repos\Calculator\Calculator.API.Tests\bin\Debug\net6.0\fine-code-coverage\coverage-tool-output</ResultsDirectory>
        </Configuration>
      </DataCollector>
    </DataCollectors>
  </DataCollectionRunSettings>
</RunSettings>

TpTrace Verbose: 0 : 43348, 1, 2023/06/14, 14:38:16.154, 25796024335087, vstest.console.dll, TestRunRequest.ExecuteAsync: Wait for the first run request is over.
TpTrace Verbose: 0 : 43348, 1, 2023/06/14, 14:38:16.154, 25796024336947, vstest.console.dll, MulticastDelegateUtilities.SafeInvoke: TestRun.TestRunStart: Invoking callbacks was skipped because there are no subscribers.
TpTrace Verbose: 0 : 43348, 4, 2023/06/14, 14:38:16.155, 25796024339337, vstest.console.dll, MulticastDelegateUtilities.SafeInvoke: InternalTestLoggerEvents.SendTestRunStart: Invoking callback 1/1 for Microsoft.VisualStudio.TestPlatform.CommandLine.Internal.ConsoleLogger., took 0 ms.
TpTrace Verbose: 0 : 43348, 1, 2023/06/14, 14:38:16.155, 25796024345493, vstest.console.dll, ParallelProxyExecutionManager: Start execution. Total sources: 1
TpTrace Verbose: 0 : 43348, 1, 2023/06/14, 14:38:16.156, 25796024355773, vstest.console.dll, TestRequestSender is acting as server.
TpTrace Verbose: 0 : 43348, 1, 2023/06/14, 14:38:16.157, 25796024364471, vstest.console.dll, DataCollectionRequestSender.InitializeCommunication : Initialize communication. 
TpTrace Information: 0 : 43348, 1, 2023/06/14, 14:38:16.161, 25796024402532, vstest.console.dll, Listening on Endpoint : 127.0.0.1:55625
TpTrace Verbose: 0 : 43348, 1, 2023/06/14, 14:38:16.166, 25796024454890, vstest.console.dll, DotnetDataCollectionLauncher: Adding  --runtimeconfig "C:\Program Files\dotnet\sdk\7.0.202\datacollector.runtimeconfig.json" in args
TpTrace Verbose: 0 : 43348, 1, 2023/06/14, 14:38:16.166, 25796024455973, vstest.console.dll, DotnetDataCollectionLauncher: Adding  --depsfile "C:\Program Files\dotnet\sdk\7.0.202\datacollector.deps.json" in args
TpTrace Verbose: 0 : 43348, 1, 2023/06/14, 14:38:16.166, 25796024457001, vstest.console.dll, DotnetDataCollectionLauncher: Full path of dotnet.exe is C:\Program Files\dotnet\dotnet.exe
TpTrace Information: 0 : 43348, 1, 2023/06/14, 14:38:16.188, 25796024674477, vstest.console.dll, ProxyDataCollectionManager.Initialize: Launched datacollector processId: 60212 port: 55625
TpTrace Information: 0 : 43348, 1, 2023/06/14, 14:38:16.188, 25796024676137, vstest.console.dll, ProxyDataCollectionManager.Initialize: waiting for connection with timeout: 90 seconds
TpTrace Verbose: 0 : 43348, 1, 2023/06/14, 14:38:16.188, 25796024676832, vstest.console.dll, DataCollectionRequestSender.WaitForRequestHandlerConnection : Waiting for connection with timeout: 90000
TpTrace Information: 0 : 43348, 7, 2023/06/14, 14:38:16.330, 25796026094842, vstest.console.dll, Using the buffer size of 16384 bytes
TpTrace Verbose: 0 : 43348, 1, 2023/06/14, 14:38:16.330, 25796026095081, vstest.console.dll, SocketCommunicationManager.WaitForClientConnection took: 141 ms, with 90000 ms timeout, and finished with True.
TpTrace Information: 0 : 43348, 7, 2023/06/14, 14:38:16.330, 25796026096582, vstest.console.dll, Accepted Client request and set the flag
TpTrace Verbose: 0 : 43348, 1, 2023/06/14, 14:38:16.331, 25796026097762, vstest.console.dll, ProxyDataCollectionManager.InvokeDataCollectionServiceAction: Starting.
TpTrace Information: 0 : 43348, 1, 2023/06/14, 14:38:16.331, 25796026098587, vstest.console.dll, ProxyDataCollectionManager.BeforeTestRunStart: Get environment variable and port for datacollector processId: 60212 port: 55625
TpTrace Verbose: 0 : 43348, 1, 2023/06/14, 14:38:16.331, 25796026099965, vstest.console.dll, DataCollectionRequestSender.SendBeforeTestRunStartAndGetResult: Send BeforeTestRunStart message with settingsXml <RunSettings><RunConfiguration><ResultsDirectory>C:\Users\gbhat\source\repos\Calculator\Calculator.API.Tests\bin\Debug\net6.0\fine-code-coverage\coverage-tool-output</ResultsDirectory><TargetPlatform>X64</TargetPlatform><TargetFrameworkVersion>.NETCoreApp,Version=v6.0</TargetFrameworkVersion><DesignMode>False</DesignMode><CollectSourceInformation>False</CollectSourceInformation><TestAdaptersPaths>C:\Program Files\dotnet\sdk\7.0.202\Extensions</TestAdaptersPaths></RunConfiguration><LoggerRunSettings><Loggers><Logger friendlyName="blame" enabled="True" /><Logger friendlyName="Console" uri="logger://microsoft/TestPlatform/ConsoleLogger/v1" assemblyQualifiedName="Microsoft.VisualStudio.TestPlatform.CommandLine.Internal.ConsoleLogger, vstest.console, Version=15.0.0.0, Culture=neutral, PublicKeyToken=b03f5f7f11d50a3a" codeBase="C:\Program Files\dotnet\sdk\7.0.202\vstest.console.dll" enabled="True" /></Loggers></LoggerRunSettings><DataCollectionRunSettings><DataCollectors><DataCollector friendlyName="blame" enabled="True"><Configuration><ResultsDirectory>C:\Users\gbhat\source\repos\Calculator\Calculator.API.Tests\bin\Debug\net6.0\fine-code-coverage\coverage-tool-output</ResultsDirectory></Configuration></DataCollector></DataCollectors></DataCollectionRunSettings></RunSettings> and sources System.Collections.Generic.List`1[System.String]: 
TpTrace Verbose: 0 : 43348, 1, 2023/06/14, 14:38:16.385, 25796026640218, vstest.console.dll, DataCollectionRequestSender.SendBeforeTestRunStartAndGetResult: Received message: (DataCollection.SendMessage) -> {"MessageType":"DataCollection.SendMessage","Payload":{"FriendlyName":null,"Uri":null,"TestCaseId":"00000000-0000-0000-0000-000000000000","Message":"Logging DataCollector Diagnostics in file: C:\\Users\\gbhat\\source\\repos\\Calculator\\Calculator.API.Tests\\bin\\Debug\\net6.0\\fine-code-coverage\\coverage-tool-output\\diagnostics.datacollector.23-06-14_14-38-16_16654_1.log","Level":0}}
TpTrace Verbose: 0 : 43348, 1, 2023/06/14, 14:38:16.453, 25796027324404, vstest.console.dll, DataCollectionRequestSender.SendBeforeTestRunStartAndGetResult: Received message: (DataCollection.BeforeTestRunStartResult) -> {"MessageType":"DataCollection.BeforeTestRunStartResult","Payload":{"EnvironmentVariables":{},"DataCollectionEventsPort":55628}}
TpTrace Information: 0 : 43348, 1, 2023/06/14, 14:38:16.457, 25796027363748, vstest.console.dll, ProxyDataCollectionManager.BeforeTestRunStart: SendBeforeTestRunStartAndGetResult successful, env variable from datacollector:   and testhost port: 55628
TpTrace Information: 0 : 43348, 1, 2023/06/14, 14:38:16.457, 25796027364833, vstest.console.dll, ProxyDataCollectionManager.InvokeDataCollectionServiceAction: Completed.
TpTrace Verbose: 0 : 43348, 1, 2023/06/14, 14:38:16.457, 25796027365944, vstest.console.dll, ProxyParallelExecutionManager: No sources available for execution.
TpTrace Information: 0 : 43348, 1, 2023/06/14, 14:38:16.457, 25796027366325, vstest.console.dll, TestRunRequest.ExecuteAsync: Started.
TpTrace Verbose: 0 : 43348, 7, 2023/06/14, 14:38:16.457, 25796027366549, vstest.console.dll, ParallelProxyExecutionManager: Execution started. Started clients: 1
TpTrace Verbose: 0 : 43348, 1, 2023/06/14, 14:38:16.457, 25796027366798, vstest.console.dll, TestRunRequest.WaitForCompletion: Waiting with timeout -1.
TpTrace Verbose: 0 : 43348, 7, 2023/06/14, 14:38:16.458, 25796027368648, vstest.console.dll, TestRunRequest:SendTestRunMessage: Starting.
TpTrace Verbose: 0 : 43348, 7, 2023/06/14, 14:38:16.458, 25796027369750, vstest.console.dll, MulticastDelegateUtilities.SafeInvoke: TestRun.LogMessages: Invoking callback 1/1 for Microsoft.VisualStudio.TestPlatform.CommandLine.TestRunResultAggregator., took 0 ms.
TpTrace Information: 0 : 43348, 7, 2023/06/14, 14:38:16.458, 25796027369983, vstest.console.dll, TestRunRequest:SendTestRunMessage: Completed.
TpTrace Verbose: 0 : 43348, 7, 2023/06/14, 14:38:16.458, 25796027371193, vstest.console.dll, ProxyExecutionManager: Test host is always Lazy initialize.
TpTrace Verbose: 0 : 43348, 4, 2023/06/14, 14:38:16.458, 25796027371194, vstest.console.dll, MulticastDelegateUtilities.SafeInvoke: InternalTestLoggerEvents.SendTestRunMessage: Invoking callback 1/1 for Microsoft.VisualStudio.TestPlatform.CommandLine.Internal.ConsoleLogger., took 0 ms.
TpTrace Verbose: 0 : 43348, 7, 2023/06/14, 14:38:16.458, 25796027372847, vstest.console.dll, TestRequestSender.InitializeCommunication: initialize communication. 
TpTrace Information: 0 : 43348, 7, 2023/06/14, 14:38:16.458, 25796027377072, vstest.console.dll, SocketServer.Start: Listening on endpoint : 127.0.0.1:55629
TpTrace Verbose: 0 : 43348, 7, 2023/06/14, 14:38:16.459, 25796027383209, vstest.console.dll, DotnetTestHostmanager.GetTestHostProcessStartInfo: Platform environment 'X64' target architecture 'X64' framework '.NETCoreApp,Version=v6.0' OS 'Windows'
TpTrace Verbose: 0 : 43348, 7, 2023/06/14, 14:38:16.459, 25796027384928, vstest.console.dll, DotnetTestHostmanager: Adding  --runtimeconfig "C:\Users\gbhat\source\repos\Calculator\Calculator.API.Tests\bin\Debug\net6.0\fine-code-coverage\build-output\Calculator.API.Tests.runtimeconfig.json" in args
TpTrace Verbose: 0 : 43348, 7, 2023/06/14, 14:38:16.459, 25796027385711, vstest.console.dll, DotnetTestHostmanager: Adding  --depsfile "C:\Users\gbhat\source\repos\Calculator\Calculator.API.Tests\bin\Debug\net6.0\fine-code-coverage\build-output\Calculator.API.Tests.deps.json" in args
TpTrace Verbose: 0 : 43348, 7, 2023/06/14, 14:38:16.459, 25796027386800, vstest.console.dll, DotnetTestHostmanager.IsWinOnArm: Current PROCESSOR_ARCHITECTURE from environment variable 'AMD64'
TpTrace Verbose: 0 : 43348, 7, 2023/06/14, 14:38:16.459, 25796027387176, vstest.console.dll, DotnetTestHostmanager.IsWinOnArm: Is Windows on ARM 'False'
TpTrace Verbose: 0 : 43348, 7, 2023/06/14, 14:38:16.460, 25796027387727, vstest.console.dll, DotnetTestHostManager: testhost.exe found at path: C:\Users\gbhat\source\repos\Calculator\Calculator.API.Tests\bin\Debug\net6.0\fine-code-coverage\build-output\testhost.exe
TpTrace Verbose: 0 : 43348, 7, 2023/06/14, 14:38:16.460, 25796027387989, vstest.console.dll, DotnetTestHostmanager: Full path of host exe is C:\Users\gbhat\source\repos\Calculator\Calculator.API.Tests\bin\Debug\net6.0\fine-code-coverage\build-output\testhost.exe
TpTrace Verbose: 0 : 43348, 7, 2023/06/14, 14:38:16.460, 25796027388951, vstest.console.dll, DotnetTestHostmanager.LaunchTestHostAsync: Found 'VSTEST_WINAPPHOST_DOTNET_ROOT' in env variables, value 'C:\Program Files\dotnet', forwarding to 'DOTNET_ROOT'
TpTrace Verbose: 0 : 43348, 7, 2023/06/14, 14:38:16.460, 25796027390128, vstest.console.dll, DotnetTestHostManager: Starting process 'C:\Users\gbhat\source\repos\Calculator\Calculator.API.Tests\bin\Debug\net6.0\fine-code-coverage\build-output\testhost.exe' with command line ' --runtimeconfig "C:\Users\gbhat\source\repos\Calculator\Calculator.API.Tests\bin\Debug\net6.0\fine-code-coverage\build-output\Calculator.API.Tests.runtimeconfig.json" --depsfile "C:\Users\gbhat\source\repos\Calculator\Calculator.API.Tests\bin\Debug\net6.0\fine-code-coverage\build-output\Calculator.API.Tests.deps.json" --port 55629 --endpoint 127.0.0.1:055629 --role client --parentprocessid 43348 --diag "C:\Users\gbhat\source\repos\Calculator\Calculator.API.Tests\bin\Debug\net6.0\fine-code-coverage\coverage-tool-output\diagnostics.host.23-06-14_14-38-16_45925_7.log" --tracelevel 4 --datacollectionport 55628 --telemetryoptedin false'
TpTrace Verbose: 0 : 43348, 7, 2023/06/14, 14:38:16.465, 25796027444898, vstest.console.dll, MulticastDelegateUtilities.SafeInvoke: HostProviderEvents.OnHostLaunched: Invoking callback 1/2 for Microsoft.VisualStudio.TestPlatform.CrossPlatEngine.Client.ProxyExecutionManagerWithDataCollection., took 1 ms.
TpTrace Verbose: 0 : 43348, 7, 2023/06/14, 14:38:16.465, 25796027447113, vstest.console.dll, Test Runtime launched
TpTrace Verbose: 0 : 43348, 7, 2023/06/14, 14:38:16.466, 25796027447621, vstest.console.dll, MulticastDelegateUtilities.SafeInvoke: HostProviderEvents.OnHostLaunched: Invoking callback 2/2 for Microsoft.VisualStudio.TestPlatform.CrossPlatEngine.Client.ProxyOperationManager., took 0 ms.
TpTrace Verbose: 0 : 43348, 7, 2023/06/14, 14:38:16.466, 25796027448648, vstest.console.dll, TestRequestSender.WaitForRequestHandlerConnection: waiting for connection with timeout: 90000.
TpTrace Verbose: 0 : 43348, 7, 2023/06/14, 14:38:16.582, 25796028612002, vstest.console.dll, TestRequestSender.WaitForRequestHandlerConnection: waiting took 116 ms, with timeout 90000 ms, and result 0, which is success.
TpTrace Verbose: 0 : 43348, 12, 2023/06/14, 14:38:16.582, 25796028612002, vstest.console.dll, MulticastDelegateUtilities.SafeInvoke: SocketServer: ClientConnected: Invoking callback 1/1 for Microsoft.VisualStudio.TestPlatform.CommunicationUtilities.TestRequestSender., took 0 ms.
TpTrace Verbose: 0 : 43348, 12, 2023/06/14, 14:38:16.582, 25796028613536, vstest.console.dll, SocketServer.OnClientConnected: Client connected for endPoint: 127.0.0.1:55629, starting MessageLoopAsync:
TpTrace Verbose: 0 : 43348, 13, 2023/06/14, 14:38:16.582, 25796028615737, vstest.console.dll, TcpClientExtensions.MessageLoopAsync: Polling on remoteEndPoint: 127.0.0.1:55630 localEndPoint: 127.0.0.1:55629
TpTrace Verbose: 0 : 43348, 7, 2023/06/14, 14:38:16.583, 25796028619360, vstest.console.dll, TestRequestSender.CheckVersionWithTestHost: Sending check version message: {"MessageType":"ProtocolVersion","Payload":7}
TpTrace Verbose: 0 : 43348, 13, 2023/06/14, 14:38:16.685, 25796029643198, vstest.console.dll, TcpClientExtensions.MessageLoopAsync: NotifyDataAvailable remoteEndPoint: 127.0.0.1:55630 localEndPoint: 127.0.0.1:55629
TpTrace Verbose: 0 : 43348, 13, 2023/06/14, 14:38:16.685, 25796029645562, vstest.console.dll, TestRequestSender.CheckVersionWithTestHost: onMessageReceived received message: (ProtocolVersion) -> {"MessageType":"ProtocolVersion","Payload":5}
TpTrace Verbose: 0 : 43348, 13, 2023/06/14, 14:38:16.686, 25796029650635, vstest.console.dll, MulticastDelegateUtilities.SafeInvoke: LengthPrefixCommunicationChannel: MessageReceived: Invoking callback 1/1 for Microsoft.VisualStudio.TestPlatform.CommunicationUtilities.TestRequestSender+<>c__DisplayClass29_0., took 0 ms.
TpTrace Verbose: 0 : 43348, 13, 2023/06/14, 14:38:16.686, 25796029651292, vstest.console.dll, TcpClientExtensions.MessageLoopAsync: Polling on remoteEndPoint: 127.0.0.1:55630 localEndPoint: 127.0.0.1:55629
TpTrace Verbose: 0 : 43348, 7, 2023/06/14, 14:38:16.686, 25796029652164, vstest.console.dll, TestPluginCache.GetExtensionPaths: Filtered extension paths: 
TpTrace Verbose: 0 : 43348, 7, 2023/06/14, 14:38:16.686, 25796029652603, vstest.console.dll, TestPluginCache.GetExtensionPaths: Added default extension paths: C:\Program Files\dotnet\sdk\7.0.202\Extensions\Microsoft.Diagnostics.NETCore.Client.dll
C:\Program Files\dotnet\sdk\7.0.202\Extensions\Microsoft.TestPlatform.Extensions.BlameDataCollector.dll
C:\Program Files\dotnet\sdk\7.0.202\Extensions\Microsoft.TestPlatform.Extensions.EventLogCollector.dll
C:\Program Files\dotnet\sdk\7.0.202\Extensions\Microsoft.TestPlatform.TestHostRuntimeProvider.dll
C:\Program Files\dotnet\sdk\7.0.202\Extensions\Microsoft.VisualStudio.TestPlatform.Extensions.Html.TestLogger.dll
C:\Program Files\dotnet\sdk\7.0.202\Extensions\Microsoft.VisualStudio.TestPlatform.Extensions.Trx.TestLogger.dll
TpTrace Verbose: 0 : 43348, 7, 2023/06/14, 14:38:16.686, 25796029652829, vstest.console.dll, TestPluginCache.GetExtensionPaths: Added unfilterableExtensionPaths: 
TpTrace Verbose: 0 : 43348, 7, 2023/06/14, 14:38:16.689, 25796029680838, vstest.console.dll, TestRequestSender.InitializeExecution: Sending initialize execution with message: {"Version":5,"MessageType":"TestExecution.Initialize","Payload":["C:\\Users\\gbhat\\source\\repos\\Calculator\\Calculator.API.Tests\\bin\\Debug\\net6.0\\fine-code-coverage\\build-output\\NUnit3.TestAdapter.dll"]}
TpTrace Warning: 0 : 43348, 7, 2023/06/14, 14:38:16.690, 25796029687585, vstest.console.dll, InferRunSettingsHelper.MakeRunsettingsCompatible: Removing the following settings: TargetPlatform from RunSettings file. To use those settings please move to latest version of Microsoft.NET.Test.Sdk
TpTrace Verbose: 0 : 43348, 13, 2023/06/14, 14:38:16.694, 25796029736928, vstest.console.dll, TcpClientExtensions.MessageLoopAsync: NotifyDataAvailable remoteEndPoint: 127.0.0.1:55630 localEndPoint: 127.0.0.1:55629
TpTrace Verbose: 0 : 43348, 13, 2023/06/14, 14:38:16.695, 25796029739202, vstest.console.dll, TestRequestSender.OnExecutionMessageReceived: Received message: {"Version":5,"MessageType":"TestSession.Message","Payload":{"MessageLevel":0,"Message":"Logging TestHost Diagnostics in file: C:\\Users\\gbhat\\source\\repos\\Calculator\\Calculator.API.Tests\\bin\\Debug\\net6.0\\fine-code-coverage\\coverage-tool-output\\diagnostics.host.23-06-14_14-38-16_45925_7.log"}}
TpTrace Verbose: 0 : 43348, 13, 2023/06/14, 14:38:16.696, 25796029754315, vstest.console.dll, TestRunRequest:SendTestRunMessage: Starting.
TpTrace Verbose: 0 : 43348, 13, 2023/06/14, 14:38:16.696, 25796029755068, vstest.console.dll, MulticastDelegateUtilities.SafeInvoke: TestRun.LogMessages: Invoking callback 1/1 for Microsoft.VisualStudio.TestPlatform.CommandLine.TestRunResultAggregator., took 0 ms.
TpTrace Information: 0 : 43348, 13, 2023/06/14, 14:38:16.696, 25796029755322, vstest.console.dll, TestRunRequest:SendTestRunMessage: Completed.
TpTrace Verbose: 0 : 43348, 13, 2023/06/14, 14:38:16.696, 25796029755584, vstest.console.dll, MulticastDelegateUtilities.SafeInvoke: LengthPrefixCommunicationChannel: MessageReceived: Invoking callback 1/1 for Microsoft.VisualStudio.TestPlatform.CommunicationUtilities.TestRequestSender+<>c__DisplayClass34_0., took 1 ms.
TpTrace Verbose: 0 : 43348, 13, 2023/06/14, 14:38:16.696, 25796029755777, vstest.console.dll, TcpClientExtensions.MessageLoopAsync: Polling on remoteEndPoint: 127.0.0.1:55630 localEndPoint: 127.0.0.1:55629
TpTrace Verbose: 0 : 43348, 4, 2023/06/14, 14:38:16.696, 25796029756051, vstest.console.dll, MulticastDelegateUtilities.SafeInvoke: InternalTestLoggerEvents.SendTestRunMessage: Invoking callback 1/1 for Microsoft.VisualStudio.TestPlatform.CommandLine.Internal.ConsoleLogger., took 0 ms.
TpTrace Verbose: 0 : 43348, 7, 2023/06/14, 14:38:16.697, 25796029760630, vstest.console.dll, TestRequestSender.StartTestRun: Sending test run with message: {"Version":5,"MessageType":"TestExecution.StartWithSources","Payload":{"AdapterSourceMap":{"_none_":["C:\\Users\\gbhat\\source\\repos\\Calculator\\Calculator.API.Tests\\bin\\Debug\\net6.0\\fine-code-coverage\\build-output\\Calculator.API.Tests.dll"]},"RunSettings":"<RunSettings>\r\n  <RunConfiguration>\r\n    <ResultsDirectory>C:\\Users\\gbhat\\source\\repos\\Calculator\\Calculator.API.Tests\\bin\\Debug\\net6.0\\fine-code-coverage\\coverage-tool-output</ResultsDirectory>\r\n    <TargetFrameworkVersion>.NETCoreApp,Version=v6.0</TargetFrameworkVersion>\r\n    <DesignMode>False</DesignMode>\r\n    <CollectSourceInformation>False</CollectSourceInformation>\r\n  </RunConfiguration>\r\n  <LoggerRunSettings>\r\n    <Loggers>\r\n      <Logger friendlyName=\"blame\" enabled=\"True\" />\r\n      <Logger friendlyName=\"Console\" uri=\"logger://microsoft/TestPlatform/ConsoleLogger/v1\" assemblyQualifiedName=\"Microsoft.VisualStudio.TestPlatform.CommandLine.Internal.ConsoleLogger, vstest.console, Version=15.0.0.0, Culture=neutral, PublicKeyToken=b03f5f7f11d50a3a\" codeBase=\"C:\\Program Files\\dotnet\\sdk\\7.0.202\\vstest.console.dll\" enabled=\"True\" />\r\n    </Loggers>\r\n  </LoggerRunSettings>\r\n  <DataCollectionRunSettings>\r\n    <DataCollectors>\r\n      <DataCollector friendlyName=\"blame\" enabled=\"True\">\r\n        <Configuration>\r\n          <ResultsDirectory>C:\\Users\\gbhat\\source\\repos\\Calculator\\Calculator.API.Tests\\bin\\Debug\\net6.0\\fine-code-coverage\\coverage-tool-output</ResultsDirectory>\r\n        </Configuration>\r\n      </DataCollector>\r\n    </DataCollectors>\r\n  </DataCollectionRunSettings>\r\n</RunSettings>","TestExecutionContext":{"FrequencyOfRunStatsChangeEvent":10,"RunStatsChangeEventTimeout":"00:00:01.5000000","InIsolation":false,"KeepAlive":false,"AreTestCaseLevelEventsRequired":false,"IsDebug":false,"TestCaseFilter":null,"FilterOptions":null},"Package":null}}
TpTrace Verbose: 0 : 43348, 13, 2023/06/14, 14:38:16.809, 25796030886215, vstest.console.dll, TcpClientExtensions.MessageLoopAsync: NotifyDataAvailable remoteEndPoint: 127.0.0.1:55630 localEndPoint: 127.0.0.1:55629
TpTrace Verbose: 0 : 43348, 13, 2023/06/14, 14:38:16.810, 25796030887890, vstest.console.dll, TestRequestSender.OnExecutionMessageReceived: Received message: {"Version":5,"MessageType":"TestSession.Message","Payload":{"MessageLevel":0,"Message":"NUnit Adapter 4.2.0.0: Test execution started"}}
TpTrace Verbose: 0 : 43348, 13, 2023/06/14, 14:38:16.810, 25796030889710, vstest.console.dll, TestRunRequest:SendTestRunMessage: Starting.
TpTrace Verbose: 0 : 43348, 13, 2023/06/14, 14:38:16.810, 25796030890142, vstest.console.dll, MulticastDelegateUtilities.SafeInvoke: TestRun.LogMessages: Invoking callback 1/1 for Microsoft.VisualStudio.TestPlatform.CommandLine.TestRunResultAggregator., took 0 ms.
TpTrace Information: 0 : 43348, 13, 2023/06/14, 14:38:16.810, 25796030890344, vstest.console.dll, TestRunRequest:SendTestRunMessage: Completed.
TpTrace Verbose: 0 : 43348, 13, 2023/06/14, 14:38:16.810, 25796030890543, vstest.console.dll, MulticastDelegateUtilities.SafeInvoke: LengthPrefixCommunicationChannel: MessageReceived: Invoking callback 1/1 for Microsoft.VisualStudio.TestPlatform.CommunicationUtilities.TestRequestSender+<>c__DisplayClass34_0., took 0 ms.
TpTrace Verbose: 0 : 43348, 13, 2023/06/14, 14:38:16.810, 25796030890737, vstest.console.dll, TcpClientExtensions.MessageLoopAsync: Polling on remoteEndPoint: 127.0.0.1:55630 localEndPoint: 127.0.0.1:55629
TpTrace Verbose: 0 : 43348, 4, 2023/06/14, 14:38:16.810, 25796030890881, vstest.console.dll, MulticastDelegateUtilities.SafeInvoke: InternalTestLoggerEvents.SendTestRunMessage: Invoking callback 1/1 for Microsoft.VisualStudio.TestPlatform.CommandLine.Internal.ConsoleLogger., took 0 ms.
TpTrace Verbose: 0 : 43348, 13, 2023/06/14, 14:38:16.833, 25796031121542, vstest.console.dll, TcpClientExtensions.MessageLoopAsync: NotifyDataAvailable remoteEndPoint: 127.0.0.1:55630 localEndPoint: 127.0.0.1:55629
TpTrace Verbose: 0 : 43348, 13, 2023/06/14, 14:38:16.833, 25796031123341, vstest.console.dll, TestRequestSender.OnExecutionMessageReceived: Received message: {"Version":5,"MessageType":"TestSession.Message","Payload":{"MessageLevel":0,"Message":"Running all tests in C:\\Users\\gbhat\\source\\repos\\Calculator\\Calculator.API.Tests\\bin\\Debug\\net6.0\\fine-code-coverage\\build-output\\Calculator.API.Tests.dll"}}
TpTrace Verbose: 0 : 43348, 13, 2023/06/14, 14:38:16.833, 25796031124576, vstest.console.dll, TestRunRequest:SendTestRunMessage: Starting.
TpTrace Verbose: 0 : 43348, 13, 2023/06/14, 14:38:16.833, 25796031125014, vstest.console.dll, MulticastDelegateUtilities.SafeInvoke: TestRun.LogMessages: Invoking callback 1/1 for Microsoft.VisualStudio.TestPlatform.CommandLine.TestRunResultAggregator., took 0 ms.
TpTrace Information: 0 : 43348, 13, 2023/06/14, 14:38:16.833, 25796031125190, vstest.console.dll, TestRunRequest:SendTestRunMessage: Completed.
TpTrace Verbose: 0 : 43348, 13, 2023/06/14, 14:38:16.833, 25796031125365, vstest.console.dll, MulticastDelegateUtilities.SafeInvoke: LengthPrefixCommunicationChannel: MessageReceived: Invoking callback 1/1 for Microsoft.VisualStudio.TestPlatform.CommunicationUtilities.TestRequestSender+<>c__DisplayClass34_0., took 0 ms.
TpTrace Verbose: 0 : 43348, 4, 2023/06/14, 14:38:16.833, 25796031125392, vstest.console.dll, MulticastDelegateUtilities.SafeInvoke: InternalTestLoggerEvents.SendTestRunMessage: Invoking callback 1/1 for Microsoft.VisualStudio.TestPlatform.CommandLine.Internal.ConsoleLogger., took 0 ms.
TpTrace Verbose: 0 : 43348, 13, 2023/06/14, 14:38:16.833, 25796031125541, vstest.console.dll, TcpClientExtensions.MessageLoopAsync: Polling on remoteEndPoint: 127.0.0.1:55630 localEndPoint: 127.0.0.1:55629
TpTrace Verbose: 0 : 43348, 13, 2023/06/14, 14:38:16.939, 25796032185461, vstest.console.dll, TcpClientExtensions.MessageLoopAsync: NotifyDataAvailable remoteEndPoint: 127.0.0.1:55630 localEndPoint: 127.0.0.1:55629
TpTrace Verbose: 0 : 43348, 13, 2023/06/14, 14:38:16.939, 25796032187198, vstest.console.dll, TestRequestSender.OnExecutionMessageReceived: Received message: {"Version":5,"MessageType":"TestSession.Message","Payload":{"MessageLevel":0,"Message":"   NUnit3TestExecutor discovered 38 of 38 NUnit test cases using Current Discovery mode, Non-Explicit run"}}
TpTrace Verbose: 0 : 43348, 13, 2023/06/14, 14:38:16.940, 25796032189380, vstest.console.dll, TestRunRequest:SendTestRunMessage: Starting.
TpTrace Verbose: 0 : 43348, 13, 2023/06/14, 14:38:16.940, 25796032190068, vstest.console.dll, MulticastDelegateUtilities.SafeInvoke: TestRun.LogMessages: Invoking callback 1/1 for Microsoft.VisualStudio.TestPlatform.CommandLine.TestRunResultAggregator., took 0 ms.
TpTrace Verbose: 0 : 43348, 4, 2023/06/14, 14:38:16.940, 25796032190314, vstest.console.dll, MulticastDelegateUtilities.SafeInvoke: InternalTestLoggerEvents.SendTestRunMessage: Invoking callback 1/1 for Microsoft.VisualStudio.TestPlatform.CommandLine.Internal.ConsoleLogger., took 0 ms.
TpTrace Information: 0 : 43348, 13, 2023/06/14, 14:38:16.940, 25796032190364, vstest.console.dll, TestRunRequest:SendTestRunMessage: Completed.
TpTrace Verbose: 0 : 43348, 13, 2023/06/14, 14:38:16.940, 25796032191538, vstest.console.dll, MulticastDelegateUtilities.SafeInvoke: LengthPrefixCommunicationChannel: MessageReceived: Invoking callback 1/1 for Microsoft.VisualStudio.TestPlatform.CommunicationUtilities.TestRequestSender+<>c__DisplayClass34_0., took 0 ms.
TpTrace Verbose: 0 : 43348, 13, 2023/06/14, 14:38:16.940, 25796032191766, vstest.console.dll, TcpClientExtensions.MessageLoopAsync: Polling on remoteEndPoint: 127.0.0.1:55630 localEndPoint: 127.0.0.1:55629
TpTrace Verbose: 0 : 43348, 13, 2023/06/14, 14:38:17.095, 25796033739768, vstest.console.dll, TcpClientExtensions.MessageLoopAsync: NotifyDataAvailable remoteEndPoint: 127.0.0.1:55630 localEndPoint: 127.0.0.1:55629
TpTrace Verbose: 0 : 43348, 13, 2023/06/14, 14:38:17.095, 25796033741981, vstest.console.dll, TestRequestSender.OnExecutionMessageReceived: Received message: {"Version":5,"MessageType":"TestExecution.StatsChange","Payload":{"NewTestResults":[{"TestCase":{"Id":"b4804d43-6d29-2c73-8c5c-2f4fe88e8d5b","FullyQualifiedName":"Calculator.API.Tests.CalculatorControllerTests.AddCalculationTests(10,5,15)","DisplayName":"AddCalculationTests(10,5,15)","ExecutorUri":"executor://NUnit3TestExecutor","Source":"C:\\Users\\gbhat\\source\\repos\\Calculator\\Calculator.API.Tests\\bin\\Debug\\net6.0\\fine-code-coverage\\build-output\\Calculator.API.Tests.dll","CodeFilePath":null,"LineNumber":0,"Properties":[{"Key":{"Id":"NUnit.Seed","Label":"Seed","Category":"","Description":"","Attributes":0,"ValueType":"System.String"},"Value":"1841300033"}]},"Attachments":[],"Outcome":1,"ErrorMessage":null,"ErrorStackTrace":null,"DisplayName":"AddCalculationTests(10,5,15)","Messages":[],"ComputerName":"14169-BT","Duration":"00:00:00.0718500","StartTime":"2023-06-14T02:38:16.9598395+00:00","EndTime":"2023-06-14T02:38:17.031633+00:00","Properties":[{"Key":{"Id":"NUnit.Seed","Label":"Seed","Category":"","Description":"","Attributes":0,"ValueType":"System.String"},"Value":"1841300033"}]},{"TestCase":{"Id":"cd3bfbf4-b2ad-868f-272f-50570cb3181d","FullyQualifiedName":"Calculator.API.Tests.CalculatorControllerTests.AddCalculationTests(0,0,0)","DisplayName":"AddCalculationTests(0,0,0)","ExecutorUri":"executor://NUnit3TestExecutor","Source":"C:\\Users\\gbhat\\source\\repos\\Calculator\\Calculator.API.Tests\\bin\\Debug\\net6.0\\fine-code-coverage\\build-output\\Calculator.API.Tests.dll","CodeFilePath":null,"LineNumber":0,"Properties":[{"Key":{"Id":"NUnit.Seed","Label":"Seed","Category":"","Description":"","Attributes":0,"ValueType":"System.String"},"Value":"1620114337"}]},"Attachments":[],"Outcome":1,"ErrorMessage":null,"ErrorStackTrace":null,"DisplayName":"AddCalculationTests(0,0,0)","Messages":[],"ComputerName":"14169-BT","Duration":"00:00:00.0006700","StartTime":"2023-06-14T02:38:17.0329256+00:00","EndTime":"2023-06-14T02:38:17.0335959+00:00","Properties":[{"Key":{"Id":"NUnit.Seed","Label":"Seed","Category":"","Description":"","Attributes":0,"ValueType":"System.String"},"Value":"1620114337"}]},{"TestCase":{"Id":"552c9cb2-572f-5f47-a4a6-bb3bf7dd8b54","FullyQualifiedName":"Calculator.API.Tests.CalculatorControllerTests.AddCalculationTests(0,5,5)","DisplayName":"AddCalculationTests(0,5,5)","ExecutorUri":"executor://NUnit3TestExecutor","Source":"C:\\Users\\gbhat\\source\\repos\\Calculator\\Calculator.API.Tests\\bin\\Debug\\net6.0\\fine-code-coverage\\build-output\\Calculator.API.Tests.dll","CodeFilePath":null,"LineNumber":0,"Properties":[{"Key":{"Id":"NUnit.Seed","Label":"Seed","Category":"","Description":"","Attributes":0,"ValueType":"System.String"},"Value":"2006400459"}]},"Attachments":[],"Outcome":1,"ErrorMessage":null,"ErrorStackTrace":null,"DisplayName":"AddCalculationTests(0,5,5)","Messages":[],"ComputerName":"14169-BT","Duration":"00:00:00.0000590","StartTime":"2023-06-14T02:38:17.0336101+00:00","EndTime":"2023-06-14T02:38:17.0336688+00:00","Properties":[{"Key":{"Id":"NUnit.Seed","Label":"Seed","Category":"","Description":"","Attributes":0,"ValueType":"System.String"},"Value":"2006400459"}]},{"TestCase":{"Id":"92fd7d24-1488-b36b-6bfd-57c904428c57","FullyQualifiedName":"Calculator.API.Tests.CalculatorControllerTests.AddCalculationTests(5,0,5)","DisplayName":"AddCalculationTests(5,0,5)","ExecutorUri":"executor://NUnit3TestExecutor","Source":"C:\\Users\\gbhat\\source\\repos\\Calculator\\Calculator.API.Tests\\bin\\Debug\\net6.0\\fine-code-coverage\\build-output\\Calculator.API.Tests.dll","CodeFilePath":null,"LineNumber":0,"Properties":[{"Key":{"Id":"NUnit.Seed","Label":"Seed","Category":"","Description":"","Attributes":0,"ValueType":"System.String"},"Value":"1538421416"}]},"Attachments":[],"Outcome":1,"ErrorMessage":null,"ErrorStackTrace":null,"DisplayName":"AddCalculationTests(5,0,5)","Messages":[],"ComputerName":"14169-BT","Duration":"00:00:00.0000370","StartTime":"2023-06-14T02:38:17.0336733+00:00","EndTime":"2023-06-14T02:38:17.0337101+00:00","Properties":[{"Key":{"Id":"NUnit.Seed","Label":"Seed","Category":"","Description":"","Attributes":0,"ValueType":"System.String"},"Value":"1538421416"}]},{"TestCase":{"Id":"a06092d7-ca7f-f9b2-ddbf-1f40776d305b","FullyQualifiedName":"Calculator.API.Tests.CalculatorControllerTests.AddCalculationTests(-15,5,-10)","DisplayName":"AddCalculationTests(-15,5,-10)","ExecutorUri":"executor://NUnit3TestExecutor","Source":"C:\\Users\\gbhat\\source\\repos\\Calculator\\Calculator.API.Tests\\bin\\Debug\\net6.0\\fine-code-coverage\\build-output\\Calculator.API.Tests.dll","CodeFilePath":null,"LineNumber":0,"Properties":[{"Key":{"Id":"NUnit.Seed","Label":"Seed","Category":"","Description":"","Attributes":0,"ValueType":"System.String"},"Value":"1761382255"}]},"Attachments":[],"Outcome":1,"ErrorMessage":null,"ErrorStackTrace":null,"DisplayName":"AddCalculationTests(-15,5,-10)","Messages":[],"ComputerName":"14169-BT","Duration":"00:00:00.0000380","StartTime":"2023-06-14T02:38:17.033714+00:00","EndTime":"2023-06-14T02:38:17.0337517+00:00","Properties":[{"Key":{"Id":"NUnit.Seed","Label":"Seed","Category":"","Description":"","Attributes":0,"ValueType":"System.String"},"Value":"1761382255"}]},{"TestCase":{"Id":"d3e98b4c-be2d-1d72-2b7b-12a5e7294184","FullyQualifiedName":"Calculator.API.Tests.CalculatorControllerTests.AddCalculationTests(10.25d,5.45d,15.7d)","DisplayName":"AddCalculationTests(10.25d,5.45d,15.7d)","ExecutorUri":"executor://NUnit3TestExecutor","Source":"C:\\Users\\gbhat\\source\\repos\\Calculator\\Calculator.API.Tests\\bin\\Debug\\net6.0\\fine-code-coverage\\build-output\\Calculator.API.Tests.dll","CodeFilePath":null,"LineNumber":0,"Properties":[{"Key":{"Id":"NUnit.Seed","Label":"Seed","Category":"","Description":"","Attributes":0,"ValueType":"System.String"},"Value":"1137361661"}]},"Attachments":[],"Outcome":1,"ErrorMessage":null,"ErrorStackTrace":null,"DisplayName":"AddCalculationTests(10.25d,5.45d,15.7d)","Messages":[],"ComputerName":"14169-BT","Duration":"00:00:00.0000360","StartTime":"2023-06-14T02:38:17.0337557+00:00","EndTime":"2023-06-14T02:38:17.0337918+00:00","Properties":[{"Key":{"Id":"NUnit.Seed","Label":"Seed","Category":"","Description":"","Attributes":0,"ValueType":"System.String"},"Value":"1137361661"}]},{"TestCase":{"Id":"58b3b465-7d94-d1eb-e44e-b9c4a7dd3dc2","FullyQualifiedName":"Calculator.API.Tests.CalculatorControllerTests.AddCalculationTests(0.0d,0.0d,0)","DisplayName":"AddCalculationTests(0.0d,0.0d,0)","ExecutorUri":"executor://NUnit3TestExecutor","Source":"C:\\Users\\gbhat\\source\\repos\\Calculator\\Calculator.API.Tests\\bin\\Debug\\net6.0\\fine-code-coverage\\build-output\\Calculator.API.Tests.dll","CodeFilePath":null,"LineNumber":0,"Properties":[{"Key":{"Id":"NUnit.Seed","Label":"Seed","Category":"","Description":"","Attributes":0,"ValueType":"System.String"},"Value":"1398823589"}]},"Attachments":[],"Outcome":1,"ErrorMessage":null,"ErrorStackTrace":null,"DisplayName":"AddCalculationTests(0.0d,0.0d,0)","Messages":[],"ComputerName":"14169-BT","Duration":"00:00:00.0000470","StartTime":"2023-06-14T02:38:17.0337956+00:00","EndTime":"2023-06-14T02:38:17.0338431+00:00","Properties":[{"Key":{"Id":"NUnit.Seed","Label":"Seed","Category":"","Description":"","Attributes":0,"ValueType":"System.String"},"Value":"1398823589"}]},{"TestCase":{"Id":"ff4d1a07-eed4-3386-f8ff-77f2c64546ea","FullyQualifiedName":"Calculator.API.Tests.CalculatorControllerTests.DivideByZeroTests(0,0)","DisplayName":"DivideByZeroTests(0,0)","ExecutorUri":"executor://NUnit3TestExecutor","Source":"C:\\Users\\gbhat\\source\\repos\\Calculator\\Calculator.API.Tests\\bin\\Debug\\net6.0\\fine-code-coverage\\build-output\\Calculator.API.Tests.dll","CodeFilePath":null,"LineNumber":0,"Properties":[{"Key":{"Id":"NUnit.Seed","Label":"Seed","Category":"","Description":"","Attributes":0,"ValueType":"System.String"},"Value":"1972486434"}]},"Attachments":[],"Outcome":1,"ErrorMessage":null,"ErrorStackTrace":null,"DisplayName":"DivideByZeroTests(0,0)","Messages":[],"ComputerName":"14169-BT","Duration":"00:00:00.0054170","StartTime":"2023-06-14T02:38:17.0347686+00:00","EndTime":"2023-06-14T02:38:17.0401853+00:00","Properties":[{"Key":{"Id":"NUnit.Seed","Label":"Seed","Category":"","Description":"","Attributes":0,"ValueType":"System.String"},"Value":"1972486434"}]},{"TestCase":{"Id":"a1c0dfaa-edb3-b039-e2d0-23162e37fee0","FullyQualifiedName":"Calculator.API.Tests.CalculatorControllerTests.DivideByZeroTests(5,0)","DisplayName":"DivideByZeroTests(5,0)","ExecutorUri":"executor://NUnit3TestExecutor","Source":"C:\\Users\\gbhat\\source\\repos\\Calculator\\Calculator.API.Tests\\bin\\Debug\\net6.0\\fine-code-coverage\\build-output\\Calculator.API.Tests.dll","CodeFilePath":null,"LineNumber":0,"Properties":[{"Key":{"Id":"NUnit.Seed","Label":"Seed","Category":"","Description":"","Attributes":0,"ValueType":"System.String"},"Value":"2029413685"}]},"Attachments":[],"Outcome":1,"ErrorMessage":null,"ErrorStackTrace":null,"DisplayName":"DivideByZeroTests(5,0)","Messages":[],"ComputerName":"14169-BT","Duration":"00:00:00.0001650","StartTime":"2023-06-14T02:38:17.0402015+00:00","EndTime":"2023-06-14T02:38:17.040366+00:00","Properties":[{"Key":{"Id":"NUnit.Seed","Label":"Seed","Category":"","Description":"","Attributes":0,"ValueType":"System.String"},"Value":"2029413685"}]}],"TestRunStatistics":{"ExecutedTests":9,"Stats":{"Passed":9}},"ActiveTests":[{"Id":"78630c5e-8883-e1ba-8231-1955dd9b2582","FullyQualifiedName":"Calculator.API.Tests.CalculatorControllerTests.DivideByZeroTests(0.0d,0.0d)","DisplayName":"DivideByZeroTests(0.0d,0.0d)","ExecutorUri":"executor://NUnit3TestExecutor","Source":"C:\\Users\\gbhat\\source\\repos\\Calculator\\Calculator.API.Tests\\bin\\Debug\\net6.0\\fine-code-coverage\\build-output\\Calculator.API.Tests.dll","CodeFilePath":null,"LineNumber":0,"Properties":[{"Key":{"Id":"NUnit.Seed","Label":"Seed","Category":"","Description":"","Attributes":0,"ValueType":"System.String"},"Value":"1412100937"}]}]}}
TpTrace Verbose: 0 : 43348, 13, 2023/06/14, 14:38:17.113, 25796033925776, vstest.console.dll, TestRunRequest:SendTestRunStatsChange: Starting.
TpTrace Verbose: 0 : 43348, 13, 2023/06/14, 14:38:17.113, 25796033927039, vstest.console.dll, InProgress is DivideByZeroTests(0.0d,0.0d)
TpTrace Verbose: 0 : 43348, 13, 2023/06/14, 14:38:17.114, 25796033930837, vstest.console.dll, MulticastDelegateUtilities.SafeInvoke: TestRun.RunStatsChanged: Invoking callbacks was skipped because there are no subscribers.
TpTrace Information: 0 : 43348, 13, 2023/06/14, 14:38:17.114, 25796033931145, vstest.console.dll, TestRunRequest:SendTestRunStatsChange: Completed.
TpTrace Verbose: 0 : 43348, 13, 2023/06/14, 14:38:17.114, 25796033931377, vstest.console.dll, MulticastDelegateUtilities.SafeInvoke: LengthPrefixCommunicationChannel: MessageReceived: Invoking callback 1/1 for Microsoft.VisualStudio.TestPlatform.CommunicationUtilities.TestRequestSender+<>c__DisplayClass34_0., took 18 ms.
TpTrace Verbose: 0 : 43348, 13, 2023/06/14, 14:38:17.114, 25796033931580, vstest.console.dll, TcpClientExtensions.MessageLoopAsync: Polling on remoteEndPoint: 127.0.0.1:55630 localEndPoint: 127.0.0.1:55629
TpTrace Verbose: 0 : 43348, 13, 2023/06/14, 14:38:17.114, 25796033931852, vstest.console.dll, TcpClientExtensions.MessageLoopAsync: NotifyDataAvailable remoteEndPoint: 127.0.0.1:55630 localEndPoint: 127.0.0.1:55629
TpTrace Verbose: 0 : 43348, 13, 2023/06/14, 14:38:17.114, 25796033932999, vstest.console.dll, TestRequestSender.OnExecutionMessageReceived: Received message: {"Version":5,"MessageType":"TestExecution.StatsChange","Payload":{"NewTestResults":[{"TestCase":{"Id":"78630c5e-8883-e1ba-8231-1955dd9b2582","FullyQualifiedName":"Calculator.API.Tests.CalculatorControllerTests.DivideByZeroTests(0.0d,0.0d)","DisplayName":"DivideByZeroTests(0.0d,0.0d)","ExecutorUri":"executor://NUnit3TestExecutor","Source":"C:\\Users\\gbhat\\source\\repos\\Calculator\\Calculator.API.Tests\\bin\\Debug\\net6.0\\fine-code-coverage\\build-output\\Calculator.API.Tests.dll","CodeFilePath":null,"LineNumber":0,"Properties":[{"Key":{"Id":"NUnit.Seed","Label":"Seed","Category":"","Description":"","Attributes":0,"ValueType":"System.String"},"Value":"1412100937"}]},"Attachments":[],"Outcome":1,"ErrorMessage":null,"ErrorStackTrace":null,"DisplayName":"DivideByZeroTests(0.0d,0.0d)","Messages":[],"ComputerName":"14169-BT","Duration":"00:00:00.0000480","StartTime":"2023-06-14T02:38:17.0403724+00:00","EndTime":"2023-06-14T02:38:17.0404202+00:00","Properties":[{"Key":{"Id":"NUnit.Seed","Label":"Seed","Category":"","Description":"","Attributes":0,"ValueType":"System.String"},"Value":"1412100937"}]},{"TestCase":{"Id":"09f2048c-d810-83fe-996e-73b98605cfa7","FullyQualifiedName":"Calculator.API.Tests.CalculatorControllerTests.DivideCalculationTests(10,5,2)","DisplayName":"DivideCalculationTests(10,5,2)","ExecutorUri":"executor://NUnit3TestExecutor","Source":"C:\\Users\\gbhat\\source\\repos\\Calculator\\Calculator.API.Tests\\bin\\Debug\\net6.0\\fine-code-coverage\\build-output\\Calculator.API.Tests.dll","CodeFilePath":null,"LineNumber":0,"Properties":[{"Key":{"Id":"NUnit.Seed","Label":"Seed","Category":"","Description":"","Attributes":0,"ValueType":"System.String"},"Value":"1179378486"}]},"Attachments":[],"Outcome":1,"ErrorMessage":null,"ErrorStackTrace":null,"DisplayName":"DivideCalculationTests(10,5,2)","Messages":[],"ComputerName":"14169-BT","Duration":"00:00:00.0003830","StartTime":"2023-06-14T02:38:17.0404545+00:00","EndTime":"2023-06-14T02:38:17.0408377+00:00","Properties":[{"Key":{"Id":"NUnit.Seed","Label":"Seed","Category":"","Description":"","Attributes":0,"ValueType":"System.String"},"Value":"1179378486"}]},{"TestCase":{"Id":"b0f0bac0-aa02-4368-57f6-0e2ed358393d","FullyQualifiedName":"Calculator.API.Tests.CalculatorControllerTests.DivideCalculationTests(0,5,0)","DisplayName":"DivideCalculationTests(0,5,0)","ExecutorUri":"executor://NUnit3TestExecutor","Source":"C:\\Users\\gbhat\\source\\repos\\Calculator\\Calculator.API.Tests\\bin\\Debug\\net6.0\\fine-code-coverage\\build-output\\Calculator.API.Tests.dll","CodeFilePath":null,"LineNumber":0,"Properties":[{"Key":{"Id":"NUnit.Seed","Label":"Seed","Category":"","Description":"","Attributes":0,"ValueType":"System.String"},"Value":"1586942087"}]},"Attachments":[],"Outcome":1,"ErrorMessage":null,"ErrorStackTrace":null,"DisplayName":"DivideCalculationTests(0,5,0)","Messages":[],"ComputerName":"14169-BT","Duration":"00:00:00.0000550","StartTime":"2023-06-14T02:38:17.0408457+00:00","EndTime":"2023-06-14T02:38:17.0409003+00:00","Properties":[{"Key":{"Id":"NUnit.Seed","Label":"Seed","Category":"","Description":"","Attributes":0,"ValueType":"System.String"},"Value":"1586942087"}]},{"TestCase":{"Id":"16f30562-3de1-948e-5401-2494c014aba9","FullyQualifiedName":"Calculator.API.Tests.CalculatorControllerTests.DivideCalculationTests(-15,5,-3)","DisplayName":"DivideCalculationTests(-15,5,-3)","ExecutorUri":"executor://NUnit3TestExecutor","Source":"C:\\Users\\gbhat\\source\\repos\\Calculator\\Calculator.API.Tests\\bin\\Debug\\net6.0\\fine-code-coverage\\build-output\\Calculator.API.Tests.dll","CodeFilePath":null,"LineNumber":0,"Properties":[{"Key":{"Id":"NUnit.Seed","Label":"Seed","Category":"","Description":"","Attributes":0,"ValueType":"System.String"},"Value":"1766939722"}]},"Attachments":[],"Outcome":1,"ErrorMessage":null,"ErrorStackTrace":null,"DisplayName":"DivideCalculationTests(-15,5,-3)","Messages":[],"ComputerName":"14169-BT","Duration":"00:00:00.0000410","StartTime":"2023-06-14T02:38:17.0409048+00:00","EndTime":"2023-06-14T02:38:17.0409458+00:00","Properties":[{"Key":{"Id":"NUnit.Seed","Label":"Seed","Category":"","Description":"","Attributes":0,"ValueType":"System.String"},"Value":"1766939722"}]},{"TestCase":{"Id":"093426c9-857e-7efd-aa1b-ceb8bd589c99","FullyQualifiedName":"Calculator.API.Tests.CalculatorControllerTests.DivideCalculationTests(10.5d,2.5d,4.2d)","DisplayName":"DivideCalculationTests(10.5d,2.5d,4.2d)","ExecutorUri":"executor://NUnit3TestExecutor","Source":"C:\\Users\\gbhat\\source\\repos\\Calculator\\Calculator.API.Tests\\bin\\Debug\\net6.0\\fine-code-coverage\\build-output\\Calculator.API.Tests.dll","CodeFilePath":null,"LineNumber":0,"Properties":[{"Key":{"Id":"NUnit.Seed","Label":"Seed","Category":"","Description":"","Attributes":0,"ValueType":"System.String"},"Value":"944316656"}]},"Attachments":[],"Outcome":1,"ErrorMessage":null,"ErrorStackTrace":null,"DisplayName":"DivideCalculationTests(10.5d,2.5d,4.2d)","Messages":[],"ComputerName":"14169-BT","Duration":"00:00:00.0000380","StartTime":"2023-06-14T02:38:17.0409497+00:00","EndTime":"2023-06-14T02:38:17.0409879+00:00","Properties":[{"Key":{"Id":"NUnit.Seed","Label":"Seed","Category":"","Description":"","Attributes":0,"ValueType":"System.String"},"Value":"944316656"}]},{"TestCase":{"Id":"7492bcdb-9a3e-6e65-ea81-377097fe1711","FullyQualifiedName":"Calculator.API.Tests.CalculatorControllerTests.InvalidRequestTests(null,null,null)","DisplayName":"InvalidRequestTests(null,null,null)","ExecutorUri":"executor://NUnit3TestExecutor","Source":"C:\\Users\\gbhat\\source\\repos\\Calculator\\Calculator.API.Tests\\bin\\Debug\\net6.0\\fine-code-coverage\\build-output\\Calculator.API.Tests.dll","CodeFilePath":null,"LineNumber":0,"Properties":[{"Key":{"Id":"NUnit.Seed","Label":"Seed","Category":"","Description":"","Attributes":0,"ValueType":"System.String"},"Value":"881526290"}]},"Attachments":[],"Outcome":1,"ErrorMessage":null,"ErrorStackTrace":null,"DisplayName":"InvalidRequestTests(null,null,null)","Messages":[],"ComputerName":"14169-BT","Duration":"00:00:00.0003700","StartTime":"2023-06-14T02:38:17.0410116+00:00","EndTime":"2023-06-14T02:38:17.0413818+00:00","Properties":[{"Key":{"Id":"NUnit.Seed","Label":"Seed","Category":"","Description":"","Attributes":0,"ValueType":"System.String"},"Value":"881526290"}]},{"TestCase":{"Id":"19a46c2b-afa4-34ae-1f10-6d5f4dfb978c","FullyQualifiedName":"Calculator.API.Tests.CalculatorControllerTests.InvalidRequestTests(10.5d,null,null)","DisplayName":"InvalidRequestTests(10.5d,null,null)","ExecutorUri":"executor://NUnit3TestExecutor","Source":"C:\\Users\\gbhat\\source\\repos\\Calculator\\Calculator.API.Tests\\bin\\Debug\\net6.0\\fine-code-coverage\\build-output\\Calculator.API.Tests.dll","CodeFilePath":null,"LineNumber":0,"Properties":[{"Key":{"Id":"NUnit.Seed","Label":"Seed","Category":"","Description":"","Attributes":0,"ValueType":"System.String"},"Value":"227131433"}]},"Attachments":[],"Outcome":1,"ErrorMessage":null,"ErrorStackTrace":null,"DisplayName":"InvalidRequestTests(10.5d,null,null)","Messages":[],"ComputerName":"14169-BT","Duration":"00:00:00.0000630","StartTime":"2023-06-14T02:38:17.0413885+00:00","EndTime":"2023-06-14T02:38:17.0414517+00:00","Properties":[{"Key":{"Id":"NUnit.Seed","Label":"Seed","Category":"","Description":"","Attributes":0,"ValueType":"System.String"},"Value":"227131433"}]},{"TestCase":{"Id":"b32615dc-27b1-503c-37d2-325d32dda135","FullyQualifiedName":"Calculator.API.Tests.CalculatorControllerTests.InvalidRequestTests(10.5d,5.5d,null)","DisplayName":"InvalidRequestTests(10.5d,5.5d,null)","ExecutorUri":"executor://NUnit3TestExecutor","Source":"C:\\Users\\gbhat\\source\\repos\\Calculator\\Calculator.API.Tests\\bin\\Debug\\net6.0\\fine-code-coverage\\build-output\\Calculator.API.Tests.dll","CodeFilePath":null,"LineNumber":0,"Properties":[{"Key":{"Id":"NUnit.Seed","Label":"Seed","Category":"","Description":"","Attributes":0,"ValueType":"System.String"},"Value":"218617350"}]},"Attachments":[],"Outcome":1,"ErrorMessage":null,"ErrorStackTrace":null,"DisplayName":"InvalidRequestTests(10.5d,5.5d,null)","Messages":[],"ComputerName":"14169-BT","Duration":"00:00:00.0000410","StartTime":"2023-06-14T02:38:17.0414567+00:00","EndTime":"2023-06-14T02:38:17.0414975+00:00","Properties":[{"Key":{"Id":"NUnit.Seed","Label":"Seed","Category":"","Description":"","Attributes":0,"ValueType":"System.String"},"Value":"218617350"}]},{"TestCase":{"Id":"2833f0ca-f05f-116c-e2f1-f2f4c74b5ce6","FullyQualifiedName":"Calculator.API.Tests.CalculatorControllerTests.InvalidRequestTests(10.5d,null,'+')","DisplayName":"InvalidRequestTests(10.5d,null,'+')","ExecutorUri":"executor://NUnit3TestExecutor","Source":"C:\\Users\\gbhat\\source\\repos\\Calculator\\Calculator.API.Tests\\bin\\Debug\\net6.0\\fine-code-coverage\\build-output\\Calculator.API.Tests.dll","CodeFilePath":null,"LineNumber":0,"Properties":[{"Key":{"Id":"NUnit.Seed","Label":"Seed","Category":"","Description":"","Attributes":0,"ValueType":"System.String"},"Value":"665267518"}]},"Attachments":[],"Outcome":1,"ErrorMessage":null,"ErrorStackTrace":null,"DisplayName":"InvalidRequestTests(10.5d,null,'+')","Messages":[],"ComputerName":"14169-BT","Duration":"00:00:00.0000550","StartTime":"2023-06-14T02:38:17.0415015+00:00","EndTime":"2023-06-14T02:38:17.041556+00:00","Properties":[{"Key":{"Id":"NUnit.Seed","Label":"Seed","Category":"","Description":"","Attributes":0,"ValueType":"System.String"},"Value":"665267518"}]}],"TestRunStatistics":{"ExecutedTests":18,"Stats":{"Passed":18}},"ActiveTests":[{"Id":"99ba6768-b639-6b4c-a388-eb40eba16422","FullyQualifiedName":"Calculator.API.Tests.CalculatorControllerTests.InvalidRequestTests(null,5.5d,'+')","DisplayName":"InvalidRequestTests(null,5.5d,'+')","ExecutorUri":"executor://NUnit3TestExecutor","Source":"C:\\Users\\gbhat\\source\\repos\\Calculator\\Calculator.API.Tests\\bin\\Debug\\net6.0\\fine-code-coverage\\build-output\\Calculator.API.Tests.dll","CodeFilePath":null,"LineNumber":0,"Properties":[{"Key":{"Id":"NUnit.Seed","Label":"Seed","Category":"","Description":"","Attributes":0,"ValueType":"System.String"},"Value":"436432007"}]}]}}
TpTrace Verbose: 0 : 43348, 13, 2023/06/14, 14:38:17.115, 25796033944186, vstest.console.dll, TestRunRequest:SendTestRunStatsChange: Starting.
TpTrace Verbose: 0 : 43348, 13, 2023/06/14, 14:38:17.115, 25796033944580, vstest.console.dll, InProgress is InvalidRequestTests(null,5.5d,'+')
TpTrace Verbose: 0 : 43348, 13, 2023/06/14, 14:38:17.115, 25796033944966, vstest.console.dll, MulticastDelegateUtilities.SafeInvoke: TestRun.RunStatsChanged: Invoking callbacks was skipped because there are no subscribers.
TpTrace Information: 0 : 43348, 13, 2023/06/14, 14:38:17.115, 25796033945127, vstest.console.dll, TestRunRequest:SendTestRunStatsChange: Completed.
TpTrace Verbose: 0 : 43348, 4, 2023/06/14, 14:38:17.115, 25796033945253, vstest.console.dll, MulticastDelegateUtilities.SafeInvoke: InternalTestLoggerEvents.SendTestResult: Invoking callback 1/1 for Microsoft.VisualStudio.TestPlatform.CommandLine.Internal.ConsoleLogger., took 1 ms.
TpTrace Verbose: 0 : 43348, 13, 2023/06/14, 14:38:17.115, 25796033945306, vstest.console.dll, MulticastDelegateUtilities.SafeInvoke: LengthPrefixCommunicationChannel: MessageReceived: Invoking callback 1/1 for Microsoft.VisualStudio.TestPlatform.CommunicationUtilities.TestRequestSender+<>c__DisplayClass34_0., took 1 ms.
TpTrace Verbose: 0 : 43348, 13, 2023/06/14, 14:38:17.115, 25796033946835, vstest.console.dll, TcpClientExtensions.MessageLoopAsync: Polling on remoteEndPoint: 127.0.0.1:55630 localEndPoint: 127.0.0.1:55629
TpTrace Verbose: 0 : 43348, 4, 2023/06/14, 14:38:17.115, 25796033946971, vstest.console.dll, MulticastDelegateUtilities.SafeInvoke: InternalTestLoggerEvents.SendTestResult: Invoking callback 1/1 for Microsoft.VisualStudio.TestPlatform.CommandLine.Internal.ConsoleLogger., took 0 ms.
TpTrace Verbose: 0 : 43348, 4, 2023/06/14, 14:38:17.115, 25796033947380, vstest.console.dll, MulticastDelegateUtilities.SafeInvoke: InternalTestLoggerEvents.SendTestResult: Invoking callback 1/1 for Microsoft.VisualStudio.TestPlatform.CommandLine.Internal.ConsoleLogger., took 0 ms.
TpTrace Verbose: 0 : 43348, 4, 2023/06/14, 14:38:17.116, 25796033947688, vstest.console.dll, MulticastDelegateUtilities.SafeInvoke: InternalTestLoggerEvents.SendTestResult: Invoking callback 1/1 for Microsoft.VisualStudio.TestPlatform.CommandLine.Internal.ConsoleLogger., took 0 ms.
TpTrace Verbose: 0 : 43348, 4, 2023/06/14, 14:38:17.116, 25796033947882, vstest.console.dll, MulticastDelegateUtilities.SafeInvoke: InternalTestLoggerEvents.SendTestResult: Invoking callback 1/1 for Microsoft.VisualStudio.TestPlatform.CommandLine.Internal.ConsoleLogger., took 0 ms.
TpTrace Verbose: 0 : 43348, 4, 2023/06/14, 14:38:17.116, 25796033948055, vstest.console.dll, MulticastDelegateUtilities.SafeInvoke: InternalTestLoggerEvents.SendTestResult: Invoking callback 1/1 for Microsoft.VisualStudio.TestPlatform.CommandLine.Internal.ConsoleLogger., took 0 ms.
TpTrace Verbose: 0 : 43348, 4, 2023/06/14, 14:38:17.116, 25796033949020, vstest.console.dll, MulticastDelegateUtilities.SafeInvoke: InternalTestLoggerEvents.SendTestResult: Invoking callback 1/1 for Microsoft.VisualStudio.TestPlatform.CommandLine.Internal.ConsoleLogger., took 0 ms.
TpTrace Verbose: 0 : 43348, 4, 2023/06/14, 14:38:17.116, 25796033954923, vstest.console.dll, MulticastDelegateUtilities.SafeInvoke: InternalTestLoggerEvents.SendTestResult: Invoking callback 1/1 for Microsoft.VisualStudio.TestPlatform.CommandLine.Internal.ConsoleLogger., took 0 ms.
TpTrace Verbose: 0 : 43348, 4, 2023/06/14, 14:38:17.116, 25796033955699, vstest.console.dll, MulticastDelegateUtilities.SafeInvoke: InternalTestLoggerEvents.SendTestResult: Invoking callback 1/1 for Microsoft.VisualStudio.TestPlatform.CommandLine.Internal.ConsoleLogger., took 0 ms.
TpTrace Verbose: 0 : 43348, 4, 2023/06/14, 14:38:17.116, 25796033956110, vstest.console.dll, MulticastDelegateUtilities.SafeInvoke: InternalTestLoggerEvents.SendTestResult: Invoking callback 1/1 for Microsoft.VisualStudio.TestPlatform.CommandLine.Internal.ConsoleLogger., took 0 ms.
TpTrace Verbose: 0 : 43348, 4, 2023/06/14, 14:38:17.116, 25796033956296, vstest.console.dll, MulticastDelegateUtilities.SafeInvoke: InternalTestLoggerEvents.SendTestResult: Invoking callback 1/1 for Microsoft.VisualStudio.TestPlatform.CommandLine.Internal.ConsoleLogger., took 0 ms.
TpTrace Verbose: 0 : 43348, 4, 2023/06/14, 14:38:17.116, 25796033956510, vstest.console.dll, MulticastDelegateUtilities.SafeInvoke: InternalTestLoggerEvents.SendTestResult: Invoking callback 1/1 for Microsoft.VisualStudio.TestPlatform.CommandLine.Internal.ConsoleLogger., took 0 ms.
TpTrace Verbose: 0 : 43348, 4, 2023/06/14, 14:38:17.116, 25796033956686, vstest.console.dll, MulticastDelegateUtilities.SafeInvoke: InternalTestLoggerEvents.SendTestResult: Invoking callback 1/1 for Microsoft.VisualStudio.TestPlatform.CommandLine.Internal.ConsoleLogger., took 0 ms.
TpTrace Verbose: 0 : 43348, 4, 2023/06/14, 14:38:17.116, 25796033956854, vstest.console.dll, MulticastDelegateUtilities.SafeInvoke: InternalTestLoggerEvents.SendTestResult: Invoking callback 1/1 for Microsoft.VisualStudio.TestPlatform.CommandLine.Internal.ConsoleLogger., took 0 ms.
TpTrace Verbose: 0 : 43348, 4, 2023/06/14, 14:38:17.116, 25796033957060, vstest.console.dll, MulticastDelegateUtilities.SafeInvoke: InternalTestLoggerEvents.SendTestResult: Invoking callback 1/1 for Microsoft.VisualStudio.TestPlatform.CommandLine.Internal.ConsoleLogger., took 0 ms.
TpTrace Verbose: 0 : 43348, 4, 2023/06/14, 14:38:17.116, 25796033957236, vstest.console.dll, MulticastDelegateUtilities.SafeInvoke: InternalTestLoggerEvents.SendTestResult: Invoking callback 1/1 for Microsoft.VisualStudio.TestPlatform.CommandLine.Internal.ConsoleLogger., took 0 ms.
TpTrace Verbose: 0 : 43348, 4, 2023/06/14, 14:38:17.116, 25796033957404, vstest.console.dll, MulticastDelegateUtilities.SafeInvoke: InternalTestLoggerEvents.SendTestResult: Invoking callback 1/1 for Microsoft.VisualStudio.TestPlatform.CommandLine.Internal.ConsoleLogger., took 0 ms.
TpTrace Verbose: 0 : 43348, 4, 2023/06/14, 14:38:17.117, 25796033957620, vstest.console.dll, MulticastDelegateUtilities.SafeInvoke: InternalTestLoggerEvents.SendTestResult: Invoking callback 1/1 for Microsoft.VisualStudio.TestPlatform.CommandLine.Internal.ConsoleLogger., took 0 ms.
TpTrace Verbose: 0 : 43348, 13, 2023/06/14, 14:38:17.133, 25796034120845, vstest.console.dll, TcpClientExtensions.MessageLoopAsync: NotifyDataAvailable remoteEndPoint: 127.0.0.1:55630 localEndPoint: 127.0.0.1:55629
TpTrace Verbose: 0 : 43348, 13, 2023/06/14, 14:38:17.133, 25796034122874, vstest.console.dll, TestRequestSender.OnExecutionMessageReceived: Received message: {"Version":5,"MessageType":"TestExecution.StatsChange","Payload":{"NewTestResults":[{"TestCase":{"Id":"99ba6768-b639-6b4c-a388-eb40eba16422","FullyQualifiedName":"Calculator.API.Tests.CalculatorControllerTests.InvalidRequestTests(null,5.5d,'+')","DisplayName":"InvalidRequestTests(null,5.5d,'+')","ExecutorUri":"executor://NUnit3TestExecutor","Source":"C:\\Users\\gbhat\\source\\repos\\Calculator\\Calculator.API.Tests\\bin\\Debug\\net6.0\\fine-code-coverage\\build-output\\Calculator.API.Tests.dll","CodeFilePath":null,"LineNumber":0,"Properties":[{"Key":{"Id":"NUnit.Seed","Label":"Seed","Category":"","Description":"","Attributes":0,"ValueType":"System.String"},"Value":"436432007"}]},"Attachments":[],"Outcome":1,"ErrorMessage":null,"ErrorStackTrace":null,"DisplayName":"InvalidRequestTests(null,5.5d,'+')","Messages":[],"ComputerName":"14169-BT","Duration":"00:00:00.0000349","StartTime":"2023-06-14T02:38:17.0415598+00:00","EndTime":"2023-06-14T02:38:17.0415948+00:00","Properties":[{"Key":{"Id":"NUnit.Seed","Label":"Seed","Category":"","Description":"","Attributes":0,"ValueType":"System.String"},"Value":"436432007"}]},{"TestCase":{"Id":"ffb1bb6f-e595-b819-a127-bfed296db7e4","FullyQualifiedName":"Calculator.API.Tests.CalculatorControllerTests.InvalidRequestTests(null,5.5d,null)","DisplayName":"InvalidRequestTests(null,5.5d,null)","ExecutorUri":"executor://NUnit3TestExecutor","Source":"C:\\Users\\gbhat\\source\\repos\\Calculator\\Calculator.API.Tests\\bin\\Debug\\net6.0\\fine-code-coverage\\build-output\\Calculator.API.Tests.dll","CodeFilePath":null,"LineNumber":0,"Properties":[{"Key":{"Id":"NUnit.Seed","Label":"Seed","Category":"","Description":"","Attributes":0,"ValueType":"System.String"},"Value":"1106343868"}]},"Attachments":[],"Outcome":1,"ErrorMessage":null,"ErrorStackTrace":null,"DisplayName":"InvalidRequestTests(null,5.5d,null)","Messages":[],"ComputerName":"14169-BT","Duration":"00:00:00.0000370","StartTime":"2023-06-14T02:38:17.0415994+00:00","EndTime":"2023-06-14T02:38:17.041636+00:00","Properties":[{"Key":{"Id":"NUnit.Seed","Label":"Seed","Category":"","Description":"","Attributes":0,"ValueType":"System.String"},"Value":"1106343868"}]},{"TestCase":{"Id":"9c66bb75-2e5b-0c1c-330b-bb1a7576f00b","FullyQualifiedName":"Calculator.API.Tests.CalculatorControllerTests.InvalidRequestTests(null,null,'+')","DisplayName":"InvalidRequestTests(null,null,'+')","ExecutorUri":"executor://NUnit3TestExecutor","Source":"C:\\Users\\gbhat\\source\\repos\\Calculator\\Calculator.API.Tests\\bin\\Debug\\net6.0\\fine-code-coverage\\build-output\\Calculator.API.Tests.dll","CodeFilePath":null,"LineNumber":0,"Properties":[{"Key":{"Id":"NUnit.Seed","Label":"Seed","Category":"","Description":"","Attributes":0,"ValueType":"System.String"},"Value":"115637013"}]},"Attachments":[],"Outcome":1,"ErrorMessage":null,"ErrorStackTrace":null,"DisplayName":"InvalidRequestTests(null,null,'+')","Messages":[],"ComputerName":"14169-BT","Duration":"00:00:00.0000380","StartTime":"2023-06-14T02:38:17.0416398+00:00","EndTime":"2023-06-14T02:38:17.0416782+00:00","Properties":[{"Key":{"Id":"NUnit.Seed","Label":"Seed","Category":"","Description":"","Attributes":0,"ValueType":"System.String"},"Value":"115637013"}]},{"TestCase":{"Id":"79ba7570-70ad-fd01-9121-c3271c8ea65d","FullyQualifiedName":"Calculator.API.Tests.CalculatorControllerTests.InvalidRequestTests(10.5d,5.5d,'%')","DisplayName":"InvalidRequestTests(10.5d,5.5d,'%')","ExecutorUri":"executor://NUnit3TestExecutor","Source":"C:\\Users\\gbhat\\source\\repos\\Calculator\\Calculator.API.Tests\\bin\\Debug\\net6.0\\fine-code-coverage\\build-output\\Calculator.API.Tests.dll","CodeFilePath":null,"LineNumber":0,"Properties":[{"Key":{"Id":"NUnit.Seed","Label":"Seed","Category":"","Description":"","Attributes":0,"ValueType":"System.String"},"Value":"1726828481"}]},"Attachments":[],"Outcome":1,"ErrorMessage":null,"ErrorStackTrace":null,"DisplayName":"InvalidRequestTests(10.5d,5.5d,'%')","Messages":[],"ComputerName":"14169-BT","Duration":"00:00:00.0000370","StartTime":"2023-06-14T02:38:17.041682+00:00","EndTime":"2023-06-14T02:38:17.0417191+00:00","Properties":[{"Key":{"Id":"NUnit.Seed","Label":"Seed","Category":"","Description":"","Attributes":0,"ValueType":"System.String"},"Value":"1726828481"}]},{"TestCase":{"Id":"eb7e83b5-1bca-c806-0c6d-6162c6f6b79e","FullyQualifiedName":"Calculator.API.Tests.CalculatorControllerTests.MultiplyCalculationTests(10,5,50)","DisplayName":"MultiplyCalculationTests(10,5,50)","ExecutorUri":"executor://NUnit3TestExecutor","Source":"C:\\Users\\gbhat\\source\\repos\\Calculator\\Calculator.API.Tests\\bin\\Debug\\net6.0\\fine-code-coverage\\build-output\\Calculator.API.Tests.dll","CodeFilePath":null,"LineNumber":0,"Properties":[{"Key":{"Id":"NUnit.Seed","Label":"Seed","Category":"","Description":"","Attributes":0,"ValueType":"System.String"},"Value":"163476846"}]},"Attachments":[],"Outcome":1,"ErrorMessage":null,"ErrorStackTrace":null,"DisplayName":"MultiplyCalculationTests(10,5,50)","Messages":[],"ComputerName":"14169-BT","Duration":"00:00:00.0003680","StartTime":"2023-06-14T02:38:17.0417366+00:00","EndTime":"2023-06-14T02:38:17.0421045+00:00","Properties":[{"Key":{"Id":"NUnit.Seed","Label":"Seed","Category":"","Description":"","Attributes":0,"ValueType":"System.String"},"Value":"163476846"}]},{"TestCase":{"Id":"470fed48-c25f-be36-ba60-0dd8fa891cb5","FullyQualifiedName":"Calculator.API.Tests.CalculatorControllerTests.MultiplyCalculationTests(0,0,0)","DisplayName":"MultiplyCalculationTests(0,0,0)","ExecutorUri":"executor://NUnit3TestExecutor","Source":"C:\\Users\\gbhat\\source\\repos\\Calculator\\Calculator.API.Tests\\bin\\Debug\\net6.0\\fine-code-coverage\\build-output\\Calculator.API.Tests.dll","CodeFilePath":null,"LineNumber":0,"Properties":[{"Key":{"Id":"NUnit.Seed","Label":"Seed","Category":"","Description":"","Attributes":0,"ValueType":"System.String"},"Value":"1993747335"}]},"Attachments":[],"Outcome":1,"ErrorMessage":null,"ErrorStackTrace":null,"DisplayName":"MultiplyCalculationTests(0,0,0)","Messages":[],"ComputerName":"14169-BT","Duration":"00:00:00.0000540","StartTime":"2023-06-14T02:38:17.0421113+00:00","EndTime":"2023-06-14T02:38:17.0421654+00:00","Properties":[{"Key":{"Id":"NUnit.Seed","Label":"Seed","Category":"","Description":"","Attributes":0,"ValueType":"System.String"},"Value":"1993747335"}]},{"TestCase":{"Id":"af83f7f1-800b-ce6b-63f4-b7a1003b5cbd","FullyQualifiedName":"Calculator.API.Tests.CalculatorControllerTests.MultiplyCalculationTests(0,5,0)","DisplayName":"MultiplyCalculationTests(0,5,0)","ExecutorUri":"executor://NUnit3TestExecutor","Source":"C:\\Users\\gbhat\\source\\repos\\Calculator\\Calculator.API.Tests\\bin\\Debug\\net6.0\\fine-code-coverage\\build-output\\Calculator.API.Tests.dll","CodeFilePath":null,"LineNumber":0,"Properties":[{"Key":{"Id":"NUnit.Seed","Label":"Seed","Category":"","Description":"","Attributes":0,"ValueType":"System.String"},"Value":"1618911582"}]},"Attachments":[],"Outcome":1,"ErrorMessage":null,"ErrorStackTrace":null,"DisplayName":"MultiplyCalculationTests(0,5,0)","Messages":[],"ComputerName":"14169-BT","Duration":"00:00:00.0000590","StartTime":"2023-06-14T02:38:17.0421697+00:00","EndTime":"2023-06-14T02:38:17.0422284+00:00","Properties":[{"Key":{"Id":"NUnit.Seed","Label":"Seed","Category":"","Description":"","Attributes":0,"ValueType":"System.String"},"Value":"1618911582"}]},{"TestCase":{"Id":"4d2574f0-7f83-d448-4240-8668caf44145","FullyQualifiedName":"Calculator.API.Tests.CalculatorControllerTests.MultiplyCalculationTests(5,0,0)","DisplayName":"MultiplyCalculationTests(5,0,0)","ExecutorUri":"executor://NUnit3TestExecutor","Source":"C:\\Users\\gbhat\\source\\repos\\Calculator\\Calculator.API.Tests\\bin\\Debug\\net6.0\\fine-code-coverage\\build-output\\Calculator.API.Tests.dll","CodeFilePath":null,"LineNumber":0,"Properties":[{"Key":{"Id":"NUnit.Seed","Label":"Seed","Category":"","Description":"","Attributes":0,"ValueType":"System.String"},"Value":"2009240009"}]},"Attachments":[],"Outcome":1,"ErrorMessage":null,"ErrorStackTrace":null,"DisplayName":"MultiplyCalculationTests(5,0,0)","Messages":[],"ComputerName":"14169-BT","Duration":"00:00:00.0000410","StartTime":"2023-06-14T02:38:17.0422324+00:00","EndTime":"2023-06-14T02:38:17.0422738+00:00","Properties":[{"Key":{"Id":"NUnit.Seed","Label":"Seed","Category":"","Description":"","Attributes":0,"ValueType":"System.String"},"Value":"2009240009"}]},{"TestCase":{"Id":"e2fd10a4-920c-d95d-78cc-3cea4b7fee9a","FullyQualifiedName":"Calculator.API.Tests.CalculatorControllerTests.MultiplyCalculationTests(-15,5,-75)","DisplayName":"MultiplyCalculationTests(-15,5,-75)","ExecutorUri":"executor://NUnit3TestExecutor","Source":"C:\\Users\\gbhat\\source\\repos\\Calculator\\Calculator.API.Tests\\bin\\Debug\\net6.0\\fine-code-coverage\\build-output\\Calculator.API.Tests.dll","CodeFilePath":null,"LineNumber":0,"Properties":[{"Key":{"Id":"NUnit.Seed","Label":"Seed","Category":"","Description":"","Attributes":0,"ValueType":"System.String"},"Value":"1145467676"}]},"Attachments":[],"Outcome":1,"ErrorMessage":null,"ErrorStackTrace":null,"DisplayName":"MultiplyCalculationTests(-15,5,-75)","Messages":[],"ComputerName":"14169-BT","Duration":"00:00:00.0000360","StartTime":"2023-06-14T02:38:17.0422811+00:00","EndTime":"2023-06-14T02:38:17.0423166+00:00","Properties":[{"Key":{"Id":"NUnit.Seed","Label":"Seed","Category":"","Description":"","Attributes":0,"ValueType":"System.String"},"Value":"1145467676"}]}],"TestRunStatistics":{"ExecutedTests":27,"Stats":{"Passed":27}},"ActiveTests":[{"Id":"4e28007d-efe2-7f93-64ca-e25a798eb54e","FullyQualifiedName":"Calculator.API.Tests.CalculatorControllerTests.MultiplyCalculationTests(10.25d,5.45d,55.8625d)","DisplayName":"MultiplyCalculationTests(10.25d,5.45d,55.8625d)","ExecutorUri":"executor://NUnit3TestExecutor","Source":"C:\\Users\\gbhat\\source\\repos\\Calculator\\Calculator.API.Tests\\bin\\Debug\\net6.0\\fine-code-coverage\\build-output\\Calculator.API.Tests.dll","CodeFilePath":null,"LineNumber":0,"Properties":[{"Key":{"Id":"NUnit.Seed","Label":"Seed","Category":"","Description":"","Attributes":0,"ValueType":"System.String"},"Value":"1348218226"}]}]}}
TpTrace Verbose: 0 : 43348, 13, 2023/06/14, 14:38:17.138, 25796034172120, vstest.console.dll, TestRunRequest:SendTestRunStatsChange: Starting.
TpTrace Verbose: 0 : 43348, 13, 2023/06/14, 14:38:17.138, 25796034172977, vstest.console.dll, InProgress is MultiplyCalculationTests(10.25d,5.45d,55.8625d)
TpTrace Verbose: 0 : 43348, 13, 2023/06/14, 14:38:17.138, 25796034173345, vstest.console.dll, MulticastDelegateUtilities.SafeInvoke: TestRun.RunStatsChanged: Invoking callbacks was skipped because there are no subscribers.
TpTrace Information: 0 : 43348, 13, 2023/06/14, 14:38:17.138, 25796034173626, vstest.console.dll, TestRunRequest:SendTestRunStatsChange: Completed.
TpTrace Verbose: 0 : 43348, 13, 2023/06/14, 14:38:17.138, 25796034173828, vstest.console.dll, MulticastDelegateUtilities.SafeInvoke: LengthPrefixCommunicationChannel: MessageReceived: Invoking callback 1/1 for Microsoft.VisualStudio.TestPlatform.CommunicationUtilities.TestRequestSender+<>c__DisplayClass34_0., took 5 ms.
TpTrace Verbose: 0 : 43348, 13, 2023/06/14, 14:38:17.138, 25796034174154, vstest.console.dll, TcpClientExtensions.MessageLoopAsync: Polling on remoteEndPoint: 127.0.0.1:55630 localEndPoint: 127.0.0.1:55629
TpTrace Verbose: 0 : 43348, 4, 2023/06/14, 14:38:17.138, 25796034174179, vstest.console.dll, MulticastDelegateUtilities.SafeInvoke: InternalTestLoggerEvents.SendTestResult: Invoking callback 1/1 for Microsoft.VisualStudio.TestPlatform.CommandLine.Internal.ConsoleLogger., took 0 ms.
TpTrace Verbose: 0 : 43348, 4, 2023/06/14, 14:38:17.138, 25796034174791, vstest.console.dll, MulticastDelegateUtilities.SafeInvoke: InternalTestLoggerEvents.SendTestResult: Invoking callback 1/1 for Microsoft.VisualStudio.TestPlatform.CommandLine.Internal.ConsoleLogger., took 0 ms.
TpTrace Verbose: 0 : 43348, 4, 2023/06/14, 14:38:17.138, 25796034175017, vstest.console.dll, MulticastDelegateUtilities.SafeInvoke: InternalTestLoggerEvents.SendTestResult: Invoking callback 1/1 for Microsoft.VisualStudio.TestPlatform.CommandLine.Internal.ConsoleLogger., took 0 ms.
TpTrace Verbose: 0 : 43348, 4, 2023/06/14, 14:38:17.138, 25796034175203, vstest.console.dll, MulticastDelegateUtilities.SafeInvoke: InternalTestLoggerEvents.SendTestResult: Invoking callback 1/1 for Microsoft.VisualStudio.TestPlatform.CommandLine.Internal.ConsoleLogger., took 0 ms.
TpTrace Verbose: 0 : 43348, 4, 2023/06/14, 14:38:17.138, 25796034175386, vstest.console.dll, MulticastDelegateUtilities.SafeInvoke: InternalTestLoggerEvents.SendTestResult: Invoking callback 1/1 for Microsoft.VisualStudio.TestPlatform.CommandLine.Internal.ConsoleLogger., took 0 ms.
TpTrace Verbose: 0 : 43348, 4, 2023/06/14, 14:38:17.138, 25796034175553, vstest.console.dll, MulticastDelegateUtilities.SafeInvoke: InternalTestLoggerEvents.SendTestResult: Invoking callback 1/1 for Microsoft.VisualStudio.TestPlatform.CommandLine.Internal.ConsoleLogger., took 0 ms.
TpTrace Verbose: 0 : 43348, 4, 2023/06/14, 14:38:17.138, 25796034175732, vstest.console.dll, MulticastDelegateUtilities.SafeInvoke: InternalTestLoggerEvents.SendTestResult: Invoking callback 1/1 for Microsoft.VisualStudio.TestPlatform.CommandLine.Internal.ConsoleLogger., took 0 ms.
TpTrace Verbose: 0 : 43348, 4, 2023/06/14, 14:38:17.138, 25796034175897, vstest.console.dll, MulticastDelegateUtilities.SafeInvoke: InternalTestLoggerEvents.SendTestResult: Invoking callback 1/1 for Microsoft.VisualStudio.TestPlatform.CommandLine.Internal.ConsoleLogger., took 0 ms.
TpTrace Verbose: 0 : 43348, 4, 2023/06/14, 14:38:17.138, 25796034176062, vstest.console.dll, MulticastDelegateUtilities.SafeInvoke: InternalTestLoggerEvents.SendTestResult: Invoking callback 1/1 for Microsoft.VisualStudio.TestPlatform.CommandLine.Internal.ConsoleLogger., took 0 ms.
TpTrace Verbose: 0 : 43348, 13, 2023/06/14, 14:38:17.146, 25796034253562, vstest.console.dll, TcpClientExtensions.MessageLoopAsync: NotifyDataAvailable remoteEndPoint: 127.0.0.1:55630 localEndPoint: 127.0.0.1:55629
TpTrace Verbose: 0 : 43348, 13, 2023/06/14, 14:38:17.146, 25796034255111, vstest.console.dll, TestRequestSender.OnExecutionMessageReceived: Received message: {"Version":5,"MessageType":"TestExecution.StatsChange","Payload":{"NewTestResults":[{"TestCase":{"Id":"4e28007d-efe2-7f93-64ca-e25a798eb54e","FullyQualifiedName":"Calculator.API.Tests.CalculatorControllerTests.MultiplyCalculationTests(10.25d,5.45d,55.8625d)","DisplayName":"MultiplyCalculationTests(10.25d,5.45d,55.8625d)","ExecutorUri":"executor://NUnit3TestExecutor","Source":"C:\\Users\\gbhat\\source\\repos\\Calculator\\Calculator.API.Tests\\bin\\Debug\\net6.0\\fine-code-coverage\\build-output\\Calculator.API.Tests.dll","CodeFilePath":null,"LineNumber":0,"Properties":[{"Key":{"Id":"NUnit.Seed","Label":"Seed","Category":"","Description":"","Attributes":0,"ValueType":"System.String"},"Value":"1348218226"}]},"Attachments":[],"Outcome":1,"ErrorMessage":null,"ErrorStackTrace":null,"DisplayName":"MultiplyCalculationTests(10.25d,5.45d,55.8625d)","Messages":[],"ComputerName":"14169-BT","Duration":"00:00:00.0000390","StartTime":"2023-06-14T02:38:17.0423204+00:00","EndTime":"2023-06-14T02:38:17.0423597+00:00","Properties":[{"Key":{"Id":"NUnit.Seed","Label":"Seed","Category":"","Description":"","Attributes":0,"ValueType":"System.String"},"Value":"1348218226"}]},{"TestCase":{"Id":"a7ef14f8-781d-0230-9b41-86c595a169bd","FullyQualifiedName":"Calculator.API.Tests.CalculatorControllerTests.MultiplyCalculationTests(0.0d,0.0d,0)","DisplayName":"MultiplyCalculationTests(0.0d,0.0d,0)","ExecutorUri":"executor://NUnit3TestExecutor","Source":"C:\\Users\\gbhat\\source\\repos\\Calculator\\Calculator.API.Tests\\bin\\Debug\\net6.0\\fine-code-coverage\\build-output\\Calculator.API.Tests.dll","CodeFilePath":null,"LineNumber":0,"Properties":[{"Key":{"Id":"NUnit.Seed","Label":"Seed","Category":"","Description":"","Attributes":0,"ValueType":"System.String"},"Value":"508187040"}]},"Attachments":[],"Outcome":1,"ErrorMessage":null,"ErrorStackTrace":null,"DisplayName":"MultiplyCalculationTests(0.0d,0.0d,0)","Messages":[],"ComputerName":"14169-BT","Duration":"00:00:00.0000370","StartTime":"2023-06-14T02:38:17.0423635+00:00","EndTime":"2023-06-14T02:38:17.0424005+00:00","Properties":[{"Key":{"Id":"NUnit.Seed","Label":"Seed","Category":"","Description":"","Attributes":0,"ValueType":"System.String"},"Value":"508187040"}]},{"TestCase":{"Id":"25d0efb6-c11f-0c74-c947-144a189ff386","FullyQualifiedName":"Calculator.API.Tests.CalculatorControllerTests.SubtractCalculationTests(10,5,5)","DisplayName":"SubtractCalculationTests(10,5,5)","ExecutorUri":"executor://NUnit3TestExecutor","Source":"C:\\Users\\gbhat\\source\\repos\\Calculator\\Calculator.API.Tests\\bin\\Debug\\net6.0\\fine-code-coverage\\build-output\\Calculator.API.Tests.dll","CodeFilePath":null,"LineNumber":0,"Properties":[{"Key":{"Id":"NUnit.Seed","Label":"Seed","Category":"","Description":"","Attributes":0,"ValueType":"System.String"},"Value":"589430809"}]},"Attachments":[],"Outcome":1,"ErrorMessage":null,"ErrorStackTrace":null,"DisplayName":"SubtractCalculationTests(10,5,5)","Messages":[],"ComputerName":"14169-BT","Duration":"00:00:00.0003060","StartTime":"2023-06-14T02:38:17.0424176+00:00","EndTime":"2023-06-14T02:38:17.0427232+00:00","Properties":[{"Key":{"Id":"NUnit.Seed","Label":"Seed","Category":"","Description":"","Attributes":0,"ValueType":"System.String"},"Value":"589430809"}]},{"TestCase":{"Id":"89cfd7eb-be05-8e9c-53a7-6a2766ab11ca","FullyQualifiedName":"Calculator.API.Tests.CalculatorControllerTests.SubtractCalculationTests(0,0,0)","DisplayName":"SubtractCalculationTests(0,0,0)","ExecutorUri":"executor://NUnit3TestExecutor","Source":"C:\\Users\\gbhat\\source\\repos\\Calculator\\Calculator.API.Tests\\bin\\Debug\\net6.0\\fine-code-coverage\\build-output\\Calculator.API.Tests.dll","CodeFilePath":null,"LineNumber":0,"Properties":[{"Key":{"Id":"NUnit.Seed","Label":"Seed","Category":"","Description":"","Attributes":0,"ValueType":"System.String"},"Value":"889995800"}]},"Attachments":[],"Outcome":1,"ErrorMessage":null,"ErrorStackTrace":null,"DisplayName":"SubtractCalculationTests(0,0,0)","Messages":[],"ComputerName":"14169-BT","Duration":"00:00:00.0000480","StartTime":"2023-06-14T02:38:17.0427296+00:00","EndTime":"2023-06-14T02:38:17.0427775+00:00","Properties":[{"Key":{"Id":"NUnit.Seed","Label":"Seed","Category":"","Description":"","Attributes":0,"ValueType":"System.String"},"Value":"889995800"}]},{"TestCase":{"Id":"5933ca30-6f02-22d9-fe4b-982218cbfd91","FullyQualifiedName":"Calculator.API.Tests.CalculatorControllerTests.SubtractCalculationTests(0,5,-5)","DisplayName":"SubtractCalculationTests(0,5,-5)","ExecutorUri":"executor://NUnit3TestExecutor","Source":"C:\\Users\\gbhat\\source\\repos\\Calculator\\Calculator.API.Tests\\bin\\Debug\\net6.0\\fine-code-coverage\\build-output\\Calculator.API.Tests.dll","CodeFilePath":null,"LineNumber":0,"Properties":[{"Key":{"Id":"NUnit.Seed","Label":"Seed","Category":"","Description":"","Attributes":0,"ValueType":"System.String"},"Value":"823291032"}]},"Attachments":[],"Outcome":1,"ErrorMessage":null,"ErrorStackTrace":null,"DisplayName":"SubtractCalculationTests(0,5,-5)","Messages":[],"ComputerName":"14169-BT","Duration":"00:00:00.0000470","StartTime":"2023-06-14T02:38:17.042782+00:00","EndTime":"2023-06-14T02:38:17.0428291+00:00","Properties":[{"Key":{"Id":"NUnit.Seed","Label":"Seed","Category":"","Description":"","Attributes":0,"ValueType":"System.String"},"Value":"823291032"}]},{"TestCase":{"Id":"f3ff9510-b85a-8ae7-0d22-65f37fe25678","FullyQualifiedName":"Calculator.API.Tests.CalculatorControllerTests.SubtractCalculationTests(5,0,5)","DisplayName":"SubtractCalculationTests(5,0,5)","ExecutorUri":"executor://NUnit3TestExecutor","Source":"C:\\Users\\gbhat\\source\\repos\\Calculator\\Calculator.API.Tests\\bin\\Debug\\net6.0\\fine-code-coverage\\build-output\\Calculator.API.Tests.dll","CodeFilePath":null,"LineNumber":0,"Properties":[{"Key":{"Id":"NUnit.Seed","Label":"Seed","Category":"","Description":"","Attributes":0,"ValueType":"System.String"},"Value":"638597554"}]},"Attachments":[],"Outcome":1,"ErrorMessage":null,"ErrorStackTrace":null,"DisplayName":"SubtractCalculationTests(5,0,5)","Messages":[],"ComputerName":"14169-BT","Duration":"00:00:00.0000370","StartTime":"2023-06-14T02:38:17.0428332+00:00","EndTime":"2023-06-14T02:38:17.0428707+00:00","Properties":[{"Key":{"Id":"NUnit.Seed","Label":"Seed","Category":"","Description":"","Attributes":0,"ValueType":"System.String"},"Value":"638597554"}]},{"TestCase":{"Id":"3cb3c7d1-ee41-0af1-54f4-a86e92fd2427","FullyQualifiedName":"Calculator.API.Tests.CalculatorControllerTests.SubtractCalculationTests(-15,5,-20)","DisplayName":"SubtractCalculationTests(-15,5,-20)","ExecutorUri":"executor://NUnit3TestExecutor","Source":"C:\\Users\\gbhat\\source\\repos\\Calculator\\Calculator.API.Tests\\bin\\Debug\\net6.0\\fine-code-coverage\\build-output\\Calculator.API.Tests.dll","CodeFilePath":null,"LineNumber":0,"Properties":[{"Key":{"Id":"NUnit.Seed","Label":"Seed","Category":"","Description":"","Attributes":0,"ValueType":"System.String"},"Value":"963036817"}]},"Attachments":[],"Outcome":1,"ErrorMessage":null,"ErrorStackTrace":null,"DisplayName":"SubtractCalculationTests(-15,5,-20)","Messages":[],"ComputerName":"14169-BT","Duration":"00:00:00.0000380","StartTime":"2023-06-14T02:38:17.0428746+00:00","EndTime":"2023-06-14T02:38:17.0429125+00:00","Properties":[{"Key":{"Id":"NUnit.Seed","Label":"Seed","Category":"","Description":"","Attributes":0,"ValueType":"System.String"},"Value":"963036817"}]},{"TestCase":{"Id":"8f25c525-9a83-1ae2-1d85-97a21de28c48","FullyQualifiedName":"Calculator.API.Tests.CalculatorControllerTests.SubtractCalculationTests(10.25d,5.45d,4.8d)","DisplayName":"SubtractCalculationTests(10.25d,5.45d,4.8d)","ExecutorUri":"executor://NUnit3TestExecutor","Source":"C:\\Users\\gbhat\\source\\repos\\Calculator\\Calculator.API.Tests\\bin\\Debug\\net6.0\\fine-code-coverage\\build-output\\Calculator.API.Tests.dll","CodeFilePath":null,"LineNumber":0,"Properties":[{"Key":{"Id":"NUnit.Seed","Label":"Seed","Category":"","Description":"","Attributes":0,"ValueType":"System.String"},"Value":"1870079553"}]},"Attachments":[],"Outcome":1,"ErrorMessage":null,"ErrorStackTrace":null,"DisplayName":"SubtractCalculationTests(10.25d,5.45d,4.8d)","Messages":[],"ComputerName":"14169-BT","Duration":"00:00:00.0000420","StartTime":"2023-06-14T02:38:17.0429165+00:00","EndTime":"2023-06-14T02:38:17.0429584+00:00","Properties":[{"Key":{"Id":"NUnit.Seed","Label":"Seed","Category":"","Description":"","Attributes":0,"ValueType":"System.String"},"Value":"1870079553"}]},{"TestCase":{"Id":"0817621b-bc16-bf38-1cfd-f961c9a65d20","FullyQualifiedName":"Calculator.API.Tests.CalculatorControllerTests.SubtractCalculationTests(0.0d,0.0d,0)","DisplayName":"SubtractCalculationTests(0.0d,0.0d,0)","ExecutorUri":"executor://NUnit3TestExecutor","Source":"C:\\Users\\gbhat\\source\\repos\\Calculator\\Calculator.API.Tests\\bin\\Debug\\net6.0\\fine-code-coverage\\build-output\\Calculator.API.Tests.dll","CodeFilePath":null,"LineNumber":0,"Properties":[{"Key":{"Id":"NUnit.Seed","Label":"Seed","Category":"","Description":"","Attributes":0,"ValueType":"System.String"},"Value":"657252"}]},"Attachments":[],"Outcome":1,"ErrorMessage":null,"ErrorStackTrace":null,"DisplayName":"SubtractCalculationTests(0.0d,0.0d,0)","Messages":[],"ComputerName":"14169-BT","Duration":"00:00:00.0000450","StartTime":"2023-06-14T02:38:17.0429622+00:00","EndTime":"2023-06-14T02:38:17.0430075+00:00","Properties":[{"Key":{"Id":"NUnit.Seed","Label":"Seed","Category":"","Description":"","Attributes":0,"ValueType":"System.String"},"Value":"657252"}]}],"TestRunStatistics":{"ExecutedTests":36,"Stats":{"Passed":36}},"ActiveTests":[{"Id":"c8ac1095-0bf6-d92a-6f3c-8c89631e6ebd","FullyQualifiedName":"Calculator.API.Tests.CalculatorControllerTests.WhenOverflowDataTypeTests(decimal.MinValue,decimal.MinValue,'+')","DisplayName":"WhenOverflowDataTypeTests(decimal.MinValue,decimal.MinValue,'+')","ExecutorUri":"executor://NUnit3TestExecutor","Source":"C:\\Users\\gbhat\\source\\repos\\Calculator\\Calculator.API.Tests\\bin\\Debug\\net6.0\\fine-code-coverage\\build-output\\Calculator.API.Tests.dll","CodeFilePath":null,"LineNumber":0,"Properties":[{"Key":{"Id":"NUnit.Seed","Label":"Seed","Category":"","Description":"","Attributes":0,"ValueType":"System.String"},"Value":"369452420"}]}]}}
TpTrace Verbose: 0 : 43348, 13, 2023/06/14, 14:38:17.147, 25796034261380, vstest.console.dll, TestRunRequest:SendTestRunStatsChange: Starting.
TpTrace Verbose: 0 : 43348, 13, 2023/06/14, 14:38:17.147, 25796034261682, vstest.console.dll, InProgress is WhenOverflowDataTypeTests(decimal.MinValue,decimal.MinValue,'+')
TpTrace Verbose: 0 : 43348, 13, 2023/06/14, 14:38:17.147, 25796034261956, vstest.console.dll, MulticastDelegateUtilities.SafeInvoke: TestRun.RunStatsChanged: Invoking callbacks was skipped because there are no subscribers.
TpTrace Information: 0 : 43348, 13, 2023/06/14, 14:38:17.147, 25796034262096, vstest.console.dll, TestRunRequest:SendTestRunStatsChange: Completed.
TpTrace Verbose: 0 : 43348, 13, 2023/06/14, 14:38:17.147, 25796034262250, vstest.console.dll, MulticastDelegateUtilities.SafeInvoke: LengthPrefixCommunicationChannel: MessageReceived: Invoking callback 1/1 for Microsoft.VisualStudio.TestPlatform.CommunicationUtilities.TestRequestSender+<>c__DisplayClass34_0., took 0 ms.
TpTrace Verbose: 0 : 43348, 13, 2023/06/14, 14:38:17.147, 25796034262410, vstest.console.dll, TcpClientExtensions.MessageLoopAsync: Polling on remoteEndPoint: 127.0.0.1:55630 localEndPoint: 127.0.0.1:55629
TpTrace Verbose: 0 : 43348, 4, 2023/06/14, 14:38:17.147, 25796034262569, vstest.console.dll, MulticastDelegateUtilities.SafeInvoke: InternalTestLoggerEvents.SendTestResult: Invoking callback 1/1 for Microsoft.VisualStudio.TestPlatform.CommandLine.Internal.ConsoleLogger., took 0 ms.
TpTrace Verbose: 0 : 43348, 4, 2023/06/14, 14:38:17.147, 25796034264048, vstest.console.dll, MulticastDelegateUtilities.SafeInvoke: InternalTestLoggerEvents.SendTestResult: Invoking callback 1/1 for Microsoft.VisualStudio.TestPlatform.CommandLine.Internal.ConsoleLogger., took 0 ms.
TpTrace Verbose: 0 : 43348, 4, 2023/06/14, 14:38:17.147, 25796034264384, vstest.console.dll, MulticastDelegateUtilities.SafeInvoke: InternalTestLoggerEvents.SendTestResult: Invoking callback 1/1 for Microsoft.VisualStudio.TestPlatform.CommandLine.Internal.ConsoleLogger., took 0 ms.
TpTrace Verbose: 0 : 43348, 4, 2023/06/14, 14:38:17.147, 25796034264569, vstest.console.dll, MulticastDelegateUtilities.SafeInvoke: InternalTestLoggerEvents.SendTestResult: Invoking callback 1/1 for Microsoft.VisualStudio.TestPlatform.CommandLine.Internal.ConsoleLogger., took 0 ms.
TpTrace Verbose: 0 : 43348, 4, 2023/06/14, 14:38:17.147, 25796034264891, vstest.console.dll, MulticastDelegateUtilities.SafeInvoke: InternalTestLoggerEvents.SendTestResult: Invoking callback 1/1 for Microsoft.VisualStudio.TestPlatform.CommandLine.Internal.ConsoleLogger., took 0 ms.
TpTrace Verbose: 0 : 43348, 4, 2023/06/14, 14:38:17.147, 25796034265101, vstest.console.dll, MulticastDelegateUtilities.SafeInvoke: InternalTestLoggerEvents.SendTestResult: Invoking callback 1/1 for Microsoft.VisualStudio.TestPlatform.CommandLine.Internal.ConsoleLogger., took 0 ms.
TpTrace Verbose: 0 : 43348, 4, 2023/06/14, 14:38:17.147, 25796034265313, vstest.console.dll, MulticastDelegateUtilities.SafeInvoke: InternalTestLoggerEvents.SendTestResult: Invoking callback 1/1 for Microsoft.VisualStudio.TestPlatform.CommandLine.Internal.ConsoleLogger., took 0 ms.
TpTrace Verbose: 0 : 43348, 4, 2023/06/14, 14:38:17.147, 25796034265490, vstest.console.dll, MulticastDelegateUtilities.SafeInvoke: InternalTestLoggerEvents.SendTestResult: Invoking callback 1/1 for Microsoft.VisualStudio.TestPlatform.CommandLine.Internal.ConsoleLogger., took 0 ms.
TpTrace Verbose: 0 : 43348, 4, 2023/06/14, 14:38:17.147, 25796034266074, vstest.console.dll, MulticastDelegateUtilities.SafeInvoke: InternalTestLoggerEvents.SendTestResult: Invoking callback 1/1 for Microsoft.VisualStudio.TestPlatform.CommandLine.Internal.ConsoleLogger., took 0 ms.
TpTrace Verbose: 0 : 43348, 13, 2023/06/14, 14:38:17.153, 25796034318020, vstest.console.dll, TcpClientExtensions.MessageLoopAsync: NotifyDataAvailable remoteEndPoint: 127.0.0.1:55630 localEndPoint: 127.0.0.1:55629
TpTrace Verbose: 0 : 43348, 13, 2023/06/14, 14:38:17.153, 25796034318742, vstest.console.dll, TestRequestSender.OnExecutionMessageReceived: Received message: {"Version":5,"MessageType":"TestSession.Message","Payload":{"MessageLevel":0,"Message":"NUnit Adapter 4.2.0.0: Test execution complete"}}
TpTrace Verbose: 0 : 43348, 13, 2023/06/14, 14:38:17.153, 25796034319437, vstest.console.dll, TestRunRequest:SendTestRunMessage: Starting.
TpTrace Verbose: 0 : 43348, 13, 2023/06/14, 14:38:17.153, 25796034319780, vstest.console.dll, MulticastDelegateUtilities.SafeInvoke: TestRun.LogMessages: Invoking callback 1/1 for Microsoft.VisualStudio.TestPlatform.CommandLine.TestRunResultAggregator., took 0 ms.
TpTrace Information: 0 : 43348, 13, 2023/06/14, 14:38:17.153, 25796034320054, vstest.console.dll, TestRunRequest:SendTestRunMessage: Completed.
TpTrace Verbose: 0 : 43348, 13, 2023/06/14, 14:38:17.153, 25796034320195, vstest.console.dll, MulticastDelegateUtilities.SafeInvoke: LengthPrefixCommunicationChannel: MessageReceived: Invoking callback 1/1 for Microsoft.VisualStudio.TestPlatform.CommunicationUtilities.TestRequestSender+<>c__DisplayClass34_0., took 0 ms.
TpTrace Verbose: 0 : 43348, 13, 2023/06/14, 14:38:17.153, 25796034320340, vstest.console.dll, TcpClientExtensions.MessageLoopAsync: Polling on remoteEndPoint: 127.0.0.1:55630 localEndPoint: 127.0.0.1:55629
TpTrace Verbose: 0 : 43348, 4, 2023/06/14, 14:38:17.153, 25796034320691, vstest.console.dll, MulticastDelegateUtilities.SafeInvoke: InternalTestLoggerEvents.SendTestRunMessage: Invoking callback 1/1 for Microsoft.VisualStudio.TestPlatform.CommandLine.Internal.ConsoleLogger., took 0 ms.
TpTrace Verbose: 0 : 43348, 13, 2023/06/14, 14:38:17.163, 25796034419723, vstest.console.dll, TcpClientExtensions.MessageLoopAsync: NotifyDataAvailable remoteEndPoint: 127.0.0.1:55630 localEndPoint: 127.0.0.1:55629
TpTrace Verbose: 0 : 43348, 13, 2023/06/14, 14:38:17.163, 25796034421074, vstest.console.dll, TestRequestSender.OnExecutionMessageReceived: Received message: {"Version":5,"MessageType":"TestExecution.Completed","Payload":{"TestRunCompleteArgs":{"TestRunStatistics":{"ExecutedTests":38,"Stats":{"Passed":38}},"IsCanceled":false,"IsAborted":false,"Error":null,"AttachmentSets":[],"ElapsedTimeInRunningTests":"00:00:00.3597836","Metrics":{}},"LastRunTests":{"NewTestResults":[{"TestCase":{"Id":"c8ac1095-0bf6-d92a-6f3c-8c89631e6ebd","FullyQualifiedName":"Calculator.API.Tests.CalculatorControllerTests.WhenOverflowDataTypeTests(decimal.MinValue,decimal.MinValue,'+')","DisplayName":"WhenOverflowDataTypeTests(decimal.MinValue,decimal.MinValue,'+')","ExecutorUri":"executor://NUnit3TestExecutor","Source":"C:\\Users\\gbhat\\source\\repos\\Calculator\\Calculator.API.Tests\\bin\\Debug\\net6.0\\fine-code-coverage\\build-output\\Calculator.API.Tests.dll","CodeFilePath":null,"LineNumber":0,"Properties":[{"Key":{"Id":"NUnit.Seed","Label":"Seed","Category":"","Description":"","Attributes":0,"ValueType":"System.String"},"Value":"369452420"}]},"Attachments":[],"Outcome":1,"ErrorMessage":null,"ErrorStackTrace":null,"DisplayName":"WhenOverflowDataTypeTests(decimal.MinValue,decimal.MinValue,'+')","Messages":[],"ComputerName":"14169-BT","Duration":"00:00:00.0007249","StartTime":"2023-06-14T02:38:17.0430246+00:00","EndTime":"2023-06-14T02:38:17.0437498+00:00","Properties":[{"Key":{"Id":"NUnit.Seed","Label":"Seed","Category":"","Description":"","Attributes":0,"ValueType":"System.String"},"Value":"369452420"}]},{"TestCase":{"Id":"c01d663b-93d7-cbbf-a091-dbeee1926648","FullyQualifiedName":"Calculator.API.Tests.CalculatorControllerTests.WhenOverflowDataTypeTests(decimal.MaxValue,decimal.MaxValue,'+')","DisplayName":"WhenOverflowDataTypeTests(decimal.MaxValue,decimal.MaxValue,'+')","ExecutorUri":"executor://NUnit3TestExecutor","Source":"C:\\Users\\gbhat\\source\\repos\\Calculator\\Calculator.API.Tests\\bin\\Debug\\net6.0\\fine-code-coverage\\build-output\\Calculator.API.Tests.dll","CodeFilePath":null,"LineNumber":0,"Properties":[{"Key":{"Id":"NUnit.Seed","Label":"Seed","Category":"","Description":"","Attributes":0,"ValueType":"System.String"},"Value":"348982902"}]},"Attachments":[],"Outcome":1,"ErrorMessage":null,"ErrorStackTrace":null,"DisplayName":"WhenOverflowDataTypeTests(decimal.MaxValue,decimal.MaxValue,'+')","Messages":[],"ComputerName":"14169-BT","Duration":"00:00:00.0000940","StartTime":"2023-06-14T02:38:17.0437586+00:00","EndTime":"2023-06-14T02:38:17.043852+00:00","Properties":[{"Key":{"Id":"NUnit.Seed","Label":"Seed","Category":"","Description":"","Attributes":0,"ValueType":"System.String"},"Value":"348982902"}]}],"TestRunStatistics":{"ExecutedTests":38,"Stats":{"Passed":38}},"ActiveTests":[]},"RunAttachments":[],"ExecutorUris":["executor://nunit3testexecutor/"]}}
TpTrace Verbose: 0 : 43348, 13, 2023/06/14, 14:38:17.163, 25796034421681, vstest.console.dll, TestRequestSender.EndSession: Sending end session.
TpTrace Verbose: 0 : 43348, 13, 2023/06/14, 14:38:17.163, 25796034423129, vstest.console.dll, ProxyOperationManager.Close: waiting for test host to exit for 100 ms
TpTrace Warning: 0 : 43348, 11, 2023/06/14, 14:38:17.189, 25796034678591, vstest.console.dll, TestHostManagerCallbacks.ErrorReceivedCallback Test host standard error line: 
TpTrace Verbose: 0 : 43348, 11, 2023/06/14, 14:38:17.194, 25796034735908, vstest.console.dll, TestHostProvider.ExitCallBack: Host exited starting callback.
TpTrace Information: 0 : 43348, 11, 2023/06/14, 14:38:17.194, 25796034737235, vstest.console.dll, TestHostManagerCallbacks.ExitCallBack: Testhost processId: 52292 exited with exitcode: 0 error: ''
TpTrace Verbose: 0 : 43348, 11, 2023/06/14, 14:38:17.195, 25796034737452, vstest.console.dll, DotnetTestHostManager.OnHostExited: invoking OnHostExited callback
TpTrace Verbose: 0 : 43348, 11, 2023/06/14, 14:38:17.195, 25796034737752, vstest.console.dll, CrossPlatEngine.TestHostManagerHostExited: calling on client process exit callback.
TpTrace Information: 0 : 43348, 11, 2023/06/14, 14:38:17.195, 25796034738015, vstest.console.dll, TestRequestSender.OnClientProcessExit: Test host process exited. Standard error: 
TpTrace Information: 0 : 43348, 11, 2023/06/14, 14:38:17.195, 25796034738209, vstest.console.dll, SocketServer.Stop: Stop server endPoint: 127.0.0.1:55629
TpTrace Information: 0 : 43348, 11, 2023/06/14, 14:38:17.195, 25796034738338, vstest.console.dll, SocketServer.Stop: Cancellation requested. Stopping message loop.
TpTrace Verbose: 0 : 43348, 11, 2023/06/14, 14:38:17.195, 25796034738906, vstest.console.dll, MulticastDelegateUtilities.SafeInvoke: HostProviderEvents.OnHostExited: Invoking callback 1/1 for Microsoft.VisualStudio.TestPlatform.CrossPlatEngine.Client.ProxyOperationManager., took 0 ms.
TpTrace Information: 0 : 43348, 13, 2023/06/14, 14:38:17.195, 25796034739595, vstest.console.dll, SocketServer.Stop: Stop server endPoint: 127.0.0.1:55629
TpTrace Information: 0 : 43348, 13, 2023/06/14, 14:38:17.195, 25796034739959, vstest.console.dll, SocketServer.Stop: Cancellation requested. Stopping message loop.
TpTrace Information: 0 : 43348, 13, 2023/06/14, 14:38:17.195, 25796034740192, vstest.console.dll, Closing the connection
TpTrace Verbose: 0 : 43348, 13, 2023/06/14, 14:38:17.195, 25796034741516, vstest.console.dll, ProxyDataCollectionManager.InvokeDataCollectionServiceAction: Starting.
TpTrace Information: 0 : 43348, 13, 2023/06/14, 14:38:17.195, 25796034741741, vstest.console.dll, ProxyDataCollectionManager.AfterTestRunEnd: Get attachment set and invoked data collectors processId: 60212 port: 55625
TpTrace Verbose: 0 : 43348, 13, 2023/06/14, 14:38:17.195, 25796034742003, vstest.console.dll, DataCollectionRequestSender.SendAfterTestRunStartAndGetResult: Send AfterTestRunEnd message with isCancelled: False
TpTrace Verbose: 0 : 43348, 13, 2023/06/14, 14:38:17.200, 25796034796706, vstest.console.dll, DataCollectionRequestSender.SendAfterTestRunStartAndGetResult: Received message: (DataCollection.AfterTestRunEndResult) -> {"MessageType":"DataCollection.AfterTestRunEndResult","Payload":{"AttachmentSets":[],"InvokedDataCollectors":[{"Uri":"datacollector://Microsoft/TestPlatform/Extensions/Blame/v1","FriendlyName":"Blame","AssemblyQualifiedName":"Microsoft.TestPlatform.Extensions.BlameDataCollector.BlameCollector, Microsoft.TestPlatform.Extensions.BlameDataCollector, Version=15.0.0.0, Culture=neutral, PublicKeyToken=b03f5f7f11d50a3a","FilePath":"C:\\Program Files\\dotnet\\sdk\\7.0.202\\Extensions\\Microsoft.TestPlatform.Extensions.BlameDataCollector.dll","HasAttachmentProcessor":false}],"Metrics":{}}}
TpTrace Information: 0 : 43348, 13, 2023/06/14, 14:38:17.204, 25796034836285, vstest.console.dll, ProxyDataCollectionManager.InvokeDataCollectionServiceAction: Completed.
TpTrace Warning: 0 : 43348, 9, 2023/06/14, 14:38:17.219, 25796034977801, vstest.console.dll, DataCollectionLauncher.ErrorReceivedCallback datacollector standard error line: 
TpTrace Information: 0 : 43348, 9, 2023/06/14, 14:38:17.226, 25796035049026, vstest.console.dll, DataCollectionLauncher.ExitCallBack: Data collector exited with exitcode: 0 error: ''
TpTrace Verbose: 0 : 43348, 13, 2023/06/14, 14:38:17.233, 25796035124148, vstest.console.dll, TestRunRequest:SendTestRunStatsChange: Starting.
TpTrace Verbose: 0 : 43348, 13, 2023/06/14, 14:38:17.233, 25796035125431, vstest.console.dll, MulticastDelegateUtilities.SafeInvoke: TestRun.RunStatsChanged: Invoking callbacks was skipped because there are no subscribers.
TpTrace Information: 0 : 43348, 13, 2023/06/14, 14:38:17.233, 25796035125696, vstest.console.dll, TestRunRequest:SendTestRunStatsChange: Completed.
TpTrace Verbose: 0 : 43348, 4, 2023/06/14, 14:38:17.233, 25796035126496, vstest.console.dll, MulticastDelegateUtilities.SafeInvoke: InternalTestLoggerEvents.SendTestResult: Invoking callback 1/1 for Microsoft.VisualStudio.TestPlatform.CommandLine.Internal.ConsoleLogger., took 0 ms.
TpTrace Verbose: 0 : 43348, 4, 2023/06/14, 14:38:17.233, 25796035127223, vstest.console.dll, MulticastDelegateUtilities.SafeInvoke: InternalTestLoggerEvents.SendTestResult: Invoking callback 1/1 for Microsoft.VisualStudio.TestPlatform.CommandLine.Internal.ConsoleLogger., took 0 ms.
TpTrace Verbose: 0 : 43348, 13, 2023/06/14, 14:38:17.234, 25796035129018, vstest.console.dll, ParallelProxyExecutionManager: HandlePartialRunComplete: Total completed clients = 1, Run complete = True, Run canceled: False.
TpTrace Verbose: 0 : 43348, 4, 2023/06/14, 14:38:17.246, 25796035249923, vstest.console.dll, MulticastDelegateUtilities.SafeInvoke: InternalTestLoggerEvents.SendTestRunComplete: Invoking callback 1/2 for Microsoft.TestPlatform.Extensions.BlameDataCollector.BlameLogger., took 0 ms.
TpTrace Verbose: 0 : 43348, 4, 2023/06/14, 14:38:17.250, 25796035294118, vstest.console.dll, MulticastDelegateUtilities.SafeInvoke: InternalTestLoggerEvents.SendTestRunComplete: Invoking callback 2/2 for Microsoft.VisualStudio.TestPlatform.CommandLine.Internal.ConsoleLogger., took 4 ms.
TpTrace Verbose: 0 : 43348, 13, 2023/06/14, 14:38:17.250, 25796035297079, vstest.console.dll, TestRunRequest:TestRunComplete: Starting. IsAborted:False IsCanceled:False.
TpTrace Verbose: 0 : 43348, 13, 2023/06/14, 14:38:17.251, 25796035305628, vstest.console.dll, TestLoggerManager.HandleTestRunComplete: Ignoring as the object is disposed.
TpTrace Verbose: 0 : 43348, 13, 2023/06/14, 14:38:17.251, 25796035307122, vstest.console.dll, MulticastDelegateUtilities.SafeInvoke: TestRun.TestRunComplete: Invoking callback 1/2 for Microsoft.VisualStudio.TestPlatform.CommandLine.TestRunResultAggregator., took 0 ms.
TpTrace Verbose: 0 : 43348, 13, 2023/06/14, 14:38:17.252, 25796035308070, vstest.console.dll, MulticastDelegateUtilities.SafeInvoke: TestRun.TestRunComplete: Invoking callback 2/2 for Microsoft.VisualStudio.TestPlatform.CommandLine.Processors.RunTestsArgumentExecutor+TestRunRequestEventsRegistrar., took 0 ms.
TpTrace Information: 0 : 43348, 13, 2023/06/14, 14:38:17.252, 25796035308793, vstest.console.dll, TestRunRequest:TestRunComplete: Completed.
TpTrace Verbose: 0 : 43348, 13, 2023/06/14, 14:38:17.252, 25796035309007, vstest.console.dll, TestRequestSender.SetOperationComplete: Setting operation complete.
TpTrace Information: 0 : 43348, 13, 2023/06/14, 14:38:17.252, 25796035309162, vstest.console.dll, SocketServer.Stop: Stop server endPoint: 127.0.0.1:55629
TpTrace Information: 0 : 43348, 13, 2023/06/14, 14:38:17.252, 25796035309288, vstest.console.dll, SocketServer.Stop: Cancellation requested. Stopping message loop.
TpTrace Verbose: 0 : 43348, 13, 2023/06/14, 14:38:17.252, 25796035309435, vstest.console.dll, MulticastDelegateUtilities.SafeInvoke: LengthPrefixCommunicationChannel: MessageReceived: Invoking callback 1/1 for Microsoft.VisualStudio.TestPlatform.CommunicationUtilities.TestRequestSender+<>c__DisplayClass34_0., took 88 ms.
TpTrace Information: 0 : 43348, 13, 2023/06/14, 14:38:17.252, 25796035309639, vstest.console.dll, SocketServer.PrivateStop: Stopping server endPoint: 127.0.0.1:55629 error: 
TpTrace Verbose: 0 : 43348, 1, 2023/06/14, 14:38:17.252, 25796035310040, vstest.console.dll, TestRunRequest.Dispose: Starting.
TpTrace Information: 0 : 43348, 1, 2023/06/14, 14:38:17.252, 25796035310568, vstest.console.dll, TestRunRequest.Dispose: Completed.
TpTrace Information: 0 : 43348, 1, 2023/06/14, 14:38:17.252, 25796035310806, vstest.console.dll, TestRequestManager.RunTests: run tests completed.
TpTrace Information: 0 : 43348, 1, 2023/06/14, 14:38:17.252, 25796035311424, vstest.console.dll, RunTestsArgumentProcessor:Execute: Test run is completed.
TpTrace Verbose: 0 : 43348, 13, 2023/06/14, 14:38:17.252, 25796035312679, vstest.console.dll, LengthPrefixCommunicationChannel.Dispose: Dispose reader and writer.
TpTrace Verbose: 0 : 43348, 1, 2023/06/14, 14:38:17.252, 25796035312819, vstest.console.dll, Executor.Execute: Exiting with exit code of 0
TpTrace Information: 0 : 43348, 13, 2023/06/14, 14:38:17.252, 25796035313287, vstest.console.dll, SocketServer.Stop: Raise disconnected event endPoint: 127.0.0.1:55629 error: 
TpTrace Verbose: 0 : 43348, 13, 2023/06/14, 14:38:17.252, 25796035313895, vstest.console.dll, TestRequestSender: OnTestRunAbort: Operation is already complete. Skip error message.
TpTrace Verbose: 0 : 43348, 13, 2023/06/14, 14:38:17.252, 25796035314107, vstest.console.dll, MulticastDelegateUtilities.SafeInvoke: SocketServer: ClientDisconnected: Invoking callback 1/1 for Microsoft.VisualStudio.TestPlatform.CommunicationUtilities.TestRequestSender., took 0 ms.
TpTrace Verbose: 0 : 43348, 13, 2023/06/14, 14:38:17.252, 25796035314259, vstest.console.dll, TcpClientExtensions.MessageLoopAsync: exiting MessageLoopAsync remoteEndPoint: 127.0.0.1:55630 localEndPoint: 127.0.0.1:55629
